[1669352400] LOG ROTATION: DAILY
[1669352400] LOG VERSION: 2.0
[1669352400] livestatus: TIMEPERIOD TRANSITION: 24X7;1;1
[1669352427] livestatus: Timeperiod cache not updated, there are no timeperiods (yet)
[1669352487] livestatus: Timeperiod cache not updated, there are no timeperiods (yet)
[1669352547] livestatus: Timeperiod cache not updated, there are no timeperiods (yet)
[1669352608] livestatus: Timeperiod cache not updated, there are no timeperiods (yet)
[1669352668] livestatus: Timeperiod cache not updated, there are no timeperiods (yet)
[1669352728] livestatus: Timeperiod cache not updated, there are no timeperiods (yet)
[1669352788] livestatus: Timeperiod cache not updated, there are no timeperiods (yet)
[1669352848] livestatus: Timeperiod cache not updated, there are no timeperiods (yet)
[1669352908] livestatus: Timeperiod cache not updated, there are no timeperiods (yet)
[1669352950] Auto-save of retention data completed successfully.
[1669352968] livestatus: Timeperiod cache not updated, there are no timeperiods (yet)
[1669353028] livestatus: Timeperiod cache not updated, there are no timeperiods (yet)
[1669353088] livestatus: Timeperiod cache not updated, there are no timeperiods (yet)
[1669353148] livestatus: Timeperiod cache not updated, there are no timeperiods (yet)
[1669353208] livestatus: Timeperiod cache not updated, there are no timeperiods (yet)
[1669353269] livestatus: Timeperiod cache not updated, there are no timeperiods (yet)
[1669353329] livestatus: Timeperiod cache not updated, there are no timeperiods (yet)
[1669353389] livestatus: Timeperiod cache not updated, there are no timeperiods (yet)
[1669353449] livestatus: Timeperiod cache not updated, there are no timeperiods (yet)
[1669353509] livestatus: Timeperiod cache not updated, there are no timeperiods (yet)
[1669353569] livestatus: Timeperiod cache not updated, there are no timeperiods (yet)
[1669353629] livestatus: Timeperiod cache not updated, there are no timeperiods (yet)
[1669353689] livestatus: Timeperiod cache not updated, there are no timeperiods (yet)
[1669353749] livestatus: Timeperiod cache not updated, there are no timeperiods (yet)
[1669353809] livestatus: Timeperiod cache not updated, there are no timeperiods (yet)
[1669353869] livestatus: Timeperiod cache not updated, there are no timeperiods (yet)
[1669353930] livestatus: Timeperiod cache not updated, there are no timeperiods (yet)
[1669353990] livestatus: Timeperiod cache not updated, there are no timeperiods (yet)
[1669354050] livestatus: Timeperiod cache not updated, there are no timeperiods (yet)
[1669354110] livestatus: Timeperiod cache not updated, there are no timeperiods (yet)
[1669354170] livestatus: Timeperiod cache not updated, there are no timeperiods (yet)
[1669354230] livestatus: Timeperiod cache not updated, there are no timeperiods (yet)
[1669354290] livestatus: Timeperiod cache not updated, there are no timeperiods (yet)
[1669354350] livestatus: Timeperiod cache not updated, there are no timeperiods (yet)
[1669354410] livestatus: Timeperiod cache not updated, there are no timeperiods (yet)
[1669354470] livestatus: Timeperiod cache not updated, there are no timeperiods (yet)
[1669354530] livestatus: Timeperiod cache not updated, there are no timeperiods (yet)
[1669354591] livestatus: Timeperiod cache not updated, there are no timeperiods (yet)
[1669354651] livestatus: Timeperiod cache not updated, there are no timeperiods (yet)
[1669354711] livestatus: Timeperiod cache not updated, there are no timeperiods (yet)
[1669354771] livestatus: Timeperiod cache not updated, there are no timeperiods (yet)
[1669354831] livestatus: Timeperiod cache not updated, there are no timeperiods (yet)
[1669354891] livestatus: Timeperiod cache not updated, there are no timeperiods (yet)
[1669354951] livestatus: Timeperiod cache not updated, there are no timeperiods (yet)
[1669355011] livestatus: Timeperiod cache not updated, there are no timeperiods (yet)
[1669355071] livestatus: Timeperiod cache not updated, there are no timeperiods (yet)
[1669355131] livestatus: Timeperiod cache not updated, there are no timeperiods (yet)
[1669355191] livestatus: Timeperiod cache not updated, there are no timeperiods (yet)
[1669355252] livestatus: Timeperiod cache not updated, there are no timeperiods (yet)
[1669355312] livestatus: Timeperiod cache not updated, there are no timeperiods (yet)
[1669355372] livestatus: Timeperiod cache not updated, there are no timeperiods (yet)
[1669355432] livestatus: Timeperiod cache not updated, there are no timeperiods (yet)
[1669355492] livestatus: Timeperiod cache not updated, there are no timeperiods (yet)
[1669355552] livestatus: Timeperiod cache not updated, there are no timeperiods (yet)
[1669355612] livestatus: Timeperiod cache not updated, there are no timeperiods (yet)
[1669355672] livestatus: Timeperiod cache not updated, there are no timeperiods (yet)
[1669355732] livestatus: Timeperiod cache not updated, there are no timeperiods (yet)
[1669355792] livestatus: Timeperiod cache not updated, there are no timeperiods (yet)
[1669355852] livestatus: Timeperiod cache not updated, there are no timeperiods (yet)
[1669355913] livestatus: Timeperiod cache not updated, there are no timeperiods (yet)
[1669355973] livestatus: Timeperiod cache not updated, there are no timeperiods (yet)
[1669356033] livestatus: Timeperiod cache not updated, there are no timeperiods (yet)
[1669356093] livestatus: Timeperiod cache not updated, there are no timeperiods (yet)
[1669356153] livestatus: Timeperiod cache not updated, there are no timeperiods (yet)
[1669356213] livestatus: Timeperiod cache not updated, there are no timeperiods (yet)
[1669356273] livestatus: Timeperiod cache not updated, there are no timeperiods (yet)
[1669356333] livestatus: Timeperiod cache not updated, there are no timeperiods (yet)
[1669356393] livestatus: Timeperiod cache not updated, there are no timeperiods (yet)
[1669356453] livestatus: Timeperiod cache not updated, there are no timeperiods (yet)
[1669356513] livestatus: Timeperiod cache not updated, there are no timeperiods (yet)
[1669356550] Auto-save of retention data completed successfully.
[1669356574] livestatus: Timeperiod cache not updated, there are no timeperiods (yet)
[1669356634] livestatus: Timeperiod cache not updated, there are no timeperiods (yet)
[1669356694] livestatus: Timeperiod cache not updated, there are no timeperiods (yet)
[1669356754] livestatus: Timeperiod cache not updated, there are no timeperiods (yet)
[1669356814] livestatus: Timeperiod cache not updated, there are no timeperiods (yet)
[1669356874] livestatus: Timeperiod cache not updated, there are no timeperiods (yet)
[1669356934] livestatus: Timeperiod cache not updated, there are no timeperiods (yet)
[1669356994] livestatus: Timeperiod cache not updated, there are no timeperiods (yet)
[1669357054] livestatus: Timeperiod cache not updated, there are no timeperiods (yet)
[1669357114] livestatus: Timeperiod cache not updated, there are no timeperiods (yet)
[1669357175] livestatus: Timeperiod cache not updated, there are no timeperiods (yet)
[1669357235] livestatus: Timeperiod cache not updated, there are no timeperiods (yet)
[1669357295] livestatus: Timeperiod cache not updated, there are no timeperiods (yet)
[1669357355] livestatus: Timeperiod cache not updated, there are no timeperiods (yet)
[1669357415] livestatus: Timeperiod cache not updated, there are no timeperiods (yet)
[1669357475] livestatus: Timeperiod cache not updated, there are no timeperiods (yet)
[1669357535] livestatus: Timeperiod cache not updated, there are no timeperiods (yet)
[1669357595] livestatus: Timeperiod cache not updated, there are no timeperiods (yet)
[1669357655] livestatus: Timeperiod cache not updated, there are no timeperiods (yet)
[1669357715] livestatus: Timeperiod cache not updated, there are no timeperiods (yet)
[1669357775] livestatus: Timeperiod cache not updated, there are no timeperiods (yet)
[1669357836] livestatus: Timeperiod cache not updated, there are no timeperiods (yet)
[1669357896] livestatus: Timeperiod cache not updated, there are no timeperiods (yet)
[1669357956] livestatus: Timeperiod cache not updated, there are no timeperiods (yet)
[1669358016] livestatus: Timeperiod cache not updated, there are no timeperiods (yet)
[1669358076] livestatus: Timeperiod cache not updated, there are no timeperiods (yet)
[1669358136] livestatus: Timeperiod cache not updated, there are no timeperiods (yet)
[1669358196] livestatus: Timeperiod cache not updated, there are no timeperiods (yet)
[1669358256] livestatus: Timeperiod cache not updated, there are no timeperiods (yet)
[1669358316] livestatus: Timeperiod cache not updated, there are no timeperiods (yet)
[1669358376] livestatus: Timeperiod cache not updated, there are no timeperiods (yet)
[1669358436] livestatus: Timeperiod cache not updated, there are no timeperiods (yet)
[1669358497] livestatus: Timeperiod cache not updated, there are no timeperiods (yet)
[1669358557] livestatus: Timeperiod cache not updated, there are no timeperiods (yet)
[1669358617] livestatus: Timeperiod cache not updated, there are no timeperiods (yet)
[1669358677] livestatus: Timeperiod cache not updated, there are no timeperiods (yet)
[1669358737] livestatus: Timeperiod cache not updated, there are no timeperiods (yet)
[1669358797] livestatus: Timeperiod cache not updated, there are no timeperiods (yet)
[1669358857] livestatus: Timeperiod cache not updated, there are no timeperiods (yet)
[1669358917] livestatus: Timeperiod cache not updated, there are no timeperiods (yet)
[1669358977] livestatus: Timeperiod cache not updated, there are no timeperiods (yet)
[1669359037] livestatus: Timeperiod cache not updated, there are no timeperiods (yet)
[1669359097] livestatus: Timeperiod cache not updated, there are no timeperiods (yet)
[1669359158] livestatus: Timeperiod cache not updated, there are no timeperiods (yet)
[1669359218] livestatus: Timeperiod cache not updated, there are no timeperiods (yet)
[1669359278] livestatus: Timeperiod cache not updated, there are no timeperiods (yet)
[1669359338] livestatus: Timeperiod cache not updated, there are no timeperiods (yet)
[1669359398] livestatus: Timeperiod cache not updated, there are no timeperiods (yet)
[1669359458] livestatus: Timeperiod cache not updated, there are no timeperiods (yet)
[1669359518] livestatus: Timeperiod cache not updated, there are no timeperiods (yet)
[1669359578] livestatus: Timeperiod cache not updated, there are no timeperiods (yet)
[1669359638] livestatus: Timeperiod cache not updated, there are no timeperiods (yet)
[1669359698] livestatus: Timeperiod cache not updated, there are no timeperiods (yet)
[1669359758] livestatus: Timeperiod cache not updated, there are no timeperiods (yet)
[1669359819] livestatus: Timeperiod cache not updated, there are no timeperiods (yet)
[1669359879] livestatus: Timeperiod cache not updated, there are no timeperiods (yet)
[1669359939] livestatus: Timeperiod cache not updated, there are no timeperiods (yet)
[1669359999] livestatus: Timeperiod cache not updated, there are no timeperiods (yet)
[1669360059] livestatus: Timeperiod cache not updated, there are no timeperiods (yet)
[1669360119] livestatus: Timeperiod cache not updated, there are no timeperiods (yet)
[1669360150] Auto-save of retention data completed successfully.
[1669360179] livestatus: Timeperiod cache not updated, there are no timeperiods (yet)
[1669360239] livestatus: Timeperiod cache not updated, there are no timeperiods (yet)
[1669360299] livestatus: Timeperiod cache not updated, there are no timeperiods (yet)
[1669360359] livestatus: Timeperiod cache not updated, there are no timeperiods (yet)
[1669360419] livestatus: Timeperiod cache not updated, there are no timeperiods (yet)
[1669360480] livestatus: Timeperiod cache not updated, there are no timeperiods (yet)
[1669360540] livestatus: Timeperiod cache not updated, there are no timeperiods (yet)
[1669360600] livestatus: Timeperiod cache not updated, there are no timeperiods (yet)
[1669360660] livestatus: Timeperiod cache not updated, there are no timeperiods (yet)
[1669360720] livestatus: Timeperiod cache not updated, there are no timeperiods (yet)
[1669360780] livestatus: Timeperiod cache not updated, there are no timeperiods (yet)
[1669360840] livestatus: Timeperiod cache not updated, there are no timeperiods (yet)
[1669360900] livestatus: Timeperiod cache not updated, there are no timeperiods (yet)
[1669360960] livestatus: Timeperiod cache not updated, there are no timeperiods (yet)
[1669361020] livestatus: Timeperiod cache not updated, there are no timeperiods (yet)
[1669361080] livestatus: Timeperiod cache not updated, there are no timeperiods (yet)
[1669361141] livestatus: Timeperiod cache not updated, there are no timeperiods (yet)
[1669361201] livestatus: Timeperiod cache not updated, there are no timeperiods (yet)
[1669361261] livestatus: Timeperiod cache not updated, there are no timeperiods (yet)
[1669361321] livestatus: Timeperiod cache not updated, there are no timeperiods (yet)
[1669361381] livestatus: Timeperiod cache not updated, there are no timeperiods (yet)
[1669361441] livestatus: Timeperiod cache not updated, there are no timeperiods (yet)
[1669361501] livestatus: Timeperiod cache not updated, there are no timeperiods (yet)
[1669361561] livestatus: Timeperiod cache not updated, there are no timeperiods (yet)
[1669361621] livestatus: Timeperiod cache not updated, there are no timeperiods (yet)
[1669361681] livestatus: Timeperiod cache not updated, there are no timeperiods (yet)
[1669361741] livestatus: Timeperiod cache not updated, there are no timeperiods (yet)
[1669361802] livestatus: Timeperiod cache not updated, there are no timeperiods (yet)
[1669361862] livestatus: Timeperiod cache not updated, there are no timeperiods (yet)
[1669361922] livestatus: Timeperiod cache not updated, there are no timeperiods (yet)
[1669361982] livestatus: Timeperiod cache not updated, there are no timeperiods (yet)
[1669362042] livestatus: Timeperiod cache not updated, there are no timeperiods (yet)
[1669362102] livestatus: Timeperiod cache not updated, there are no timeperiods (yet)
[1669362162] livestatus: Timeperiod cache not updated, there are no timeperiods (yet)
[1669362222] livestatus: Timeperiod cache not updated, there are no timeperiods (yet)
[1669362282] livestatus: Timeperiod cache not updated, there are no timeperiods (yet)
[1669362342] livestatus: Timeperiod cache not updated, there are no timeperiods (yet)
[1669362402] livestatus: Timeperiod cache not updated, there are no timeperiods (yet)
[1669362463] livestatus: Timeperiod cache not updated, there are no timeperiods (yet)
[1669362523] livestatus: Timeperiod cache not updated, there are no timeperiods (yet)
[1669362583] livestatus: Timeperiod cache not updated, there are no timeperiods (yet)
[1669362643] livestatus: Timeperiod cache not updated, there are no timeperiods (yet)
[1669362703] livestatus: Timeperiod cache not updated, there are no timeperiods (yet)
[1669362763] livestatus: Timeperiod cache not updated, there are no timeperiods (yet)
[1669362823] livestatus: Timeperiod cache not updated, there are no timeperiods (yet)
[1669362883] livestatus: Timeperiod cache not updated, there are no timeperiods (yet)
[1669362943] livestatus: Timeperiod cache not updated, there are no timeperiods (yet)
[1669363003] livestatus: Timeperiod cache not updated, there are no timeperiods (yet)
[1669363063] livestatus: Timeperiod cache not updated, there are no timeperiods (yet)
[1669363124] livestatus: Timeperiod cache not updated, there are no timeperiods (yet)
[1669363184] livestatus: Timeperiod cache not updated, there are no timeperiods (yet)
[1669363244] livestatus: Timeperiod cache not updated, there are no timeperiods (yet)
[1669363304] livestatus: Timeperiod cache not updated, there are no timeperiods (yet)
[1669363364] livestatus: Timeperiod cache not updated, there are no timeperiods (yet)
[1669363424] livestatus: Timeperiod cache not updated, there are no timeperiods (yet)
[1669363484] livestatus: Timeperiod cache not updated, there are no timeperiods (yet)
[1669363544] livestatus: Timeperiod cache not updated, there are no timeperiods (yet)
[1669363604] livestatus: Timeperiod cache not updated, there are no timeperiods (yet)
[1669363664] livestatus: Timeperiod cache not updated, there are no timeperiods (yet)
[1669363724] livestatus: Timeperiod cache not updated, there are no timeperiods (yet)
[1669363750] Auto-save of retention data completed successfully.
[1669363785] livestatus: Timeperiod cache not updated, there are no timeperiods (yet)
[1669363845] livestatus: Timeperiod cache not updated, there are no timeperiods (yet)
[1669363905] livestatus: Timeperiod cache not updated, there are no timeperiods (yet)
[1669363965] livestatus: Timeperiod cache not updated, there are no timeperiods (yet)
[1669364025] livestatus: Timeperiod cache not updated, there are no timeperiods (yet)
[1669364085] livestatus: Timeperiod cache not updated, there are no timeperiods (yet)
[1669364145] livestatus: Timeperiod cache not updated, there are no timeperiods (yet)
[1669364205] livestatus: Timeperiod cache not updated, there are no timeperiods (yet)
[1669364265] livestatus: Timeperiod cache not updated, there are no timeperiods (yet)
[1669364325] livestatus: Timeperiod cache not updated, there are no timeperiods (yet)
[1669364385] livestatus: Timeperiod cache not updated, there are no timeperiods (yet)
[1669364446] livestatus: Timeperiod cache not updated, there are no timeperiods (yet)
[1669364506] livestatus: Timeperiod cache not updated, there are no timeperiods (yet)
[1669364566] livestatus: Timeperiod cache not updated, there are no timeperiods (yet)
[1669364626] livestatus: Timeperiod cache not updated, there are no timeperiods (yet)
[1669364686] livestatus: Timeperiod cache not updated, there are no timeperiods (yet)
[1669364746] livestatus: Timeperiod cache not updated, there are no timeperiods (yet)
[1669364806] livestatus: Timeperiod cache not updated, there are no timeperiods (yet)
[1669364866] livestatus: Timeperiod cache not updated, there are no timeperiods (yet)
[1669364926] livestatus: Timeperiod cache not updated, there are no timeperiods (yet)
[1669364986] livestatus: Timeperiod cache not updated, there are no timeperiods (yet)
[1669365047] livestatus: Timeperiod cache not updated, there are no timeperiods (yet)
[1669365107] livestatus: Timeperiod cache not updated, there are no timeperiods (yet)
[1669365167] livestatus: Timeperiod cache not updated, there are no timeperiods (yet)
[1669365227] livestatus: Timeperiod cache not updated, there are no timeperiods (yet)
[1669365287] livestatus: Timeperiod cache not updated, there are no timeperiods (yet)
[1669365347] livestatus: Timeperiod cache not updated, there are no timeperiods (yet)
[1669365407] livestatus: Timeperiod cache not updated, there are no timeperiods (yet)
[1669365467] livestatus: Timeperiod cache not updated, there are no timeperiods (yet)
[1669365527] livestatus: Timeperiod cache not updated, there are no timeperiods (yet)
[1669365587] livestatus: Timeperiod cache not updated, there are no timeperiods (yet)
[1669365647] livestatus: Timeperiod cache not updated, there are no timeperiods (yet)
[1669365708] livestatus: Timeperiod cache not updated, there are no timeperiods (yet)
[1669365768] livestatus: Timeperiod cache not updated, there are no timeperiods (yet)
[1669365828] livestatus: Timeperiod cache not updated, there are no timeperiods (yet)
[1669365888] livestatus: Timeperiod cache not updated, there are no timeperiods (yet)
[1669365948] livestatus: Timeperiod cache not updated, there are no timeperiods (yet)
[1669366008] livestatus: Timeperiod cache not updated, there are no timeperiods (yet)
[1669366068] livestatus: Timeperiod cache not updated, there are no timeperiods (yet)
[1669366128] livestatus: Timeperiod cache not updated, there are no timeperiods (yet)
[1669366188] livestatus: Timeperiod cache not updated, there are no timeperiods (yet)
[1669366248] livestatus: Timeperiod cache not updated, there are no timeperiods (yet)
[1669366308] livestatus: Timeperiod cache not updated, there are no timeperiods (yet)
[1669366369] livestatus: Timeperiod cache not updated, there are no timeperiods (yet)
[1669366429] livestatus: Timeperiod cache not updated, there are no timeperiods (yet)
[1669366489] livestatus: Timeperiod cache not updated, there are no timeperiods (yet)
[1669366549] livestatus: Timeperiod cache not updated, there are no timeperiods (yet)
[1669366609] livestatus: Timeperiod cache not updated, there are no timeperiods (yet)
[1669366669] livestatus: Timeperiod cache not updated, there are no timeperiods (yet)
[1669366729] livestatus: Timeperiod cache not updated, there are no timeperiods (yet)
[1669366789] livestatus: Timeperiod cache not updated, there are no timeperiods (yet)
[1669366849] livestatus: Timeperiod cache not updated, there are no timeperiods (yet)
[1669366909] livestatus: Timeperiod cache not updated, there are no timeperiods (yet)
[1669366969] livestatus: Timeperiod cache not updated, there are no timeperiods (yet)
[1669367029] livestatus: Timeperiod cache not updated, there are no timeperiods (yet)
[1669367090] livestatus: Timeperiod cache not updated, there are no timeperiods (yet)
[1669367150] livestatus: Timeperiod cache not updated, there are no timeperiods (yet)
[1669367210] livestatus: Timeperiod cache not updated, there are no timeperiods (yet)
[1669367270] livestatus: Timeperiod cache not updated, there are no timeperiods (yet)
[1669367330] livestatus: Timeperiod cache not updated, there are no timeperiods (yet)
[1669367350] Auto-save of retention data completed successfully.
[1669367390] livestatus: Timeperiod cache not updated, there are no timeperiods (yet)
[1669367450] livestatus: Timeperiod cache not updated, there are no timeperiods (yet)
[1669367510] livestatus: Timeperiod cache not updated, there are no timeperiods (yet)
[1669367570] livestatus: Timeperiod cache not updated, there are no timeperiods (yet)
[1669367630] livestatus: Timeperiod cache not updated, there are no timeperiods (yet)
[1669367690] livestatus: Timeperiod cache not updated, there are no timeperiods (yet)
[1669367751] livestatus: Timeperiod cache not updated, there are no timeperiods (yet)
[1669367811] livestatus: Timeperiod cache not updated, there are no timeperiods (yet)
[1669367871] livestatus: Timeperiod cache not updated, there are no timeperiods (yet)
[1669367931] livestatus: Timeperiod cache not updated, there are no timeperiods (yet)
[1669367991] livestatus: Timeperiod cache not updated, there are no timeperiods (yet)
[1669368051] livestatus: Timeperiod cache not updated, there are no timeperiods (yet)
[1669368111] livestatus: Timeperiod cache not updated, there are no timeperiods (yet)
[1669368171] livestatus: Timeperiod cache not updated, there are no timeperiods (yet)
[1669368231] livestatus: Timeperiod cache not updated, there are no timeperiods (yet)
[1669368291] livestatus: Timeperiod cache not updated, there are no timeperiods (yet)
[1669368351] livestatus: Timeperiod cache not updated, there are no timeperiods (yet)
[1669368412] livestatus: Timeperiod cache not updated, there are no timeperiods (yet)
[1669368472] livestatus: Timeperiod cache not updated, there are no timeperiods (yet)
[1669368532] livestatus: Timeperiod cache not updated, there are no timeperiods (yet)
[1669368592] livestatus: Timeperiod cache not updated, there are no timeperiods (yet)
[1669368652] livestatus: Timeperiod cache not updated, there are no timeperiods (yet)
[1669368712] livestatus: Timeperiod cache not updated, there are no timeperiods (yet)
[1669368772] livestatus: Timeperiod cache not updated, there are no timeperiods (yet)
[1669368832] livestatus: Timeperiod cache not updated, there are no timeperiods (yet)
[1669368892] livestatus: Timeperiod cache not updated, there are no timeperiods (yet)
[1669368952] livestatus: Timeperiod cache not updated, there are no timeperiods (yet)
[1669369012] livestatus: Timeperiod cache not updated, there are no timeperiods (yet)
[1669369073] livestatus: Timeperiod cache not updated, there are no timeperiods (yet)
[1669369133] livestatus: Timeperiod cache not updated, there are no timeperiods (yet)
[1669369193] livestatus: Timeperiod cache not updated, there are no timeperiods (yet)
[1669369253] livestatus: Timeperiod cache not updated, there are no timeperiods (yet)
[1669369313] livestatus: Timeperiod cache not updated, there are no timeperiods (yet)
[1669369373] livestatus: Timeperiod cache not updated, there are no timeperiods (yet)
[1669369433] livestatus: Timeperiod cache not updated, there are no timeperiods (yet)
[1669369493] livestatus: Timeperiod cache not updated, there are no timeperiods (yet)
[1669369553] livestatus: Timeperiod cache not updated, there are no timeperiods (yet)
[1669369613] livestatus: Timeperiod cache not updated, there are no timeperiods (yet)
[1669369673] livestatus: Timeperiod cache not updated, there are no timeperiods (yet)
[1669369734] livestatus: Timeperiod cache not updated, there are no timeperiods (yet)
[1669369794] livestatus: Timeperiod cache not updated, there are no timeperiods (yet)
[1669369854] livestatus: Timeperiod cache not updated, there are no timeperiods (yet)
[1669369914] livestatus: Timeperiod cache not updated, there are no timeperiods (yet)
[1669369974] livestatus: Timeperiod cache not updated, there are no timeperiods (yet)
[1669370034] livestatus: Timeperiod cache not updated, there are no timeperiods (yet)
[1669370094] livestatus: Timeperiod cache not updated, there are no timeperiods (yet)
[1669370154] livestatus: Timeperiod cache not updated, there are no timeperiods (yet)
[1669370214] livestatus: Timeperiod cache not updated, there are no timeperiods (yet)
[1669370274] livestatus: Timeperiod cache not updated, there are no timeperiods (yet)
[1669370334] livestatus: Timeperiod cache not updated, there are no timeperiods (yet)
[1669370395] livestatus: Timeperiod cache not updated, there are no timeperiods (yet)
[1669370455] livestatus: Timeperiod cache not updated, there are no timeperiods (yet)
[1669370515] livestatus: Timeperiod cache not updated, there are no timeperiods (yet)
[1669370575] livestatus: Timeperiod cache not updated, there are no timeperiods (yet)
[1669370635] livestatus: Timeperiod cache not updated, there are no timeperiods (yet)
[1669370695] livestatus: Timeperiod cache not updated, there are no timeperiods (yet)
[1669370755] livestatus: Timeperiod cache not updated, there are no timeperiods (yet)
[1669370815] livestatus: Timeperiod cache not updated, there are no timeperiods (yet)
[1669370875] livestatus: Timeperiod cache not updated, there are no timeperiods (yet)
[1669370935] livestatus: Timeperiod cache not updated, there are no timeperiods (yet)
[1669370950] Auto-save of retention data completed successfully.
[1669370995] livestatus: Timeperiod cache not updated, there are no timeperiods (yet)
[1669371056] livestatus: Timeperiod cache not updated, there are no timeperiods (yet)
[1669371116] livestatus: Timeperiod cache not updated, there are no timeperiods (yet)
[1669371176] livestatus: Timeperiod cache not updated, there are no timeperiods (yet)
[1669371236] livestatus: Timeperiod cache not updated, there are no timeperiods (yet)
[1669371296] livestatus: Timeperiod cache not updated, there are no timeperiods (yet)
[1669371356] livestatus: Timeperiod cache not updated, there are no timeperiods (yet)
[1669371416] livestatus: Timeperiod cache not updated, there are no timeperiods (yet)
[1669371476] livestatus: Timeperiod cache not updated, there are no timeperiods (yet)
[1669371536] livestatus: Timeperiod cache not updated, there are no timeperiods (yet)
[1669371596] livestatus: Timeperiod cache not updated, there are no timeperiods (yet)
[1669371656] livestatus: Timeperiod cache not updated, there are no timeperiods (yet)
[1669371717] livestatus: Timeperiod cache not updated, there are no timeperiods (yet)
[1669371777] livestatus: Timeperiod cache not updated, there are no timeperiods (yet)
[1669371837] livestatus: Timeperiod cache not updated, there are no timeperiods (yet)
[1669371897] livestatus: Timeperiod cache not updated, there are no timeperiods (yet)
[1669371957] livestatus: Timeperiod cache not updated, there are no timeperiods (yet)
[1669372017] livestatus: Timeperiod cache not updated, there are no timeperiods (yet)
[1669372077] livestatus: Timeperiod cache not updated, there are no timeperiods (yet)
[1669372137] livestatus: Timeperiod cache not updated, there are no timeperiods (yet)
[1669372197] livestatus: Timeperiod cache not updated, there are no timeperiods (yet)
[1669372257] livestatus: Timeperiod cache not updated, there are no timeperiods (yet)
[1669372317] livestatus: Timeperiod cache not updated, there are no timeperiods (yet)
[1669372378] livestatus: Timeperiod cache not updated, there are no timeperiods (yet)
[1669372438] livestatus: Timeperiod cache not updated, there are no timeperiods (yet)
[1669372498] livestatus: Timeperiod cache not updated, there are no timeperiods (yet)
[1669372558] livestatus: Timeperiod cache not updated, there are no timeperiods (yet)
[1669372618] livestatus: Timeperiod cache not updated, there are no timeperiods (yet)
[1669372678] livestatus: Timeperiod cache not updated, there are no timeperiods (yet)
[1669372738] livestatus: Timeperiod cache not updated, there are no timeperiods (yet)
[1669372798] livestatus: Timeperiod cache not updated, there are no timeperiods (yet)
[1669372858] livestatus: Timeperiod cache not updated, there are no timeperiods (yet)
[1669372918] livestatus: Timeperiod cache not updated, there are no timeperiods (yet)
[1669372978] livestatus: Timeperiod cache not updated, there are no timeperiods (yet)
[1669373039] livestatus: Timeperiod cache not updated, there are no timeperiods (yet)
[1669373099] livestatus: Timeperiod cache not updated, there are no timeperiods (yet)
[1669373159] livestatus: Timeperiod cache not updated, there are no timeperiods (yet)
[1669373219] livestatus: Timeperiod cache not updated, there are no timeperiods (yet)
[1669373279] livestatus: Timeperiod cache not updated, there are no timeperiods (yet)
[1669373339] livestatus: Timeperiod cache not updated, there are no timeperiods (yet)
[1669373399] livestatus: Timeperiod cache not updated, there are no timeperiods (yet)
[1669373459] livestatus: Timeperiod cache not updated, there are no timeperiods (yet)
[1669373519] livestatus: Timeperiod cache not updated, there are no timeperiods (yet)
[1669373579] livestatus: Timeperiod cache not updated, there are no timeperiods (yet)
[1669373639] livestatus: Timeperiod cache not updated, there are no timeperiods (yet)
[1669373700] livestatus: Timeperiod cache not updated, there are no timeperiods (yet)
[1669373760] livestatus: Timeperiod cache not updated, there are no timeperiods (yet)
[1669373820] livestatus: Timeperiod cache not updated, there are no timeperiods (yet)
[1669373880] livestatus: Timeperiod cache not updated, there are no timeperiods (yet)
[1669373940] livestatus: Timeperiod cache not updated, there are no timeperiods (yet)
[1669374000] livestatus: Timeperiod cache not updated, there are no timeperiods (yet)
[1669374060] livestatus: Timeperiod cache not updated, there are no timeperiods (yet)
[1669374120] livestatus: Timeperiod cache not updated, there are no timeperiods (yet)
[1669374180] livestatus: Timeperiod cache not updated, there are no timeperiods (yet)
[1669374240] livestatus: Timeperiod cache not updated, there are no timeperiods (yet)
[1669374300] livestatus: Timeperiod cache not updated, there are no timeperiods (yet)
[1669374361] livestatus: Timeperiod cache not updated, there are no timeperiods (yet)
[1669374421] livestatus: Timeperiod cache not updated, there are no timeperiods (yet)
[1669374481] livestatus: Timeperiod cache not updated, there are no timeperiods (yet)
[1669374541] livestatus: Timeperiod cache not updated, there are no timeperiods (yet)
[1669374550] Auto-save of retention data completed successfully.
[1669374601] livestatus: Timeperiod cache not updated, there are no timeperiods (yet)
[1669374661] livestatus: Timeperiod cache not updated, there are no timeperiods (yet)
[1669374721] livestatus: Timeperiod cache not updated, there are no timeperiods (yet)
[1669374781] livestatus: Timeperiod cache not updated, there are no timeperiods (yet)
[1669374841] livestatus: Timeperiod cache not updated, there are no timeperiods (yet)
[1669374901] livestatus: Timeperiod cache not updated, there are no timeperiods (yet)
[1669374961] livestatus: Timeperiod cache not updated, there are no timeperiods (yet)
[1669375022] livestatus: Timeperiod cache not updated, there are no timeperiods (yet)
[1669375082] livestatus: Timeperiod cache not updated, there are no timeperiods (yet)
[1669375142] livestatus: Timeperiod cache not updated, there are no timeperiods (yet)
[1669375202] livestatus: Timeperiod cache not updated, there are no timeperiods (yet)
[1669375262] livestatus: Timeperiod cache not updated, there are no timeperiods (yet)
[1669375322] livestatus: Timeperiod cache not updated, there are no timeperiods (yet)
[1669375382] livestatus: Timeperiod cache not updated, there are no timeperiods (yet)
[1669375442] livestatus: Timeperiod cache not updated, there are no timeperiods (yet)
[1669375502] livestatus: Timeperiod cache not updated, there are no timeperiods (yet)
[1669375562] livestatus: Timeperiod cache not updated, there are no timeperiods (yet)
[1669375622] livestatus: Timeperiod cache not updated, there are no timeperiods (yet)
[1669375683] livestatus: Timeperiod cache not updated, there are no timeperiods (yet)
[1669375743] livestatus: Timeperiod cache not updated, there are no timeperiods (yet)
[1669375803] livestatus: Timeperiod cache not updated, there are no timeperiods (yet)
[1669375863] livestatus: Timeperiod cache not updated, there are no timeperiods (yet)
[1669375923] livestatus: Timeperiod cache not updated, there are no timeperiods (yet)
[1669375983] livestatus: Timeperiod cache not updated, there are no timeperiods (yet)
[1669376043] livestatus: Timeperiod cache not updated, there are no timeperiods (yet)
[1669376103] livestatus: Timeperiod cache not updated, there are no timeperiods (yet)
[1669376163] livestatus: Timeperiod cache not updated, there are no timeperiods (yet)
[1669376223] livestatus: Timeperiod cache not updated, there are no timeperiods (yet)
[1669376283] livestatus: Timeperiod cache not updated, there are no timeperiods (yet)
[1669376344] livestatus: Timeperiod cache not updated, there are no timeperiods (yet)
[1669376404] livestatus: Timeperiod cache not updated, there are no timeperiods (yet)
[1669376464] livestatus: Timeperiod cache not updated, there are no timeperiods (yet)
[1669376524] livestatus: Timeperiod cache not updated, there are no timeperiods (yet)
[1669376584] livestatus: Timeperiod cache not updated, there are no timeperiods (yet)
[1669376644] livestatus: Timeperiod cache not updated, there are no timeperiods (yet)
[1669376704] livestatus: Timeperiod cache not updated, there are no timeperiods (yet)
[1669376764] livestatus: Timeperiod cache not updated, there are no timeperiods (yet)
[1669376824] livestatus: Timeperiod cache not updated, there are no timeperiods (yet)
[1669376884] livestatus: Timeperiod cache not updated, there are no timeperiods (yet)
[1669376944] livestatus: Timeperiod cache not updated, there are no timeperiods (yet)
[1669377005] livestatus: Timeperiod cache not updated, there are no timeperiods (yet)
[1669377065] livestatus: Timeperiod cache not updated, there are no timeperiods (yet)
[1669377125] livestatus: Timeperiod cache not updated, there are no timeperiods (yet)
[1669377185] livestatus: Timeperiod cache not updated, there are no timeperiods (yet)
[1669377245] livestatus: Timeperiod cache not updated, there are no timeperiods (yet)
[1669377305] livestatus: Timeperiod cache not updated, there are no timeperiods (yet)
[1669377365] livestatus: Timeperiod cache not updated, there are no timeperiods (yet)
[1669377425] livestatus: Timeperiod cache not updated, there are no timeperiods (yet)
[1669377485] livestatus: Timeperiod cache not updated, there are no timeperiods (yet)
[1669377545] livestatus: Timeperiod cache not updated, there are no timeperiods (yet)
[1669377605] livestatus: Timeperiod cache not updated, there are no timeperiods (yet)
[1669377666] livestatus: Timeperiod cache not updated, there are no timeperiods (yet)
[1669377726] livestatus: Timeperiod cache not updated, there are no timeperiods (yet)
[1669377786] livestatus: Timeperiod cache not updated, there are no timeperiods (yet)
[1669377846] livestatus: Timeperiod cache not updated, there are no timeperiods (yet)
[1669377906] livestatus: Timeperiod cache not updated, there are no timeperiods (yet)
[1669377966] livestatus: Timeperiod cache not updated, there are no timeperiods (yet)
[1669378026] livestatus: Timeperiod cache not updated, there are no timeperiods (yet)
[1669378086] livestatus: Timeperiod cache not updated, there are no timeperiods (yet)
[1669378146] livestatus: Timeperiod cache not updated, there are no timeperiods (yet)
[1669378150] Auto-save of retention data completed successfully.
[1669378206] livestatus: Timeperiod cache not updated, there are no timeperiods (yet)
[1669378266] livestatus: Timeperiod cache not updated, there are no timeperiods (yet)
[1669378327] livestatus: Timeperiod cache not updated, there are no timeperiods (yet)
[1669378387] livestatus: Timeperiod cache not updated, there are no timeperiods (yet)
[1669378447] livestatus: Timeperiod cache not updated, there are no timeperiods (yet)
[1669378507] livestatus: Timeperiod cache not updated, there are no timeperiods (yet)
[1669378567] livestatus: Timeperiod cache not updated, there are no timeperiods (yet)
[1669378627] livestatus: Timeperiod cache not updated, there are no timeperiods (yet)
[1669378687] livestatus: Timeperiod cache not updated, there are no timeperiods (yet)
[1669378747] livestatus: Timeperiod cache not updated, there are no timeperiods (yet)
[1669378807] livestatus: Timeperiod cache not updated, there are no timeperiods (yet)
[1669378867] livestatus: Timeperiod cache not updated, there are no timeperiods (yet)
[1669378927] livestatus: Timeperiod cache not updated, there are no timeperiods (yet)
[1669378988] livestatus: Timeperiod cache not updated, there are no timeperiods (yet)
[1669379048] livestatus: Timeperiod cache not updated, there are no timeperiods (yet)
[1669379108] livestatus: Timeperiod cache not updated, there are no timeperiods (yet)
[1669379168] livestatus: Timeperiod cache not updated, there are no timeperiods (yet)
[1669379228] livestatus: Timeperiod cache not updated, there are no timeperiods (yet)
[1669379288] livestatus: Timeperiod cache not updated, there are no timeperiods (yet)
[1669379348] livestatus: Timeperiod cache not updated, there are no timeperiods (yet)
[1669379408] livestatus: Timeperiod cache not updated, there are no timeperiods (yet)
[1669379468] livestatus: Timeperiod cache not updated, there are no timeperiods (yet)
[1669379528] livestatus: Timeperiod cache not updated, there are no timeperiods (yet)
[1669379588] livestatus: Timeperiod cache not updated, there are no timeperiods (yet)
[1669379649] livestatus: Timeperiod cache not updated, there are no timeperiods (yet)
[1669379709] livestatus: Timeperiod cache not updated, there are no timeperiods (yet)
[1669379769] livestatus: Timeperiod cache not updated, there are no timeperiods (yet)
[1669379829] livestatus: Timeperiod cache not updated, there are no timeperiods (yet)
[1669379889] livestatus: Timeperiod cache not updated, there are no timeperiods (yet)
[1669379949] livestatus: Timeperiod cache not updated, there are no timeperiods (yet)
[1669380009] livestatus: Timeperiod cache not updated, there are no timeperiods (yet)
[1669380069] livestatus: Timeperiod cache not updated, there are no timeperiods (yet)
[1669380129] livestatus: Timeperiod cache not updated, there are no timeperiods (yet)
[1669380189] livestatus: Timeperiod cache not updated, there are no timeperiods (yet)
[1669380249] livestatus: Timeperiod cache not updated, there are no timeperiods (yet)
[1669380309] livestatus: Timeperiod cache not updated, there are no timeperiods (yet)
[1669380370] livestatus: Timeperiod cache not updated, there are no timeperiods (yet)
[1669380430] livestatus: Timeperiod cache not updated, there are no timeperiods (yet)
[1669380490] livestatus: Timeperiod cache not updated, there are no timeperiods (yet)
[1669380550] livestatus: Timeperiod cache not updated, there are no timeperiods (yet)
[1669380610] livestatus: Timeperiod cache not updated, there are no timeperiods (yet)
[1669380670] livestatus: Timeperiod cache not updated, there are no timeperiods (yet)
[1669380730] livestatus: Timeperiod cache not updated, there are no timeperiods (yet)
[1669380790] livestatus: Timeperiod cache not updated, there are no timeperiods (yet)
[1669380850] livestatus: Timeperiod cache not updated, there are no timeperiods (yet)
[1669380910] livestatus: Timeperiod cache not updated, there are no timeperiods (yet)
[1669380970] livestatus: Timeperiod cache not updated, there are no timeperiods (yet)
[1669381031] livestatus: Timeperiod cache not updated, there are no timeperiods (yet)
[1669381091] livestatus: Timeperiod cache not updated, there are no timeperiods (yet)
[1669381151] livestatus: Timeperiod cache not updated, there are no timeperiods (yet)
[1669381211] livestatus: Timeperiod cache not updated, there are no timeperiods (yet)
[1669381271] livestatus: Timeperiod cache not updated, there are no timeperiods (yet)
[1669381331] livestatus: Timeperiod cache not updated, there are no timeperiods (yet)
[1669381391] livestatus: Timeperiod cache not updated, there are no timeperiods (yet)
[1669381451] livestatus: Timeperiod cache not updated, there are no timeperiods (yet)
[1669381511] livestatus: Timeperiod cache not updated, there are no timeperiods (yet)
[1669381571] livestatus: Timeperiod cache not updated, there are no timeperiods (yet)
[1669381631] livestatus: Timeperiod cache not updated, there are no timeperiods (yet)
[1669381692] livestatus: Timeperiod cache not updated, there are no timeperiods (yet)
[1669381750] Auto-save of retention data completed successfully.
[1669381752] livestatus: Timeperiod cache not updated, there are no timeperiods (yet)
[1669381812] livestatus: Timeperiod cache not updated, there are no timeperiods (yet)
[1669381872] livestatus: Timeperiod cache not updated, there are no timeperiods (yet)
[1669381932] livestatus: Timeperiod cache not updated, there are no timeperiods (yet)
[1669381992] livestatus: Timeperiod cache not updated, there are no timeperiods (yet)
[1669382052] livestatus: Timeperiod cache not updated, there are no timeperiods (yet)
[1669382112] livestatus: Timeperiod cache not updated, there are no timeperiods (yet)
[1669382172] livestatus: Timeperiod cache not updated, there are no timeperiods (yet)
[1669382232] livestatus: Timeperiod cache not updated, there are no timeperiods (yet)
[1669382292] livestatus: Timeperiod cache not updated, there are no timeperiods (yet)
[1669382353] livestatus: Timeperiod cache not updated, there are no timeperiods (yet)
[1669382413] livestatus: Timeperiod cache not updated, there are no timeperiods (yet)
[1669382473] livestatus: Timeperiod cache not updated, there are no timeperiods (yet)
[1669382533] livestatus: Timeperiod cache not updated, there are no timeperiods (yet)
[1669382593] livestatus: Timeperiod cache not updated, there are no timeperiods (yet)
[1669382653] livestatus: Timeperiod cache not updated, there are no timeperiods (yet)
[1669382713] livestatus: Timeperiod cache not updated, there are no timeperiods (yet)
[1669382773] livestatus: Timeperiod cache not updated, there are no timeperiods (yet)
[1669382833] livestatus: Timeperiod cache not updated, there are no timeperiods (yet)
[1669382893] livestatus: Timeperiod cache not updated, there are no timeperiods (yet)
[1669382953] livestatus: Timeperiod cache not updated, there are no timeperiods (yet)
[1669383014] livestatus: Timeperiod cache not updated, there are no timeperiods (yet)
[1669383074] livestatus: Timeperiod cache not updated, there are no timeperiods (yet)
[1669383134] livestatus: Timeperiod cache not updated, there are no timeperiods (yet)
[1669383194] livestatus: Timeperiod cache not updated, there are no timeperiods (yet)
[1669383254] livestatus: Timeperiod cache not updated, there are no timeperiods (yet)
[1669383314] livestatus: Timeperiod cache not updated, there are no timeperiods (yet)
[1669383374] livestatus: Timeperiod cache not updated, there are no timeperiods (yet)
[1669383434] livestatus: Timeperiod cache not updated, there are no timeperiods (yet)
[1669383494] livestatus: Timeperiod cache not updated, there are no timeperiods (yet)
[1669383554] livestatus: Timeperiod cache not updated, there are no timeperiods (yet)
[1669383614] livestatus: Timeperiod cache not updated, there are no timeperiods (yet)
[1669383675] livestatus: Timeperiod cache not updated, there are no timeperiods (yet)
[1669383735] livestatus: Timeperiod cache not updated, there are no timeperiods (yet)
[1669383795] livestatus: Timeperiod cache not updated, there are no timeperiods (yet)
[1669383855] livestatus: Timeperiod cache not updated, there are no timeperiods (yet)
[1669383915] livestatus: Timeperiod cache not updated, there are no timeperiods (yet)
[1669383975] livestatus: Timeperiod cache not updated, there are no timeperiods (yet)
[1669384035] livestatus: Timeperiod cache not updated, there are no timeperiods (yet)
[1669384095] livestatus: Timeperiod cache not updated, there are no timeperiods (yet)
[1669384155] livestatus: Timeperiod cache not updated, there are no timeperiods (yet)
[1669384215] livestatus: Timeperiod cache not updated, there are no timeperiods (yet)
[1669384275] livestatus: Timeperiod cache not updated, there are no timeperiods (yet)
[1669384336] livestatus: Timeperiod cache not updated, there are no timeperiods (yet)
[1669384396] livestatus: Timeperiod cache not updated, there are no timeperiods (yet)
[1669384456] livestatus: Timeperiod cache not updated, there are no timeperiods (yet)
[1669384516] livestatus: Timeperiod cache not updated, there are no timeperiods (yet)
[1669384576] livestatus: Timeperiod cache not updated, there are no timeperiods (yet)
[1669384636] livestatus: Timeperiod cache not updated, there are no timeperiods (yet)
[1669384696] livestatus: Timeperiod cache not updated, there are no timeperiods (yet)
[1669384756] livestatus: Timeperiod cache not updated, there are no timeperiods (yet)
[1669384816] livestatus: Timeperiod cache not updated, there are no timeperiods (yet)
[1669384876] livestatus: Timeperiod cache not updated, there are no timeperiods (yet)
[1669384936] livestatus: Timeperiod cache not updated, there are no timeperiods (yet)
[1669384997] livestatus: Timeperiod cache not updated, there are no timeperiods (yet)
[1669385057] livestatus: Timeperiod cache not updated, there are no timeperiods (yet)
[1669385117] livestatus: Timeperiod cache not updated, there are no timeperiods (yet)
[1669385177] livestatus: Timeperiod cache not updated, there are no timeperiods (yet)
[1669385237] livestatus: Timeperiod cache not updated, there are no timeperiods (yet)
[1669385297] livestatus: Timeperiod cache not updated, there are no timeperiods (yet)
[1669385350] Auto-save of retention data completed successfully.
[1669385357] livestatus: Timeperiod cache not updated, there are no timeperiods (yet)
[1669385417] livestatus: Timeperiod cache not updated, there are no timeperiods (yet)
[1669385477] livestatus: Timeperiod cache not updated, there are no timeperiods (yet)
[1669385537] livestatus: Timeperiod cache not updated, there are no timeperiods (yet)
[1669385597] livestatus: Timeperiod cache not updated, there are no timeperiods (yet)
[1669385658] livestatus: Timeperiod cache not updated, there are no timeperiods (yet)
[1669385718] livestatus: Timeperiod cache not updated, there are no timeperiods (yet)
[1669385778] livestatus: Timeperiod cache not updated, there are no timeperiods (yet)
[1669385838] livestatus: Timeperiod cache not updated, there are no timeperiods (yet)
[1669385898] livestatus: Timeperiod cache not updated, there are no timeperiods (yet)
[1669385958] livestatus: Timeperiod cache not updated, there are no timeperiods (yet)
[1669386018] livestatus: Timeperiod cache not updated, there are no timeperiods (yet)
[1669386078] livestatus: Timeperiod cache not updated, there are no timeperiods (yet)
[1669386138] livestatus: Timeperiod cache not updated, there are no timeperiods (yet)
[1669386198] livestatus: Timeperiod cache not updated, there are no timeperiods (yet)
[1669386258] livestatus: Timeperiod cache not updated, there are no timeperiods (yet)
[1669386319] livestatus: Timeperiod cache not updated, there are no timeperiods (yet)
[1669386379] livestatus: Timeperiod cache not updated, there are no timeperiods (yet)
[1669386439] livestatus: Timeperiod cache not updated, there are no timeperiods (yet)
[1669386499] livestatus: Timeperiod cache not updated, there are no timeperiods (yet)
[1669386559] livestatus: Timeperiod cache not updated, there are no timeperiods (yet)
[1669386619] livestatus: Timeperiod cache not updated, there are no timeperiods (yet)
[1669386679] livestatus: Timeperiod cache not updated, there are no timeperiods (yet)
[1669386739] livestatus: Timeperiod cache not updated, there are no timeperiods (yet)
[1669386799] livestatus: Timeperiod cache not updated, there are no timeperiods (yet)
[1669386859] livestatus: Timeperiod cache not updated, there are no timeperiods (yet)
[1669386919] livestatus: Timeperiod cache not updated, there are no timeperiods (yet)
[1669386980] livestatus: Timeperiod cache not updated, there are no timeperiods (yet)
[1669387040] livestatus: Timeperiod cache not updated, there are no timeperiods (yet)
[1669387100] livestatus: Timeperiod cache not updated, there are no timeperiods (yet)
[1669387160] livestatus: Timeperiod cache not updated, there are no timeperiods (yet)
[1669387220] livestatus: Timeperiod cache not updated, there are no timeperiods (yet)
[1669387280] livestatus: Timeperiod cache not updated, there are no timeperiods (yet)
[1669387340] livestatus: Timeperiod cache not updated, there are no timeperiods (yet)
[1669387400] livestatus: Timeperiod cache not updated, there are no timeperiods (yet)
[1669387460] livestatus: Timeperiod cache not updated, there are no timeperiods (yet)
[1669387520] livestatus: Timeperiod cache not updated, there are no timeperiods (yet)
[1669387580] livestatus: Timeperiod cache not updated, there are no timeperiods (yet)
[1669387641] livestatus: Timeperiod cache not updated, there are no timeperiods (yet)
[1669387701] livestatus: Timeperiod cache not updated, there are no timeperiods (yet)
[1669387761] livestatus: Timeperiod cache not updated, there are no timeperiods (yet)
[1669387821] livestatus: Timeperiod cache not updated, there are no timeperiods (yet)
[1669387881] livestatus: Timeperiod cache not updated, there are no timeperiods (yet)
[1669387941] livestatus: Timeperiod cache not updated, there are no timeperiods (yet)
[1669388001] livestatus: Timeperiod cache not updated, there are no timeperiods (yet)
[1669388061] livestatus: Timeperiod cache not updated, there are no timeperiods (yet)
[1669388121] livestatus: Timeperiod cache not updated, there are no timeperiods (yet)
[1669388181] livestatus: Timeperiod cache not updated, there are no timeperiods (yet)
[1669388241] livestatus: Timeperiod cache not updated, there are no timeperiods (yet)
[1669388302] livestatus: Timeperiod cache not updated, there are no timeperiods (yet)
[1669388362] livestatus: Timeperiod cache not updated, there are no timeperiods (yet)
[1669388422] livestatus: Timeperiod cache not updated, there are no timeperiods (yet)
[1669388482] livestatus: Timeperiod cache not updated, there are no timeperiods (yet)
[1669388542] livestatus: Timeperiod cache not updated, there are no timeperiods (yet)
[1669388602] livestatus: Timeperiod cache not updated, there are no timeperiods (yet)
[1669388662] livestatus: Timeperiod cache not updated, there are no timeperiods (yet)
[1669388722] livestatus: Timeperiod cache not updated, there are no timeperiods (yet)
[1669388782] livestatus: Timeperiod cache not updated, there are no timeperiods (yet)
[1669388842] livestatus: Timeperiod cache not updated, there are no timeperiods (yet)
[1669388902] livestatus: Timeperiod cache not updated, there are no timeperiods (yet)
[1669388950] Auto-save of retention data completed successfully.
[1669388963] livestatus: Timeperiod cache not updated, there are no timeperiods (yet)
[1669389023] livestatus: Timeperiod cache not updated, there are no timeperiods (yet)
[1669389083] livestatus: Timeperiod cache not updated, there are no timeperiods (yet)
[1669389143] livestatus: Timeperiod cache not updated, there are no timeperiods (yet)
[1669389203] livestatus: Timeperiod cache not updated, there are no timeperiods (yet)
[1669389263] livestatus: Timeperiod cache not updated, there are no timeperiods (yet)
[1669389323] livestatus: Timeperiod cache not updated, there are no timeperiods (yet)
[1669389383] livestatus: Timeperiod cache not updated, there are no timeperiods (yet)
[1669389443] livestatus: Timeperiod cache not updated, there are no timeperiods (yet)
[1669389503] livestatus: Timeperiod cache not updated, there are no timeperiods (yet)
[1669389563] livestatus: Timeperiod cache not updated, there are no timeperiods (yet)
[1669389624] livestatus: Timeperiod cache not updated, there are no timeperiods (yet)
[1669389684] livestatus: Timeperiod cache not updated, there are no timeperiods (yet)
[1669389744] livestatus: Timeperiod cache not updated, there are no timeperiods (yet)
[1669389804] livestatus: Timeperiod cache not updated, there are no timeperiods (yet)
[1669389864] livestatus: Timeperiod cache not updated, there are no timeperiods (yet)
[1669389924] livestatus: Timeperiod cache not updated, there are no timeperiods (yet)
[1669389984] livestatus: Timeperiod cache not updated, there are no timeperiods (yet)
[1669390044] livestatus: Timeperiod cache not updated, there are no timeperiods (yet)
[1669390104] livestatus: Timeperiod cache not updated, there are no timeperiods (yet)
[1669390164] livestatus: Timeperiod cache not updated, there are no timeperiods (yet)
[1669390224] livestatus: Timeperiod cache not updated, there are no timeperiods (yet)
[1669390285] livestatus: Timeperiod cache not updated, there are no timeperiods (yet)
[1669390345] livestatus: Timeperiod cache not updated, there are no timeperiods (yet)
[1669390405] livestatus: Timeperiod cache not updated, there are no timeperiods (yet)
[1669390465] livestatus: Timeperiod cache not updated, there are no timeperiods (yet)
[1669390525] livestatus: Timeperiod cache not updated, there are no timeperiods (yet)
[1669390585] livestatus: Timeperiod cache not updated, there are no timeperiods (yet)
[1669390645] livestatus: Timeperiod cache not updated, there are no timeperiods (yet)
[1669390705] livestatus: Timeperiod cache not updated, there are no timeperiods (yet)
[1669390765] livestatus: Timeperiod cache not updated, there are no timeperiods (yet)
[1669390825] livestatus: Timeperiod cache not updated, there are no timeperiods (yet)
[1669390885] livestatus: Timeperiod cache not updated, there are no timeperiods (yet)
[1669390946] livestatus: Timeperiod cache not updated, there are no timeperiods (yet)
[1669391006] livestatus: Timeperiod cache not updated, there are no timeperiods (yet)
[1669391066] livestatus: Timeperiod cache not updated, there are no timeperiods (yet)
[1669391126] livestatus: Timeperiod cache not updated, there are no timeperiods (yet)
[1669391186] livestatus: Timeperiod cache not updated, there are no timeperiods (yet)
[1669391246] livestatus: Timeperiod cache not updated, there are no timeperiods (yet)
[1669391306] livestatus: Timeperiod cache not updated, there are no timeperiods (yet)
[1669391366] livestatus: Timeperiod cache not updated, there are no timeperiods (yet)
[1669391426] livestatus: Timeperiod cache not updated, there are no timeperiods (yet)
[1669391486] livestatus: Timeperiod cache not updated, there are no timeperiods (yet)
[1669391546] livestatus: Timeperiod cache not updated, there are no timeperiods (yet)
[1669391607] livestatus: Timeperiod cache not updated, there are no timeperiods (yet)
[1669391667] livestatus: Timeperiod cache not updated, there are no timeperiods (yet)
[1669391727] livestatus: Timeperiod cache not updated, there are no timeperiods (yet)
[1669391787] livestatus: Timeperiod cache not updated, there are no timeperiods (yet)
[1669391847] livestatus: Timeperiod cache not updated, there are no timeperiods (yet)
[1669391907] livestatus: Timeperiod cache not updated, there are no timeperiods (yet)
[1669391967] livestatus: Timeperiod cache not updated, there are no timeperiods (yet)
[1669392027] livestatus: Timeperiod cache not updated, there are no timeperiods (yet)
[1669392087] livestatus: Timeperiod cache not updated, there are no timeperiods (yet)
[1669392147] livestatus: Timeperiod cache not updated, there are no timeperiods (yet)
[1669392207] livestatus: Timeperiod cache not updated, there are no timeperiods (yet)
[1669392268] livestatus: Timeperiod cache not updated, there are no timeperiods (yet)
[1669392328] livestatus: Timeperiod cache not updated, there are no timeperiods (yet)
                                                                                      [1669420351] Nagios 3.5.1 starting... (PID=72)
[1669420351] Local time is Fri Nov 25 18:52:31 EST 2022
[1669420351] LOG VERSION: 2.0
[1669420351] npcdmod: Copyright (c) 2008-2009 Hendrik Baecker (andurin@process-zero.de) - http://www.pnp4nagios.org
[1669420351] npcdmod: /omd/sites/cmk/etc/pnp4nagios/npcd.cfg initialized
[1669420351] npcdmod: spool_dir = '/omd/sites/cmk/var/pnp4nagios/spool/'.
[1669420351] npcdmod: perfdata file '/omd/sites/cmk/var/pnp4nagios/perfdata.dump'.
[1669420351] npcdmod: Ready to run to have some fun!
[1669420351] Event broker module '/omd/sites/cmk/lib/npcdmod.o' initialized successfully.
[1669420351] livestatus: setting number of client threads to 20
[1669420351] livestatus: Path to the license usage '/omd/sites/cmk/var/check_mk/license_usage/history.json' not existing!
[1669420351] livestatus: Check_MK Inventory directory '/omd/sites/cmk/var/check_mk/inventory' not existing!
[1669420351] livestatus: Livestatus by tribe29 GmbH started with PID 72
[1669420351] livestatus: version 2.0.0p27 compiled Wed, 20 Jul 2022 07:50:26 +0000 on debian-10
[1669420351] livestatus: built with g++-11 (GCC) 11.2.0, using RE2 regex engine
[1669420351] livestatus: please visit us at https://checkmk.com/
[1669420351] livestatus: socket path = '/omd/sites/cmk/tmp/run/live'
[1669420351] livestatus: pnp path = '/omd/sites/cmk/var/pnp4nagios/perfdata'
[1669420351] livestatus: inventory path = ''
[1669420351] livestatus: structured status path = ''
[1669420351] livestatus: logwatch path = '/omd/sites/cmk/var/check_mk/logwatch'
[1669420351] livestatus: log file path = '/omd/sites/cmk/var/nagios/livestatus.log'
[1669420351] livestatus: mkeventd socket path = '/omd/sites/cmk/tmp/run/mkeventd/status'
[1669420351] livestatus: rrdcached socket path = '/omd/sites/cmk/tmp/run/rrdcached.sock'
[1669420351] livestatus: running on Checkmk site cmk, cool.
[1669420351] livestatus: opened UNIX socket at /omd/sites/cmk/tmp/run/live
[1669420351] livestatus: your event_broker_options are sufficient for livestatus.
[1669420351] livestatus: finished initialization, further log messages go to /omd/sites/cmk/var/nagios/livestatus.log
[1669420351] Event broker module '/omd/sites/cmk/lib/mk-livestatus/livestatus.o' initialized successfully.
[1669420351] Finished daemonizing... (New PID=73)
[1669420351] livestatus: TIMEPERIOD TRANSITION: 24X7;-1;1
[1669420351] livestatus: Timeperiod cache not updated, there are no timeperiods (yet)
[1669420351] livestatus: logging initial states
[1669420351] livestatus: starting main thread and 20 client threads
[1669420351] livestatus: default stack size is 8388608
[1669420351] livestatus: setting thread stack size to 1048576
[1669420411] livestatus: Timeperiod cache not updated, there are no timeperiods (yet)
[1669420471] livestatus: Timeperiod cache not updated, there are no timeperiods (yet)
[1669420531] livestatus: Timeperiod cache not updated, there are no timeperiods (yet)
[1669420591] livestatus: Timeperiod cache not updated, there are no timeperiods (yet)
[1669420651] livestatus: Timeperiod cache not updated, there are no timeperiods (yet)
[1669420711] livestatus: Timeperiod cache not updated, there are no timeperiods (yet)
[1669420771] livestatus: Timeperiod cache not updated, there are no timeperiods (yet)
[1669420832] livestatus: Timeperiod cache not updated, there are no timeperiods (yet)
[1669420892] livestatus: Timeperiod cache not updated, there are no timeperiods (yet)
[1669420952] livestatus: Timeperiod cache not updated, there are no timeperiods (yet)
[1669421012] livestatus: Timeperiod cache not updated, there are no timeperiods (yet)
[1669421072] livestatus: Timeperiod cache not updated, there are no timeperiods (yet)
[1669421132] livestatus: Timeperiod cache not updated, there are no timeperiods (yet)
[1669421192] livestatus: Timeperiod cache not updated, there are no timeperiods (yet)
[1669421252] livestatus: Timeperiod cache not updated, there are no timeperiods (yet)
[1669421312] livestatus: Timeperiod cache not updated, there are no timeperiods (yet)
[1669421372] livestatus: Timeperiod cache not updated, there are no timeperiods (yet)
[1669421432] livestatus: Timeperiod cache not updated, there are no timeperiods (yet)
[1669421492] livestatus: Timeperiod cache not updated, there are no timeperiods (yet)
[1669421552] livestatus: Timeperiod cache not updated, there are no timeperiods (yet)
[1669421612] livestatus: Timeperiod cache not updated, there are no timeperiods (yet)
[1669421673] livestatus: Timeperiod cache not updated, there are no timeperiods (yet)
[1669421733] livestatus: Timeperiod cache not updated, there are no timeperiods (yet)
[1669421793] livestatus: Timeperiod cache not updated, there are no timeperiods (yet)
[1669421853] livestatus: Timeperiod cache not updated, there are no timeperiods (yet)
[1669421913] livestatus: Timeperiod cache not updated, there are no timeperiods (yet)
[1669421973] livestatus: Timeperiod cache not updated, there are no timeperiods (yet)
[1669422033] livestatus: Timeperiod cache not updated, there are no timeperiods (yet)
[1669422093] livestatus: Timeperiod cache not updated, there are no timeperiods (yet)
[1669422153] livestatus: Timeperiod cache not updated, there are no timeperiods (yet)
[1669422213] livestatus: Timeperiod cache not updated, there are no timeperiods (yet)
[1669422273] livestatus: Timeperiod cache not updated, there are no timeperiods (yet)
[1669422333] livestatus: Timeperiod cache not updated, there are no timeperiods (yet)
[1669422393] livestatus: Timeperiod cache not updated, there are no timeperiods (yet)
[1669422453] livestatus: Timeperiod cache not updated, there are no timeperiods (yet)
[1669422514] livestatus: Timeperiod cache not updated, there are no timeperiods (yet)
[1669422574] livestatus: Timeperiod cache not updated, there are no timeperiods (yet)
[1669422634] livestatus: Timeperiod cache not updated, there are no timeperiods (yet)
[1669422694] livestatus: Timeperiod cache not updated, there are no timeperiods (yet)
[1669422754] livestatus: Timeperiod cache not updated, there are no timeperiods (yet)
[1669422814] livestatus: Timeperiod cache not updated, there are no timeperiods (yet)
[1669422874] livestatus: Timeperiod cache not updated, there are no timeperiods (yet)
[1669422934] livestatus: Timeperiod cache not updated, there are no timeperiods (yet)
[1669422994] livestatus: Timeperiod cache not updated, there are no timeperiods (yet)
[1669423054] livestatus: Timeperiod cache not updated, there are no timeperiods (yet)
[1669423114] livestatus: Timeperiod cache not updated, there are no timeperiods (yet)
[1669423174] livestatus: Timeperiod cache not updated, there are no timeperiods (yet)
[1669423234] livestatus: Timeperiod cache not updated, there are no timeperiods (yet)
[1669423294] livestatus: Timeperiod cache not updated, there are no timeperiods (yet)
[1669423354] livestatus: Timeperiod cache not updated, there are no timeperiods (yet)
[1669423414] livestatus: Timeperiod cache not updated, there are no timeperiods (yet)
[1669423474] livestatus: Timeperiod cache not updated, there are no timeperiods (yet)
[1669423535] livestatus: Timeperiod cache not updated, there are no timeperiods (yet)
[1669423595] livestatus: Timeperiod cache not updated, there are no timeperiods (yet)
[1669423655] livestatus: Timeperiod cache not updated, there are no timeperiods (yet)
[1669423715] livestatus: Timeperiod cache not updated, there are no timeperiods (yet)
[1669423775] livestatus: Timeperiod cache not updated, there are no timeperiods (yet)
[1669423835] livestatus: Timeperiod cache not updated, there are no timeperiods (yet)
[1669423895] livestatus: Timeperiod cache not updated, there are no timeperiods (yet)
[1669423951] Auto-save of retention data completed successfully.
[1669423955] livestatus: Timeperiod cache not updated, there are no timeperiods (yet)
[1669424015] livestatus: Timeperiod cache not updated, there are no timeperiods (yet)
[1669424075] livestatus: Timeperiod cache not updated, there are no timeperiods (yet)
[1669424135] livestatus: Timeperiod cache not updated, there are no timeperiods (yet)
[1669424195] livestatus: Timeperiod cache not updated, there are no timeperiods (yet)
[1669424255] livestatus: Timeperiod cache not updated, there are no timeperiods (yet)
[1669424315] livestatus: Timeperiod cache not updated, there are no timeperiods (yet)
[1669424375] livestatus: Timeperiod cache not updated, there are no timeperiods (yet)
[1669424435] livestatus: Timeperiod cache not updated, there are no timeperiods (yet)
[1669424495] livestatus: Timeperiod cache not updated, there are no timeperiods (yet)
[1669424555] livestatus: Timeperiod cache not updated, there are no timeperiods (yet)
[1669424615] livestatus: Timeperiod cache not updated, there are no timeperiods (yet)
[1669424675] livestatus: Timeperiod cache not updated, there are no timeperiods (yet)
[1669424735] livestatus: Timeperiod cache not updated, there are no timeperiods (yet)
[1669424795] livestatus: Timeperiod cache not updated, there are no timeperiods (yet)
[1669424856] livestatus: Timeperiod cache not updated, there are no timeperiods (yet)
[1669424916] livestatus: Timeperiod cache not updated, there are no timeperiods (yet)
[1669424976] livestatus: Timeperiod cache not updated, there are no timeperiods (yet)
[1669425036] livestatus: Timeperiod cache not updated, there are no timeperiods (yet)
[1669425096] livestatus: Timeperiod cache not updated, there are no timeperiods (yet)
[1669425156] livestatus: Timeperiod cache not updated, there are no timeperiods (yet)
[1669425216] livestatus: Timeperiod cache not updated, there are no timeperiods (yet)
[1669425276] livestatus: Timeperiod cache not updated, there are no timeperiods (yet)
[1669425336] livestatus: Timeperiod cache not updated, there are no timeperiods (yet)
[1669425396] livestatus: Timeperiod cache not updated, there are no timeperiods (yet)
[1669425456] livestatus: Timeperiod cache not updated, there are no timeperiods (yet)
[1669425516] livestatus: Timeperiod cache not updated, there are no timeperiods (yet)
[1669425576] livestatus: Timeperiod cache not updated, there are no timeperiods (yet)
[1669425636] livestatus: Timeperiod cache not updated, there are no timeperiods (yet)
[1669425696] livestatus: Timeperiod cache not updated, there are no timeperiods (yet)
[1669425756] livestatus: Timeperiod cache not updated, there are no timeperiods (yet)
[1669425816] livestatus: Timeperiod cache not updated, there are no timeperiods (yet)
[1669425876] livestatus: Timeperiod cache not updated, there are no timeperiods (yet)
[1669425936] livestatus: Timeperiod cache not updated, there are no timeperiods (yet)
[1669425996] livestatus: Timeperiod cache not updated, there are no timeperiods (yet)
[1669426056] livestatus: Timeperiod cache not updated, there are no timeperiods (yet)
[1669426116] livestatus: Timeperiod cache not updated, there are no timeperiods (yet)
[1669426177] livestatus: Timeperiod cache not updated, there are no timeperiods (yet)
[1669426237] livestatus: Timeperiod cache not updated, there are no timeperiods (yet)
[1669426297] livestatus: Timeperiod cache not updated, there are no timeperiods (yet)
[1669426357] livestatus: Timeperiod cache not updated, there are no timeperiods (yet)
[1669427095] Nagios 3.5.1 starting... (PID=72)
[1669427095] Local time is Fri Nov 25 20:44:55 EST 2022
[1669427095] LOG VERSION: 2.0
[1669427095] npcdmod: Copyright (c) 2008-2009 Hendrik Baecker (andurin@process-zero.de) - http://www.pnp4nagios.org
[1669427095] npcdmod: /omd/sites/cmk/etc/pnp4nagios/npcd.cfg initialized
[1669427095] npcdmod: spool_dir = '/omd/sites/cmk/var/pnp4nagios/spool/'.
[1669427095] npcdmod: perfdata file '/omd/sites/cmk/var/pnp4nagios/perfdata.dump'.
[1669427095] npcdmod: Ready to run to have some fun!
[1669427095] Event broker module '/omd/sites/cmk/lib/npcdmod.o' initialized successfully.
[1669427095] livestatus: setting number of client threads to 20
[1669427095] livestatus: Path to the license usage '/omd/sites/cmk/var/check_mk/license_usage/history.json' not existing!
[1669427095] livestatus: Check_MK Inventory directory '/omd/sites/cmk/var/check_mk/inventory' not existing!
[1669427095] livestatus: Livestatus by tribe29 GmbH started with PID 72
[1669427095] livestatus: version 2.0.0p27 compiled Wed, 20 Jul 2022 07:50:26 +0000 on debian-10
[1669427095] livestatus: built with g++-11 (GCC) 11.2.0, using RE2 regex engine
[1669427095] livestatus: please visit us at https://checkmk.com/
[1669427095] livestatus: socket path = '/omd/sites/cmk/tmp/run/live'
[1669427095] livestatus: pnp path = '/omd/sites/cmk/var/pnp4nagios/perfdata'
[1669427095] livestatus: inventory path = ''
[1669427095] livestatus: structured status path = ''
[1669427095] livestatus: logwatch path = '/omd/sites/cmk/var/check_mk/logwatch'
[1669427095] livestatus: log file path = '/omd/sites/cmk/var/nagios/livestatus.log'
[1669427095] livestatus: mkeventd socket path = '/omd/sites/cmk/tmp/run/mkeventd/status'
[1669427095] livestatus: rrdcached socket path = '/omd/sites/cmk/tmp/run/rrdcached.sock'
[1669427095] livestatus: running on Checkmk site cmk, cool.
[1669427095] livestatus: opened UNIX socket at /omd/sites/cmk/tmp/run/live
[1669427095] livestatus: your event_broker_options are sufficient for livestatus.
[1669427095] livestatus: finished initialization, further log messages go to /omd/sites/cmk/var/nagios/livestatus.log
[1669427095] Event broker module '/omd/sites/cmk/lib/mk-livestatus/livestatus.o' initialized successfully.
[1669427095] Finished daemonizing... (New PID=76)
[1669427095] livestatus: TIMEPERIOD TRANSITION: 24X7;-1;1
[1669427095] livestatus: Timeperiod cache not updated, there are no timeperiods (yet)
[1669427095] livestatus: logging initial states
[1669427095] livestatus: starting main thread and 20 client threads
[1669427095] livestatus: default stack size is 8388608
[1669427095] livestatus: setting thread stack size to 1048576
[1669427155] livestatus: Timeperiod cache not updated, there are no timeperiods (yet)
[1669427215] livestatus: Timeperiod cache not updated, there are no timeperiods (yet)
[1669427275] livestatus: Timeperiod cache not updated, there are no timeperiods (yet)
[1669427335] livestatus: Timeperiod cache not updated, there are no timeperiods (yet)
[1669427395] livestatus: Timeperiod cache not updated, there are no timeperiods (yet)
[1669427455] livestatus: Timeperiod cache not updated, there are no timeperiods (yet)
[1669427515] livestatus: Timeperiod cache not updated, there are no timeperiods (yet)
[1669427575] livestatus: Timeperiod cache not updated, there are no timeperiods (yet)
[1669427636] livestatus: Timeperiod cache not updated, there are no timeperiods (yet)
[1669427696] livestatus: Timeperiod cache not updated, there are no timeperiods (yet)
[1669427756] livestatus: Timeperiod cache not updated, there are no timeperiods (yet)
[1669427816] livestatus: Timeperiod cache not updated, there are no timeperiods (yet)
[1669427876] livestatus: Timeperiod cache not updated, there are no timeperiods (yet)
[1669427936] livestatus: Timeperiod cache not updated, there are no timeperiods (yet)
[1669427996] livestatus: Timeperiod cache not updated, there are no timeperiods (yet)
[1669428056] livestatus: Timeperiod cache not updated, there are no timeperiods (yet)
[1669428116] livestatus: Timeperiod cache not updated, there are no timeperiods (yet)
[1669428176] livestatus: Timeperiod cache not updated, there are no timeperiods (yet)
[1669428236] livestatus: Timeperiod cache not updated, there are no timeperiods (yet)
[1669428297] livestatus: Timeperiod cache not updated, there are no timeperiods (yet)
[1669428357] livestatus: Timeperiod cache not updated, there are no timeperiods (yet)
[1669428417] livestatus: Timeperiod cache not updated, there are no timeperiods (yet)
[1669428477] livestatus: Timeperiod cache not updated, there are no timeperiods (yet)
[1669428537] livestatus: Timeperiod cache not updated, there are no timeperiods (yet)
[1669428597] livestatus: Timeperiod cache not updated, there are no timeperiods (yet)
[1669428657] livestatus: Timeperiod cache not updated, there are no timeperiods (yet)
[1669428717] livestatus: Timeperiod cache not updated, there are no timeperiods (yet)
[1669428777] livestatus: Timeperiod cache not updated, there are no timeperiods (yet)
[1669428837] livestatus: Timeperiod cache not updated, there are no timeperiods (yet)
[1669428897] livestatus: Timeperiod cache not updated, there are no timeperiods (yet)
[1669428952] Caught SIGTERM, shutting down...
[1669428952] Successfully shutdown... (PID=76)
[1669428952] npcdmod: If you don't like me, I will go out! Bye.
[1669428952] Event broker module '/omd/sites/cmk/lib/npcdmod.o' deinitialized successfully.
[1669428952] livestatus: deinitializing
[1669428952] livestatus: waiting for main to terminate...
[1669428954] livestatus: waiting for client threads to terminate...
[1669428954] livestatus: cannot join thread main: No such process
[1669428954] livestatus: main thread + 20 client threads have finished
[1669428954] Event broker module '/omd/sites/cmk/lib/mk-livestatus/livestatus.o' deinitialized successfully.
[1669428976] Nagios 3.5.1 starting... (PID=72)
[1669428976] Local time is Fri Nov 25 21:16:16 EST 2022
[1669428976] LOG VERSION: 2.0
[1669428976] npcdmod: Copyright (c) 2008-2009 Hendrik Baecker (andurin@process-zero.de) - http://www.pnp4nagios.org
[1669428976] npcdmod: /omd/sites/cmk/etc/pnp4nagios/npcd.cfg initialized
[1669428976] npcdmod: spool_dir = '/omd/sites/cmk/var/pnp4nagios/spool/'.
[1669428976] npcdmod: perfdata file '/omd/sites/cmk/var/pnp4nagios/perfdata.dump'.
[1669428976] npcdmod: Ready to run to have some fun!
[1669428976] Event broker module '/omd/sites/cmk/lib/npcdmod.o' initialized successfully.
[1669428976] livestatus: setting number of client threads to 20
[1669428976] livestatus: Path to the license usage '/omd/sites/cmk/var/check_mk/license_usage/history.json' not existing!
[1669428976] livestatus: Check_MK Inventory directory '/omd/sites/cmk/var/check_mk/inventory' not existing!
[1669428976] livestatus: Livestatus by tribe29 GmbH started with PID 72
[1669428976] livestatus: version 2.0.0p27 compiled Wed, 20 Jul 2022 07:50:26 +0000 on debian-10
[1669428976] livestatus: built with g++-11 (GCC) 11.2.0, using RE2 regex engine
[1669428976] livestatus: please visit us at https://checkmk.com/
[1669428976] livestatus: socket path = '/omd/sites/cmk/tmp/run/live'
[1669428976] livestatus: pnp path = '/omd/sites/cmk/var/pnp4nagios/perfdata'
[1669428976] livestatus: inventory path = ''
[1669428976] livestatus: structured status path = ''
[1669428976] livestatus: logwatch path = '/omd/sites/cmk/var/check_mk/logwatch'
[1669428976] livestatus: log file path = '/omd/sites/cmk/var/nagios/livestatus.log'
[1669428976] livestatus: mkeventd socket path = '/omd/sites/cmk/tmp/run/mkeventd/status'
[1669428976] livestatus: rrdcached socket path = '/omd/sites/cmk/tmp/run/rrdcached.sock'
[1669428976] livestatus: running on Checkmk site cmk, cool.
[1669428976] livestatus: opened UNIX socket at /omd/sites/cmk/tmp/run/live
[1669428976] livestatus: your event_broker_options are sufficient for livestatus.
[1669428976] livestatus: finished initialization, further log messages go to /omd/sites/cmk/var/nagios/livestatus.log
[1669428976] Event broker module '/omd/sites/cmk/lib/mk-livestatus/livestatus.o' initialized successfully.
[1669428976] Finished daemonizing... (New PID=73)
[1669428976] livestatus: TIMEPERIOD TRANSITION: 24X7;-1;1
[1669428976] livestatus: Timeperiod cache not updated, there are no timeperiods (yet)
[1669428976] livestatus: logging initial states
[1669428976] livestatus: starting main thread and 20 client threads
[1669428976] livestatus: default stack size is 8388608
[1669428976] livestatus: setting thread stack size to 1048576
[1669429036] livestatus: Timeperiod cache not updated, there are no timeperiods (yet)
[1669429096] livestatus: Timeperiod cache not updated, there are no timeperiods (yet)
[1669429156] livestatus: Timeperiod cache not updated, there are no timeperiods (yet)
[1669429216] livestatus: Timeperiod cache not updated, there are no timeperiods (yet)
[1669429276] livestatus: Timeperiod cache not updated, there are no timeperiods (yet)
[1669429337] livestatus: Timeperiod cache not updated, there are no timeperiods (yet)
[1669429397] livestatus: Timeperiod cache not updated, there are no timeperiods (yet)
[1669429457] livestatus: Timeperiod cache not updated, there are no timeperiods (yet)
[1669429517] livestatus: Timeperiod cache not updated, there are no timeperiods (yet)
[1669429577] livestatus: Timeperiod cache not updated, there are no timeperiods (yet)
[1669429637] livestatus: Timeperiod cache not updated, there are no timeperiods (yet)
[1669429697] livestatus: Timeperiod cache not updated, there are no timeperiods (yet)
[1669429757] livestatus: Timeperiod cache not updated, there are no timeperiods (yet)
[1669429817] livestatus: Timeperiod cache not updated, there are no timeperiods (yet)
[1669429877] livestatus: Timeperiod cache not updated, there are no timeperiods (yet)
[1669429937] livestatus: Timeperiod cache not updated, there are no timeperiods (yet)
[1669429997] livestatus: Timeperiod cache not updated, there are no timeperiods (yet)
[1669430058] livestatus: Timeperiod cache not updated, there are no timeperiods (yet)
[1669430118] livestatus: Timeperiod cache not updated, there are no timeperiods (yet)
