[08-07-2022 06:13:06] NPCD: npcd Daemon (0.6.26) started with PID=489
[08-07-2022 06:13:06] NPCD: Please have a look at 'npcd -V' to get license information
[08-07-2022 06:13:06] NPCD: HINT: load_threshold is disabled - ('0.000000')
[08-13-2022 11:04:30] NPCD: npcd Daemon (0.6.26) started with PID=51
[08-13-2022 11:04:30] NPCD: Please have a look at 'npcd -V' to get license information
[08-13-2022 11:04:30] NPCD: HINT: load_threshold is disabled - ('0.000000')
[08-13-2022 14:15:17] NPCD: Caught Termination Signal - Astalavista... baby
[08-13-2022 14:15:24] NPCD: npcd Daemon (0.6.26) started with PID=52
[08-13-2022 14:15:24] NPCD: Please have a look at 'npcd -V' to get license information
[08-13-2022 14:15:24] NPCD: HINT: load_threshold is disabled - ('0.000000')
[08-13-2022 14:17:58] NPCD: Caught Termination Signal - Astalavista... baby
[08-13-2022 14:18:02] NPCD: npcd Daemon (0.6.26) started with PID=51
[08-13-2022 14:18:02] NPCD: Please have a look at 'npcd -V' to get license information
[08-13-2022 14:18:02] NPCD: HINT: load_threshold is disabled - ('0.000000')
[08-21-2022 07:21:27] NPCD: npcd Daemon (0.6.26) started with PID=52
[08-21-2022 07:21:27] NPCD: Please have a look at 'npcd -V' to get license information
[08-21-2022 07:21:27] NPCD: HINT: load_threshold is disabled - ('0.000000')
[09-25-2022 23:55:17] NPCD: npcd Daemon (0.6.26) started with PID=52
[09-25-2022 23:55:17] NPCD: Please have a look at 'npcd -V' to get license information
[09-25-2022 23:55:17] NPCD: HINT: load_threshold is disabled - ('0.000000')
[09-25-2022 23:58:00] NPCD: Caught Termination Signal - Astalavista... baby
[09-25-2022 23:59:18] NPCD: npcd Daemon (0.6.26) started with PID=51
[09-25-2022 23:59:18] NPCD: Please have a look at 'npcd -V' to get license information
[09-25-2022 23:59:18] NPCD: HINT: load_threshold is disabled - ('0.000000')
[09-26-2022 00:14:11] NPCD: Caught Termination Signal - Astalavista... baby
[09-26-2022 00:14:15] NPCD: npcd Daemon (0.6.26) started with PID=52
[09-26-2022 00:14:15] NPCD: Please have a look at 'npcd -V' to get license information
[09-26-2022 00:14:15] NPCD: HINT: load_threshold is disabled - ('0.000000')
[09-26-2022 00:25:42] NPCD: Caught Termination Signal - Astalavista... baby
[09-26-2022 00:25:46] NPCD: npcd Daemon (0.6.26) started with PID=51
[09-26-2022 00:25:46] NPCD: Please have a look at 'npcd -V' to get license information
[09-26-2022 00:25:46] NPCD: HINT: load_threshold is disabled - ('0.000000')
[10-13-2022 21:03:07] NPCD: Caught Termination Signal - Astalavista... baby
[10-13-2022 21:03:17] NPCD: npcd Daemon (0.6.26) started with PID=51
[10-13-2022 21:03:17] NPCD: Please have a look at 'npcd -V' to get license information
[10-13-2022 21:03:17] NPCD: HINT: load_threshold is disabled - ('0.000000')
[10-13-2022 21:03:39] NPCD: Caught Termination Signal - Astalavista... baby
[10-13-2022 21:03:46] NPCD: npcd Daemon (0.6.26) started with PID=52
[10-13-2022 21:03:46] NPCD: Please have a look at 'npcd -V' to get license information
[10-13-2022 21:03:46] NPCD: HINT: load_threshold is disabled - ('0.000000')
[10-13-2022 21:05:21] NPCD: Caught Termination Signal - Astalavista... baby
[10-14-2022 19:14:37] NPCD: npcd Daemon (0.6.26) started with PID=51
[10-14-2022 19:14:37] NPCD: Please have a look at 'npcd -V' to get license information
[10-14-2022 19:14:37] NPCD: HINT: load_threshold is disabled - ('0.000000')
[10-14-2022 19:57:04] NPCD: Caught Termination Signal - Astalavista... baby
[10-14-2022 19:57:10] NPCD: npcd Daemon (0.6.26) started with PID=53
[10-14-2022 19:57:10] NPCD: Please have a look at 'npcd -V' to get license information
[10-14-2022 19:57:10] NPCD: HINT: load_threshold is disabled - ('0.000000')
[10-15-2022 01:27:30] NPCD: Caught Termination Signal - Astalavista... baby
[10-15-2022 01:27:37] NPCD: npcd Daemon (0.6.26) started with PID=52
[10-15-2022 01:27:37] NPCD: Please have a look at 'npcd -V' to get license information
[10-15-2022 01:27:37] NPCD: HINT: load_threshold is disabled - ('0.000000')
[10-17-2022 15:34:23] NPCD: npcd Daemon (0.6.26) started with PID=53
[10-17-2022 15:34:23] NPCD: Please have a look at 'npcd -V' to get license information
[10-17-2022 15:34:23] NPCD: HINT: load_threshold is disabled - ('0.000000')
[10-18-2022 07:11:36] NPCD: Caught Termination Signal - Astalavista... baby
[10-18-2022 07:11:41] NPCD: npcd Daemon (0.6.26) started with PID=51
[10-18-2022 07:11:41] NPCD: Please have a look at 'npcd -V' to get license information
[10-18-2022 07:11:41] NPCD: HINT: load_threshold is disabled - ('0.000000')
[10-18-2022 07:14:27] NPCD: ERROR: Executed command exits with return code '7'
[10-18-2022 07:14:27] NPCD: ERROR: Command line was '/omd/sites/cmk/lib/pnp4nagios/process_perfdata.pl -n -c /omd/sites/cmk/etc/pnp4nagios/process_perfdata.cfg -b /omd/sites/cmk/var/pnp4nagios/spool//perfdata.1666091650'
[10-18-2022 07:15:17] NPCD: ERROR: Executed command exits with return code '7'
[10-18-2022 07:15:17] NPCD: ERROR: Command line was '/omd/sites/cmk/lib/pnp4nagios/process_perfdata.pl -n -c /omd/sites/cmk/etc/pnp4nagios/process_perfdata.cfg -b /omd/sites/cmk/var/pnp4nagios/spool//perfdata.1666091680'
[10-18-2022 07:16:17] NPCD: ERROR: Executed command exits with return code '7'
[10-18-2022 07:16:17] NPCD: ERROR: Command line was '/omd/sites/cmk/lib/pnp4nagios/process_perfdata.pl -n -c /omd/sites/cmk/etc/pnp4nagios/process_perfdata.cfg -b /omd/sites/cmk/var/pnp4nagios/spool//perfdata.1666091725'
[10-18-2022 07:17:17] NPCD: ERROR: Executed command exits with return code '7'
[10-18-2022 07:17:17] NPCD: ERROR: Command line was '/omd/sites/cmk/lib/pnp4nagios/process_perfdata.pl -n -c /omd/sites/cmk/etc/pnp4nagios/process_perfdata.cfg -b /omd/sites/cmk/var/pnp4nagios/spool//perfdata.1666091785'
[10-18-2022 19:40:08] NPCD: npcd Daemon (0.6.26) started with PID=52
[10-18-2022 19:40:08] NPCD: Please have a look at 'npcd -V' to get license information
[10-18-2022 19:40:08] NPCD: HINT: load_threshold is disabled - ('0.000000')
[10-25-2022 22:09:05] NPCD: Caught Termination Signal - Astalavista... baby
[10-25-2022 22:09:10] NPCD: npcd Daemon (0.6.26) started with PID=52
[10-25-2022 22:09:10] NPCD: Please have a look at 'npcd -V' to get license information
[10-25-2022 22:09:10] NPCD: HINT: load_threshold is disabled - ('0.000000')
[11-25-2022 18:52:31] NPCD: npcd Daemon (0.6.26) started with PID=52
[11-25-2022 18:52:31] NPCD: Please have a look at 'npcd -V' to get license information
[11-25-2022 18:52:31] NPCD: HINT: load_threshold is disabled - ('0.000000')
[11-25-2022 20:44:55] NPCD: npcd Daemon (0.6.26) started with PID=52
[11-25-2022 20:44:55] NPCD: Please have a look at 'npcd -V' to get license information
[11-25-2022 20:44:55] NPCD: HINT: load_threshold is disabled - ('0.000000')
[11-25-2022 21:15:54] NPCD: Caught Termination Signal - Astalavista... baby
[11-25-2022 21:16:16] NPCD: npcd Daemon (0.6.26) started with PID=51
[11-25-2022 21:16:16] NPCD: Please have a look at 'npcd -V' to get license information
[11-25-2022 21:16:16] NPCD: HINT: load_threshold is disabled - ('0.000000')
