2022-10-18 07:14:27 [394] [0] *** TIMEOUT: Timeout after 15 secs. ***
2022-10-18 07:14:27 [394] [0] *** TIMEOUT: Deleting current file to avoid NPCD loops
2022-10-18 07:14:27 [394] [0] *** TIMEOUT: Please check your process_perfdata.cfg
2022-10-18 07:14:27 [394] [0] *** TIMEOUT: Could not delete /omd/sites/cmk/var/pnp4nagios/spool//perfdata.1666091650-PID-394:No such file or directory
2022-10-18 07:14:27 [394] [0] *** Timeout while processing Host: ".pnp-internal" Service: "runtime"
2022-10-18 07:14:27 [394] [0] *** process_perfdata.pl terminated on signal ALRM
2022-10-18 07:15:17 [400] [0] *** TIMEOUT: Timeout after 15 secs. ***
2022-10-18 07:15:17 [400] [0] *** TIMEOUT: Deleting current file to avoid NPCD loops
2022-10-18 07:15:17 [400] [0] *** TIMEOUT: Please check your process_perfdata.cfg
2022-10-18 07:15:17 [400] [0] *** TIMEOUT: Could not delete /omd/sites/cmk/var/pnp4nagios/spool//perfdata.1666091680-PID-400:No such file or directory
2022-10-18 07:15:17 [400] [0] *** Timeout while processing Host: ".pnp-internal" Service: "runtime"
2022-10-18 07:15:17 [400] [0] *** process_perfdata.pl terminated on signal ALRM
2022-10-18 07:16:17 [440] [0] *** TIMEOUT: Timeout after 15 secs. ***
2022-10-18 07:16:17 [440] [0] *** TIMEOUT: Deleting current file to avoid NPCD loops
2022-10-18 07:16:17 [440] [0] *** TIMEOUT: Please check your process_perfdata.cfg
2022-10-18 07:16:17 [440] [0] *** TIMEOUT: Could not delete /omd/sites/cmk/var/pnp4nagios/spool//perfdata.1666091725-PID-440:No such file or directory
2022-10-18 07:16:17 [440] [0] *** Timeout while processing Host: ".pnp-internal" Service: "runtime"
2022-10-18 07:16:17 [440] [0] *** process_perfdata.pl terminated on signal ALRM
2022-10-18 07:17:17 [453] [0] *** TIMEOUT: Timeout after 15 secs. ***
2022-10-18 07:17:17 [453] [0] *** TIMEOUT: Deleting current file to avoid NPCD loops
2022-10-18 07:17:17 [453] [0] *** TIMEOUT: Please check your process_perfdata.cfg
2022-10-18 07:17:17 [453] [0] *** TIMEOUT: Could not delete /omd/sites/cmk/var/pnp4nagios/spool//perfdata.1666091785-PID-453:No such file or directory
2022-10-18 07:17:17 [453] [0] *** Timeout while processing Host: ".pnp-internal" Service: "runtime"
2022-10-18 07:17:17 [453] [0] *** process_perfdata.pl terminated on signal ALRM
