[1659867185] Nagios 3.5.1 starting... (PID=510)
[1659867185] Local time is Sun Aug 07 06:13:05 EDT 2022
[1659867185] LOG VERSION: 2.0
[1659867185] npcdmod: Copyright (c) 2008-2009 Hendrik Baecker (andurin@process-zero.de) - http://www.pnp4nagios.org
[1659867185] npcdmod: /omd/sites/cmk/etc/pnp4nagios/npcd.cfg initialized
[1659867185] npcdmod: spool_dir = '/omd/sites/cmk/var/pnp4nagios/spool/'.
[1659867185] npcdmod: perfdata file '/omd/sites/cmk/var/pnp4nagios/perfdata.dump'.
[1659867185] npcdmod: Ready to run to have some fun!
[1659867185] Event broker module '/omd/sites/cmk/lib/npcdmod.o' initialized successfully.
[1659867185] livestatus: setting number of client threads to 20
[1659867185] livestatus: Path to the license usage '/omd/sites/cmk/var/check_mk/license_usage/history.json' not existing!
[1659867185] livestatus: Check_MK Inventory directory '/omd/sites/cmk/var/check_mk/inventory' not existing!
[1659867185] livestatus: Livestatus by tribe29 GmbH started with PID 510
[1659867185] livestatus: version 2.0.0p27 compiled Wed, 20 Jul 2022 07:50:26 +0000 on debian-10
[1659867185] livestatus: built with g++-11 (GCC) 11.2.0, using RE2 regex engine
[1659867185] livestatus: please visit us at https://checkmk.com/
[1659867185] livestatus: socket path = '/omd/sites/cmk/tmp/run/live'
[1659867185] livestatus: pnp path = '/omd/sites/cmk/var/pnp4nagios/perfdata'
[1659867185] livestatus: inventory path = ''
[1659867185] livestatus: structured status path = ''
[1659867185] livestatus: logwatch path = '/omd/sites/cmk/var/check_mk/logwatch'
[1659867185] livestatus: log file path = '/omd/sites/cmk/var/nagios/livestatus.log'
[1659867185] livestatus: mkeventd socket path = '/omd/sites/cmk/tmp/run/mkeventd/status'
[1659867185] livestatus: rrdcached socket path = '/omd/sites/cmk/tmp/run/rrdcached.sock'
[1659867185] livestatus: running on Checkmk site cmk, cool.
[1659867185] livestatus: opened UNIX socket at /omd/sites/cmk/tmp/run/live
[1659867185] livestatus: your event_broker_options are sufficient for livestatus.
[1659867185] livestatus: finished initialization, further log messages go to /omd/sites/cmk/var/nagios/livestatus.log
[1659867185] Event broker module '/omd/sites/cmk/lib/mk-livestatus/livestatus.o' initialized successfully.
[1659867185] Finished daemonizing... (New PID=511)
[1659867185] livestatus: TIMEPERIOD TRANSITION: 24X7;-1;1
[1659867185] livestatus: Timeperiod cache not updated, there are no timeperiods (yet)
[1659867185] livestatus: logging initial states
[1659867185] livestatus: starting main thread and 20 client threads
[1659867185] livestatus: default stack size is 8388608
[1659867185] livestatus: setting thread stack size to 1048576
[1659867246] livestatus: Timeperiod cache not updated, there are no timeperiods (yet)
[1659867306] livestatus: Timeperiod cache not updated, there are no timeperiods (yet)
[1659867366] livestatus: Timeperiod cache not updated, there are no timeperiods (yet)
[1659867426] livestatus: Timeperiod cache not updated, there are no timeperiods (yet)
[1659867486] livestatus: Timeperiod cache not updated, there are no timeperiods (yet)
[1659867546] livestatus: Timeperiod cache not updated, there are no timeperiods (yet)
[1659867606] livestatus: Timeperiod cache not updated, there are no timeperiods (yet)
[1659867666] livestatus: Timeperiod cache not updated, there are no timeperiods (yet)
[1659867726] livestatus: Timeperiod cache not updated, there are no timeperiods (yet)
[1659867786] livestatus: Timeperiod cache not updated, there are no timeperiods (yet)
[1659867846] livestatus: Timeperiod cache not updated, there are no timeperiods (yet)
[1659867907] livestatus: Timeperiod cache not updated, there are no timeperiods (yet)
[1659867967] livestatus: Timeperiod cache not updated, there are no timeperiods (yet)
[1659868027] livestatus: Timeperiod cache not updated, there are no timeperiods (yet)
[1659868087] livestatus: Timeperiod cache not updated, there are no timeperiods (yet)
[1659868147] livestatus: Timeperiod cache not updated, there are no timeperiods (yet)
[1659868207] livestatus: Timeperiod cache not updated, there are no timeperiods (yet)
[1659868267] livestatus: Timeperiod cache not updated, there are no timeperiods (yet)
[1659868327] livestatus: Timeperiod cache not updated, there are no timeperiods (yet)
[1659868387] livestatus: Timeperiod cache not updated, there are no timeperiods (yet)
[1659868447] livestatus: Timeperiod cache not updated, there are no timeperiods (yet)
[1659868507] livestatus: Timeperiod cache not updated, there are no timeperiods (yet)
[1659868568] livestatus: Timeperiod cache not updated, there are no timeperiods (yet)
[1659868628] livestatus: Timeperiod cache not updated, there are no timeperiods (yet)
[1659868688] livestatus: Timeperiod cache not updated, there are no timeperiods (yet)
[1659868748] livestatus: Timeperiod cache not updated, there are no timeperiods (yet)
[1659868808] livestatus: Timeperiod cache not updated, there are no timeperiods (yet)
[1659868868] livestatus: Timeperiod cache not updated, there are no timeperiods (yet)
[1659868928] livestatus: Timeperiod cache not updated, there are no timeperiods (yet)
[1659868988] livestatus: Timeperiod cache not updated, there are no timeperiods (yet)
[1659869048] livestatus: Timeperiod cache not updated, there are no timeperiods (yet)
[1659869108] livestatus: Timeperiod cache not updated, there are no timeperiods (yet)
[1659869168] livestatus: Timeperiod cache not updated, there are no timeperiods (yet)
[1659869229] livestatus: Timeperiod cache not updated, there are no timeperiods (yet)
[1659869289] livestatus: Timeperiod cache not updated, there are no timeperiods (yet)
[1659869349] livestatus: Timeperiod cache not updated, there are no timeperiods (yet)
[1659869409] livestatus: Timeperiod cache not updated, there are no timeperiods (yet)
[1659869469] livestatus: Timeperiod cache not updated, there are no timeperiods (yet)
[1659869529] livestatus: Timeperiod cache not updated, there are no timeperiods (yet)
[1659869589] livestatus: Timeperiod cache not updated, there are no timeperiods (yet)
[1659869649] livestatus: Timeperiod cache not updated, there are no timeperiods (yet)
[1659869709] livestatus: Timeperiod cache not updated, there are no timeperiods (yet)
[1659869769] livestatus: Timeperiod cache not updated, there are no timeperiods (yet)
[1659869829] livestatus: Timeperiod cache not updated, there are no timeperiods (yet)
[1659869890] livestatus: Timeperiod cache not updated, there are no timeperiods (yet)
[1659869950] livestatus: Timeperiod cache not updated, there are no timeperiods (yet)
[1659870010] livestatus: Timeperiod cache not updated, there are no timeperiods (yet)
[1659870070] livestatus: Timeperiod cache not updated, there are no timeperiods (yet)
[1659870130] livestatus: Timeperiod cache not updated, there are no timeperiods (yet)
[1659870190] livestatus: Timeperiod cache not updated, there are no timeperiods (yet)
[1659870250] livestatus: Timeperiod cache not updated, there are no timeperiods (yet)
[1659870310] livestatus: Timeperiod cache not updated, there are no timeperiods (yet)
[1659870370] livestatus: Timeperiod cache not updated, there are no timeperiods (yet)
[1659870430] livestatus: Timeperiod cache not updated, there are no timeperiods (yet)
[1659870490] livestatus: Timeperiod cache not updated, there are no timeperiods (yet)
[1659870551] livestatus: Timeperiod cache not updated, there are no timeperiods (yet)
[1659870611] livestatus: Timeperiod cache not updated, there are no timeperiods (yet)
[1659870671] livestatus: Timeperiod cache not updated, there are no timeperiods (yet)
[1659870731] livestatus: Timeperiod cache not updated, there are no timeperiods (yet)
[1659870785] Auto-save of retention data completed successfully.
[1659870791] livestatus: Timeperiod cache not updated, there are no timeperiods (yet)
[1659870851] livestatus: Timeperiod cache not updated, there are no timeperiods (yet)
[1659870911] livestatus: Timeperiod cache not updated, there are no timeperiods (yet)
[1659870971] livestatus: Timeperiod cache not updated, there are no timeperiods (yet)
[1659871031] livestatus: Timeperiod cache not updated, there are no timeperiods (yet)
[1659871091] livestatus: Timeperiod cache not updated, there are no timeperiods (yet)
[1659871151] livestatus: Timeperiod cache not updated, there are no timeperiods (yet)
[1659871212] livestatus: Timeperiod cache not updated, there are no timeperiods (yet)
[1659871272] livestatus: Timeperiod cache not updated, there are no timeperiods (yet)
[1659871332] livestatus: Timeperiod cache not updated, there are no timeperiods (yet)
[1659871392] livestatus: Timeperiod cache not updated, there are no timeperiods (yet)
[1659871452] livestatus: Timeperiod cache not updated, there are no timeperiods (yet)
[1659871512] livestatus: Timeperiod cache not updated, there are no timeperiods (yet)
[1659871572] livestatus: Timeperiod cache not updated, there are no timeperiods (yet)
[1659871632] livestatus: Timeperiod cache not updated, there are no timeperiods (yet)
[1659871692] livestatus: Timeperiod cache not updated, there are no timeperiods (yet)
[1659871752] livestatus: Timeperiod cache not updated, there are no timeperiods (yet)
[1659871812] livestatus: Timeperiod cache not updated, there are no timeperiods (yet)
[1659871873] livestatus: Timeperiod cache not updated, there are no timeperiods (yet)
[1659871933] livestatus: Timeperiod cache not updated, there are no timeperiods (yet)
[1659871993] livestatus: Timeperiod cache not updated, there are no timeperiods (yet)
[1659872053] livestatus: Timeperiod cache not updated, there are no timeperiods (yet)
[1659872113] livestatus: Timeperiod cache not updated, there are no timeperiods (yet)
[1659872173] livestatus: Timeperiod cache not updated, there are no timeperiods (yet)
[1659872233] livestatus: Timeperiod cache not updated, there are no timeperiods (yet)
[1659872293] livestatus: Timeperiod cache not updated, there are no timeperiods (yet)
[1659872353] livestatus: Timeperiod cache not updated, there are no timeperiods (yet)
[1659872413] livestatus: Timeperiod cache not updated, there are no timeperiods (yet)
[1659872473] livestatus: Timeperiod cache not updated, there are no timeperiods (yet)
[1659872534] livestatus: Timeperiod cache not updated, there are no timeperiods (yet)
[1659872594] livestatus: Timeperiod cache not updated, there are no timeperiods (yet)
[1659872654] livestatus: Timeperiod cache not updated, there are no timeperiods (yet)
[1659872714] livestatus: Timeperiod cache not updated, there are no timeperiods (yet)
[1659872774] livestatus: Timeperiod cache not updated, there are no timeperiods (yet)
[1659872834] livestatus: Timeperiod cache not updated, there are no timeperiods (yet)
[1659872894] livestatus: Timeperiod cache not updated, there are no timeperiods (yet)
[1659872954] livestatus: Timeperiod cache not updated, there are no timeperiods (yet)
[1659873014] livestatus: Timeperiod cache not updated, there are no timeperiods (yet)
[1659873074] livestatus: Timeperiod cache not updated, there are no timeperiods (yet)
[1659873134] livestatus: Timeperiod cache not updated, there are no timeperiods (yet)
[1659873195] livestatus: Timeperiod cache not updated, there are no timeperiods (yet)
[1659873255] livestatus: Timeperiod cache not updated, there are no timeperiods (yet)
[1659873315] livestatus: Timeperiod cache not updated, there are no timeperiods (yet)
[1659873375] livestatus: Timeperiod cache not updated, there are no timeperiods (yet)
[1659873435] livestatus: Timeperiod cache not updated, there are no timeperiods (yet)
[1659873495] livestatus: Timeperiod cache not updated, there are no timeperiods (yet)
[1659873555] livestatus: Timeperiod cache not updated, there are no timeperiods (yet)
[1659873615] livestatus: Timeperiod cache not updated, there are no timeperiods (yet)
[1659873675] livestatus: Timeperiod cache not updated, there are no timeperiods (yet)
[1659873735] livestatus: Timeperiod cache not updated, there are no timeperiods (yet)
[1659873795] livestatus: Timeperiod cache not updated, there are no timeperiods (yet)
[1659873856] livestatus: Timeperiod cache not updated, there are no timeperiods (yet)
[1659873916] livestatus: Timeperiod cache not updated, there are no timeperiods (yet)
[1659873976] livestatus: Timeperiod cache not updated, there are no timeperiods (yet)
[1659873985] EXTERNAL COMMAND: SCHEDULE_FORCED_SVC_CHECK;secmon;Check_MK Discovery;1659873985
[1659873994] EXTERNAL COMMAND: SCHEDULE_FORCED_SVC_CHECK;secmon;Check_MK Discovery;1659873993
[1659874000] EXTERNAL COMMAND: SCHEDULE_FORCED_SVC_CHECK;secmon;Check_MK Discovery;1659874000
[1659874008] EXTERNAL COMMAND: SCHEDULE_FORCED_SVC_CHECK;secmon;Check_MK Discovery;1659874008
[1659874015] EXTERNAL COMMAND: SCHEDULE_FORCED_SVC_CHECK;secmon;Check_MK Discovery;1659874015
[1659874022] EXTERNAL COMMAND: SCHEDULE_FORCED_SVC_CHECK;secmon;Check_MK Discovery;1659874022
[1659874029] EXTERNAL COMMAND: SCHEDULE_FORCED_SVC_CHECK;secmon;Check_MK Discovery;1659874029
[1659874036] livestatus: Timeperiod cache not updated, there are no timeperiods (yet)
[1659874061] EXTERNAL COMMAND: SCHEDULE_FORCED_SVC_CHECK;secmon;Check_MK Discovery;1659874061
[1659874068] EXTERNAL COMMAND: SCHEDULE_FORCED_SVC_CHECK;secmon;Check_MK Discovery;1659874067
[1659874074] EXTERNAL COMMAND: SCHEDULE_FORCED_SVC_CHECK;secmon;Check_MK Discovery;1659874074
[1659874096] livestatus: Timeperiod cache not updated, there are no timeperiods (yet)
[1659874156] livestatus: Timeperiod cache not updated, there are no timeperiods (yet)
[1659874216] livestatus: Timeperiod cache not updated, there are no timeperiods (yet)
[1659874276] livestatus: Timeperiod cache not updated, there are no timeperiods (yet)
[1659874336] livestatus: Timeperiod cache not updated, there are no timeperiods (yet)
[1659874385] Auto-save of retention data completed successfully.
[1659874396] livestatus: Timeperiod cache not updated, there are no timeperiods (yet)
[1659874456] livestatus: Timeperiod cache not updated, there are no timeperiods (yet)
[1659874517] livestatus: Timeperiod cache not updated, there are no timeperiods (yet)
[1659874577] livestatus: Timeperiod cache not updated, there are no timeperiods (yet)
[1659874637] livestatus: Timeperiod cache not updated, there are no timeperiods (yet)
[1659874697] livestatus: Timeperiod cache not updated, there are no timeperiods (yet)
[1659874757] livestatus: Timeperiod cache not updated, there are no timeperiods (yet)
[1659874817] livestatus: Timeperiod cache not updated, there are no timeperiods (yet)
[1659874877] livestatus: Timeperiod cache not updated, there are no timeperiods (yet)
[1659874937] livestatus: Timeperiod cache not updated, there are no timeperiods (yet)
[1659874997] livestatus: Timeperiod cache not updated, there are no timeperiods (yet)
[1659875057] livestatus: Timeperiod cache not updated, there are no timeperiods (yet)
[1659875117] livestatus: Timeperiod cache not updated, there are no timeperiods (yet)
[1659875178] livestatus: Timeperiod cache not updated, there are no timeperiods (yet)
[1659875238] livestatus: Timeperiod cache not updated, there are no timeperiods (yet)
[1659875298] livestatus: Timeperiod cache not updated, there are no timeperiods (yet)
[1659875358] livestatus: Timeperiod cache not updated, there are no timeperiods (yet)
[1659875418] livestatus: Timeperiod cache not updated, there are no timeperiods (yet)
[1659875478] livestatus: Timeperiod cache not updated, there are no timeperiods (yet)
[1659875538] livestatus: Timeperiod cache not updated, there are no timeperiods (yet)
[1659875598] livestatus: Timeperiod cache not updated, there are no timeperiods (yet)
[1659875658] livestatus: Timeperiod cache not updated, there are no timeperiods (yet)
[1659875718] livestatus: Timeperiod cache not updated, there are no timeperiods (yet)
[1659875778] livestatus: Timeperiod cache not updated, there are no timeperiods (yet)
[1659875839] livestatus: Timeperiod cache not updated, there are no timeperiods (yet)
[1659875899] livestatus: Timeperiod cache not updated, there are no timeperiods (yet)
[1659875959] livestatus: Timeperiod cache not updated, there are no timeperiods (yet)
[1659876019] livestatus: Timeperiod cache not updated, there are no timeperiods (yet)
[1659876079] livestatus: Timeperiod cache not updated, there are no timeperiods (yet)
[1659876139] livestatus: Timeperiod cache not updated, there are no timeperiods (yet)
[1659876199] livestatus: Timeperiod cache not updated, there are no timeperiods (yet)
[1659876259] livestatus: Timeperiod cache not updated, there are no timeperiods (yet)
[1659876319] livestatus: Timeperiod cache not updated, there are no timeperiods (yet)
[1659876379] livestatus: Timeperiod cache not updated, there are no timeperiods (yet)
[1659876439] livestatus: Timeperiod cache not updated, there are no timeperiods (yet)
[1659876500] livestatus: Timeperiod cache not updated, there are no timeperiods (yet)
[1659876560] livestatus: Timeperiod cache not updated, there are no timeperiods (yet)
[1659876620] livestatus: Timeperiod cache not updated, there are no timeperiods (yet)
[1659876680] livestatus: Timeperiod cache not updated, there are no timeperiods (yet)
[1659876740] livestatus: Timeperiod cache not updated, there are no timeperiods (yet)
[1659876800] livestatus: Timeperiod cache not updated, there are no timeperiods (yet)
[1659876860] livestatus: Timeperiod cache not updated, there are no timeperiods (yet)
[1659876920] livestatus: Timeperiod cache not updated, there are no timeperiods (yet)
[1659876980] livestatus: Timeperiod cache not updated, there are no timeperiods (yet)
[1659877040] livestatus: Timeperiod cache not updated, there are no timeperiods (yet)
[1659877100] livestatus: Timeperiod cache not updated, there are no timeperiods (yet)
[1659877161] livestatus: Timeperiod cache not updated, there are no timeperiods (yet)
[1659877221] livestatus: Timeperiod cache not updated, there are no timeperiods (yet)
[1659877281] livestatus: Timeperiod cache not updated, there are no timeperiods (yet)
[1659877341] livestatus: Timeperiod cache not updated, there are no timeperiods (yet)
[1659877401] livestatus: Timeperiod cache not updated, there are no timeperiods (yet)
[1659877461] livestatus: Timeperiod cache not updated, there are no timeperiods (yet)
[1659877521] livestatus: Timeperiod cache not updated, there are no timeperiods (yet)
[1659877581] livestatus: Timeperiod cache not updated, there are no timeperiods (yet)
[1659877641] livestatus: Timeperiod cache not updated, there are no timeperiods (yet)
[1659877701] livestatus: Timeperiod cache not updated, there are no timeperiods (yet)
[1659877761] livestatus: Timeperiod cache not updated, there are no timeperiods (yet)
[1659877822] livestatus: Timeperiod cache not updated, there are no timeperiods (yet)
[1659877882] livestatus: Timeperiod cache not updated, there are no timeperiods (yet)
[1659877942] livestatus: Timeperiod cache not updated, there are no timeperiods (yet)
[1659877985] Auto-save of retention data completed successfully.
[1659878002] livestatus: Timeperiod cache not updated, there are no timeperiods (yet)
[1659878062] livestatus: Timeperiod cache not updated, there are no timeperiods (yet)
[1659878122] livestatus: Timeperiod cache not updated, there are no timeperiods (yet)
[1659878182] livestatus: Timeperiod cache not updated, there are no timeperiods (yet)
[1659878242] livestatus: Timeperiod cache not updated, there are no timeperiods (yet)
[1659878302] livestatus: Timeperiod cache not updated, there are no timeperiods (yet)
[1659878362] livestatus: Timeperiod cache not updated, there are no timeperiods (yet)
[1659878422] livestatus: Timeperiod cache not updated, there are no timeperiods (yet)
[1659878483] livestatus: Timeperiod cache not updated, there are no timeperiods (yet)
[1659878543] livestatus: Timeperiod cache not updated, there are no timeperiods (yet)
[1659878603] livestatus: Timeperiod cache not updated, there are no timeperiods (yet)
[1659878663] livestatus: Timeperiod cache not updated, there are no timeperiods (yet)
[1659878723] livestatus: Timeperiod cache not updated, there are no timeperiods (yet)
[1659878783] livestatus: Timeperiod cache not updated, there are no timeperiods (yet)
[1659878843] livestatus: Timeperiod cache not updated, there are no timeperiods (yet)
[1659878903] livestatus: Timeperiod cache not updated, there are no timeperiods (yet)
[1659878963] livestatus: Timeperiod cache not updated, there are no timeperiods (yet)
[1659879023] livestatus: Timeperiod cache not updated, there are no timeperiods (yet)
[1659879084] livestatus: Timeperiod cache not updated, there are no timeperiods (yet)
[1659879144] livestatus: Timeperiod cache not updated, there are no timeperiods (yet)
[1659879204] livestatus: Timeperiod cache not updated, there are no timeperiods (yet)
[1659879264] livestatus: Timeperiod cache not updated, there are no timeperiods (yet)
[1659879324] livestatus: Timeperiod cache not updated, there are no timeperiods (yet)
[1659879384] livestatus: Timeperiod cache not updated, there are no timeperiods (yet)
[1659879444] livestatus: Timeperiod cache not updated, there are no timeperiods (yet)
[1659879504] livestatus: Timeperiod cache not updated, there are no timeperiods (yet)
[1659879564] livestatus: Timeperiod cache not updated, there are no timeperiods (yet)
[1659879624] livestatus: Timeperiod cache not updated, there are no timeperiods (yet)
[1659879684] livestatus: Timeperiod cache not updated, there are no timeperiods (yet)
[1659879745] livestatus: Timeperiod cache not updated, there are no timeperiods (yet)
[1659879805] livestatus: Timeperiod cache not updated, there are no timeperiods (yet)
[1659879865] livestatus: Timeperiod cache not updated, there are no timeperiods (yet)
[1659879925] livestatus: Timeperiod cache not updated, there are no timeperiods (yet)
[1659879985] livestatus: Timeperiod cache not updated, there are no timeperiods (yet)
[1659880045] livestatus: Timeperiod cache not updated, there are no timeperiods (yet)
[1659880105] livestatus: Timeperiod cache not updated, there are no timeperiods (yet)
[1659880165] livestatus: Timeperiod cache not updated, there are no timeperiods (yet)
[1659880225] livestatus: Timeperiod cache not updated, there are no timeperiods (yet)
[1659880285] livestatus: Timeperiod cache not updated, there are no timeperiods (yet)
[1659880345] livestatus: Timeperiod cache not updated, there are no timeperiods (yet)
[1659880406] livestatus: Timeperiod cache not updated, there are no timeperiods (yet)
[1659880466] livestatus: Timeperiod cache not updated, there are no timeperiods (yet)
[1659880526] livestatus: Timeperiod cache not updated, there are no timeperiods (yet)
[1659880586] livestatus: Timeperiod cache not updated, there are no timeperiods (yet)
[1659880646] livestatus: Timeperiod cache not updated, there are no timeperiods (yet)
[1659880706] livestatus: Timeperiod cache not updated, there are no timeperiods (yet)
[1659880766] livestatus: Timeperiod cache not updated, there are no timeperiods (yet)
[1659880826] livestatus: Timeperiod cache not updated, there are no timeperiods (yet)
[1659880886] livestatus: Timeperiod cache not updated, there are no timeperiods (yet)
[1659880946] livestatus: Timeperiod cache not updated, there are no timeperiods (yet)
[1659881006] livestatus: Timeperiod cache not updated, there are no timeperiods (yet)
[1659881067] livestatus: Timeperiod cache not updated, there are no timeperiods (yet)
[1659881127] livestatus: Timeperiod cache not updated, there are no timeperiods (yet)
[1659881187] livestatus: Timeperiod cache not updated, there are no timeperiods (yet)
[1659881247] livestatus: Timeperiod cache not updated, there are no timeperiods (yet)
[1659881307] livestatus: Timeperiod cache not updated, there are no timeperiods (yet)
[1659881367] livestatus: Timeperiod cache not updated, there are no timeperiods (yet)
[1659881427] livestatus: Timeperiod cache not updated, there are no timeperiods (yet)
[1659881487] livestatus: Timeperiod cache not updated, there are no timeperiods (yet)
[1659881547] livestatus: Timeperiod cache not updated, there are no timeperiods (yet)
[1659881585] Auto-save of retention data completed successfully.
[1659881607] livestatus: Timeperiod cache not updated, there are no timeperiods (yet)
[1659881667] livestatus: Timeperiod cache not updated, there are no timeperiods (yet)
[1659881728] livestatus: Timeperiod cache not updated, there are no timeperiods (yet)
[1659881788] livestatus: Timeperiod cache not updated, there are no timeperiods (yet)
[1659881848] livestatus: Timeperiod cache not updated, there are no timeperiods (yet)
[1659881908] livestatus: Timeperiod cache not updated, there are no timeperiods (yet)
[1659881968] livestatus: Timeperiod cache not updated, there are no timeperiods (yet)
[1659882028] livestatus: Timeperiod cache not updated, there are no timeperiods (yet)
[1659882088] livestatus: Timeperiod cache not updated, there are no timeperiods (yet)
[1659882148] livestatus: Timeperiod cache not updated, there are no timeperiods (yet)
[1659882208] livestatus: Timeperiod cache not updated, there are no timeperiods (yet)
[1659882268] livestatus: Timeperiod cache not updated, there are no timeperiods (yet)
[1659882328] livestatus: Timeperiod cache not updated, there are no timeperiods (yet)
[1659882389] livestatus: Timeperiod cache not updated, there are no timeperiods (yet)
[1659882449] livestatus: Timeperiod cache not updated, there are no timeperiods (yet)
[1659882509] livestatus: Timeperiod cache not updated, there are no timeperiods (yet)
[1659882569] livestatus: Timeperiod cache not updated, there are no timeperiods (yet)
[1659882629] livestatus: Timeperiod cache not updated, there are no timeperiods (yet)
[1659882689] livestatus: Timeperiod cache not updated, there are no timeperiods (yet)
[1659882749] livestatus: Timeperiod cache not updated, there are no timeperiods (yet)
[1659882809] livestatus: Timeperiod cache not updated, there are no timeperiods (yet)
[1659882869] livestatus: Timeperiod cache not updated, there are no timeperiods (yet)
[1659882929] livestatus: Timeperiod cache not updated, there are no timeperiods (yet)
[1659882989] livestatus: Timeperiod cache not updated, there are no timeperiods (yet)
[1659883050] livestatus: Timeperiod cache not updated, there are no timeperiods (yet)
[1659883110] livestatus: Timeperiod cache not updated, there are no timeperiods (yet)
[1659883170] livestatus: Timeperiod cache not updated, there are no timeperiods (yet)
[1659883230] livestatus: Timeperiod cache not updated, there are no timeperiods (yet)
[1659883290] livestatus: Timeperiod cache not updated, there are no timeperiods (yet)
[1659883350] livestatus: Timeperiod cache not updated, there are no timeperiods (yet)
[1659883410] livestatus: Timeperiod cache not updated, there are no timeperiods (yet)
[1659883470] livestatus: Timeperiod cache not updated, there are no timeperiods (yet)
[1659883530] livestatus: Timeperiod cache not updated, there are no timeperiods (yet)
[1659883590] livestatus: Timeperiod cache not updated, there are no timeperiods (yet)
[1659883650] livestatus: Timeperiod cache not updated, there are no timeperiods (yet)
[1659883711] livestatus: Timeperiod cache not updated, there are no timeperiods (yet)
[1659883771] livestatus: Timeperiod cache not updated, there are no timeperiods (yet)
[1659883831] livestatus: Timeperiod cache not updated, there are no timeperiods (yet)
[1659883891] livestatus: Timeperiod cache not updated, there are no timeperiods (yet)
[1659883951] livestatus: Timeperiod cache not updated, there are no timeperiods (yet)
[1659884011] livestatus: Timeperiod cache not updated, there are no timeperiods (yet)
[1659884071] livestatus: Timeperiod cache not updated, there are no timeperiods (yet)
[1659884131] livestatus: Timeperiod cache not updated, there are no timeperiods (yet)
[1659884191] livestatus: Timeperiod cache not updated, there are no timeperiods (yet)
[1659884251] livestatus: Timeperiod cache not updated, there are no timeperiods (yet)
[1659884311] livestatus: Timeperiod cache not updated, there are no timeperiods (yet)
[1659884372] livestatus: Timeperiod cache not updated, there are no timeperiods (yet)
[1659884432] livestatus: Timeperiod cache not updated, there are no timeperiods (yet)
[1659884492] livestatus: Timeperiod cache not updated, there are no timeperiods (yet)
[1659884552] livestatus: Timeperiod cache not updated, there are no timeperiods (yet)
[1659884612] livestatus: Timeperiod cache not updated, there are no timeperiods (yet)
[1659884672] livestatus: Timeperiod cache not updated, there are no timeperiods (yet)
[1659884732] livestatus: Timeperiod cache not updated, there are no timeperiods (yet)
[1659884792] livestatus: Timeperiod cache not updated, there are no timeperiods (yet)
[1659884852] livestatus: Timeperiod cache not updated, there are no timeperiods (yet)
[1659884912] livestatus: Timeperiod cache not updated, there are no timeperiods (yet)
[1659884972] livestatus: Timeperiod cache not updated, there are no timeperiods (yet)
[1659885033] livestatus: Timeperiod cache not updated, there are no timeperiods (yet)
[1659885093] livestatus: Timeperiod cache not updated, there are no timeperiods (yet)
[1659885153] livestatus: Timeperiod cache not updated, there are no timeperiods (yet)
[1659885185] Auto-save of retention data completed successfully.
[1659885213] livestatus: Timeperiod cache not updated, there are no timeperiods (yet)
[1659885273] livestatus: Timeperiod cache not updated, there are no timeperiods (yet)
[1659885333] livestatus: Timeperiod cache not updated, there are no timeperiods (yet)
[1659885393] livestatus: Timeperiod cache not updated, there are no timeperiods (yet)
[1659885453] livestatus: Timeperiod cache not updated, there are no timeperiods (yet)
[1659885513] livestatus: Timeperiod cache not updated, there are no timeperiods (yet)
[1659885573] livestatus: Timeperiod cache not updated, there are no timeperiods (yet)
[1659885633] livestatus: Timeperiod cache not updated, there are no timeperiods (yet)
[1659885694] livestatus: Timeperiod cache not updated, there are no timeperiods (yet)
[1659885754] livestatus: Timeperiod cache not updated, there are no timeperiods (yet)
[1659885814] livestatus: Timeperiod cache not updated, there are no timeperiods (yet)
[1659885874] livestatus: Timeperiod cache not updated, there are no timeperiods (yet)
[1659885934] livestatus: Timeperiod cache not updated, there are no timeperiods (yet)
[1659885994] livestatus: Timeperiod cache not updated, there are no timeperiods (yet)
[1659886054] livestatus: Timeperiod cache not updated, there are no timeperiods (yet)
[1659886114] livestatus: Timeperiod cache not updated, there are no timeperiods (yet)
[1659886174] livestatus: Timeperiod cache not updated, there are no timeperiods (yet)
[1659886234] livestatus: Timeperiod cache not updated, there are no timeperiods (yet)
[1659886294] livestatus: Timeperiod cache not updated, there are no timeperiods (yet)
[1659886355] livestatus: Timeperiod cache not updated, there are no timeperiods (yet)
[1659886415] livestatus: Timeperiod cache not updated, there are no timeperiods (yet)
[1659886475] livestatus: Timeperiod cache not updated, there are no timeperiods (yet)
[1659886535] livestatus: Timeperiod cache not updated, there are no timeperiods (yet)
[1659886595] livestatus: Timeperiod cache not updated, there are no timeperiods (yet)
[1659886655] livestatus: Timeperiod cache not updated, there are no timeperiods (yet)
[1659886715] livestatus: Timeperiod cache not updated, there are no timeperiods (yet)
[1659886775] livestatus: Timeperiod cache not updated, there are no timeperiods (yet)
[1659886835] livestatus: Timeperiod cache not updated, there are no timeperiods (yet)
[1659886895] livestatus: Timeperiod cache not updated, there are no timeperiods (yet)
[1659886956] livestatus: Timeperiod cache not updated, there are no timeperiods (yet)
[1659887016] livestatus: Timeperiod cache not updated, there are no timeperiods (yet)
[1659887076] livestatus: Timeperiod cache not updated, there are no timeperiods (yet)
[1659887136] livestatus: Timeperiod cache not updated, there are no timeperiods (yet)
[1659887196] livestatus: Timeperiod cache not updated, there are no timeperiods (yet)
[1659887256] livestatus: Timeperiod cache not updated, there are no timeperiods (yet)
[1659887316] livestatus: Timeperiod cache not updated, there are no timeperiods (yet)
[1659887376] livestatus: Timeperiod cache not updated, there are no timeperiods (yet)
[1659887436] livestatus: Timeperiod cache not updated, there are no timeperiods (yet)
[1659887496] livestatus: Timeperiod cache not updated, there are no timeperiods (yet)
[1659887556] livestatus: Timeperiod cache not updated, there are no timeperiods (yet)
[1659887617] livestatus: Timeperiod cache not updated, there are no timeperiods (yet)
[1659887677] livestatus: Timeperiod cache not updated, there are no timeperiods (yet)
[1659887737] livestatus: Timeperiod cache not updated, there are no timeperiods (yet)
[1659887797] livestatus: Timeperiod cache not updated, there are no timeperiods (yet)
[1659887857] livestatus: Timeperiod cache not updated, there are no timeperiods (yet)
[1659887917] livestatus: Timeperiod cache not updated, there are no timeperiods (yet)
[1659887977] livestatus: Timeperiod cache not updated, there are no timeperiods (yet)
[1659888037] livestatus: Timeperiod cache not updated, there are no timeperiods (yet)
[1659888097] livestatus: Timeperiod cache not updated, there are no timeperiods (yet)
[1659888157] livestatus: Timeperiod cache not updated, there are no timeperiods (yet)
[1659888217] livestatus: Timeperiod cache not updated, there are no timeperiods (yet)
[1659888278] livestatus: Timeperiod cache not updated, there are no timeperiods (yet)
[1659888338] livestatus: Timeperiod cache not updated, there are no timeperiods (yet)
[1659888398] livestatus: Timeperiod cache not updated, there are no timeperiods (yet)
[1659888458] livestatus: Timeperiod cache not updated, there are no timeperiods (yet)
[1659888518] livestatus: Timeperiod cache not updated, there are no timeperiods (yet)
[1659888578] livestatus: Timeperiod cache not updated, there are no timeperiods (yet)
[1659888638] livestatus: Timeperiod cache not updated, there are no timeperiods (yet)
[1659888698] livestatus: Timeperiod cache not updated, there are no timeperiods (yet)
[1659888758] livestatus: Timeperiod cache not updated, there are no timeperiods (yet)
[1659888785] Auto-save of retention data completed successfully.
[1659888818] livestatus: Timeperiod cache not updated, there are no timeperiods (yet)
[1659888878] livestatus: Timeperiod cache not updated, there are no timeperiods (yet)
[1659888939] livestatus: Timeperiod cache not updated, there are no timeperiods (yet)
[1659888999] livestatus: Timeperiod cache not updated, there are no timeperiods (yet)
[1659889059] livestatus: Timeperiod cache not updated, there are no timeperiods (yet)
[1659889119] livestatus: Timeperiod cache not updated, there are no timeperiods (yet)
[1659889179] livestatus: Timeperiod cache not updated, there are no timeperiods (yet)
[1659889239] livestatus: Timeperiod cache not updated, there are no timeperiods (yet)
[1659889299] livestatus: Timeperiod cache not updated, there are no timeperiods (yet)
[1659889359] livestatus: Timeperiod cache not updated, there are no timeperiods (yet)
[1659889419] livestatus: Timeperiod cache not updated, there are no timeperiods (yet)
[1659889479] livestatus: Timeperiod cache not updated, there are no timeperiods (yet)
[1659889539] livestatus: Timeperiod cache not updated, there are no timeperiods (yet)
[1659889600] livestatus: Timeperiod cache not updated, there are no timeperiods (yet)
[1659889660] livestatus: Timeperiod cache not updated, there are no timeperiods (yet)
[1659889720] livestatus: Timeperiod cache not updated, there are no timeperiods (yet)
[1659889780] livestatus: Timeperiod cache not updated, there are no timeperiods (yet)
[1659889840] livestatus: Timeperiod cache not updated, there are no timeperiods (yet)
[1659889900] livestatus: Timeperiod cache not updated, there are no timeperiods (yet)
[1659889960] livestatus: Timeperiod cache not updated, there are no timeperiods (yet)
[1659890020] livestatus: Timeperiod cache not updated, there are no timeperiods (yet)
[1659890080] livestatus: Timeperiod cache not updated, there are no timeperiods (yet)
[1659890140] livestatus: Timeperiod cache not updated, there are no timeperiods (yet)
[1659890200] livestatus: Timeperiod cache not updated, there are no timeperiods (yet)
[1659890261] livestatus: Timeperiod cache not updated, there are no timeperiods (yet)
[1659890321] livestatus: Timeperiod cache not updated, there are no timeperiods (yet)
[1659890381] livestatus: Timeperiod cache not updated, there are no timeperiods (yet)
[1659890441] livestatus: Timeperiod cache not updated, there are no timeperiods (yet)
[1659890501] livestatus: Timeperiod cache not updated, there are no timeperiods (yet)
[1659890561] livestatus: Timeperiod cache not updated, there are no timeperiods (yet)
[1659890621] livestatus: Timeperiod cache not updated, there are no timeperiods (yet)
[1659890681] livestatus: Timeperiod cache not updated, there are no timeperiods (yet)
[1659890741] livestatus: Timeperiod cache not updated, there are no timeperiods (yet)
[1659890801] livestatus: Timeperiod cache not updated, there are no timeperiods (yet)
[1659890861] livestatus: Timeperiod cache not updated, there are no timeperiods (yet)
[1659890922] livestatus: Timeperiod cache not updated, there are no timeperiods (yet)
[1659890982] livestatus: Timeperiod cache not updated, there are no timeperiods (yet)
[1659891042] livestatus: Timeperiod cache not updated, there are no timeperiods (yet)
[1659891102] livestatus: Timeperiod cache not updated, there are no timeperiods (yet)
[1659891162] livestatus: Timeperiod cache not updated, there are no timeperiods (yet)
[1659891222] livestatus: Timeperiod cache not updated, there are no timeperiods (yet)
[1659891282] livestatus: Timeperiod cache not updated, there are no timeperiods (yet)
[1659891342] livestatus: Timeperiod cache not updated, there are no timeperiods (yet)
[1659891402] livestatus: Timeperiod cache not updated, there are no timeperiods (yet)
[1659891462] livestatus: Timeperiod cache not updated, there are no timeperiods (yet)
[1659891522] livestatus: Timeperiod cache not updated, there are no timeperiods (yet)
[1659891583] livestatus: Timeperiod cache not updated, there are no timeperiods (yet)
[1659891643] livestatus: Timeperiod cache not updated, there are no timeperiods (yet)
[1659891703] livestatus: Timeperiod cache not updated, there are no timeperiods (yet)
[1659891763] livestatus: Timeperiod cache not updated, there are no timeperiods (yet)
[1659891823] livestatus: Timeperiod cache not updated, there are no timeperiods (yet)
[1659891883] livestatus: Timeperiod cache not updated, there are no timeperiods (yet)
[1659891943] livestatus: Timeperiod cache not updated, there are no timeperiods (yet)
[1659892003] livestatus: Timeperiod cache not updated, there are no timeperiods (yet)
[1659892063] livestatus: Timeperiod cache not updated, there are no timeperiods (yet)
[1659892123] livestatus: Timeperiod cache not updated, there are no timeperiods (yet)
[1659892183] livestatus: Timeperiod cache not updated, there are no timeperiods (yet)
[1659892244] livestatus: Timeperiod cache not updated, there are no timeperiods (yet)
[1659892304] livestatus: Timeperiod cache not updated, there are no timeperiods (yet)
[1659892364] livestatus: Timeperiod cache not updated, there are no timeperiods (yet)
[1659892385] Auto-save of retention data completed successfully.
[1659892424] livestatus: Timeperiod cache not updated, there are no timeperiods (yet)
[1659892484] livestatus: Timeperiod cache not updated, there are no timeperiods (yet)
[1659892544] livestatus: Timeperiod cache not updated, there are no timeperiods (yet)
[1659892604] livestatus: Timeperiod cache not updated, there are no timeperiods (yet)
[1659892664] livestatus: Timeperiod cache not updated, there are no timeperiods (yet)
[1659892724] livestatus: Timeperiod cache not updated, there are no timeperiods (yet)
[1659892784] livestatus: Timeperiod cache not updated, there are no timeperiods (yet)
[1659892844] livestatus: Timeperiod cache not updated, there are no timeperiods (yet)
[1659892905] livestatus: Timeperiod cache not updated, there are no timeperiods (yet)
[1659892965] livestatus: Timeperiod cache not updated, there are no timeperiods (yet)
[1659893025] livestatus: Timeperiod cache not updated, there are no timeperiods (yet)
[1659893085] livestatus: Timeperiod cache not updated, there are no timeperiods (yet)
[1659893145] livestatus: Timeperiod cache not updated, there are no timeperiods (yet)
[1659893205] livestatus: Timeperiod cache not updated, there are no timeperiods (yet)
[1659893265] livestatus: Timeperiod cache not updated, there are no timeperiods (yet)
[1659893325] livestatus: Timeperiod cache not updated, there are no timeperiods (yet)
[1659893385] livestatus: Timeperiod cache not updated, there are no timeperiods (yet)
[1659893445] livestatus: Timeperiod cache not updated, there are no timeperiods (yet)
[1659893505] livestatus: Timeperiod cache not updated, there are no timeperiods (yet)
[1659893566] livestatus: Timeperiod cache not updated, there are no timeperiods (yet)
[1659893626] livestatus: Timeperiod cache not updated, there are no timeperiods (yet)
[1659893686] livestatus: Timeperiod cache not updated, there are no timeperiods (yet)
[1659893746] livestatus: Timeperiod cache not updated, there are no timeperiods (yet)
[1659893806] livestatus: Timeperiod cache not updated, there are no timeperiods (yet)
[1659893866] livestatus: Timeperiod cache not updated, there are no timeperiods (yet)
[1659893926] livestatus: Timeperiod cache not updated, there are no timeperiods (yet)
[1659893986] livestatus: Timeperiod cache not updated, there are no timeperiods (yet)
[1659894046] livestatus: Timeperiod cache not updated, there are no timeperiods (yet)
[1659894106] livestatus: Timeperiod cache not updated, there are no timeperiods (yet)
[1659894166] livestatus: Timeperiod cache not updated, there are no timeperiods (yet)
[1659894227] livestatus: Timeperiod cache not updated, there are no timeperiods (yet)
[1659894287] livestatus: Timeperiod cache not updated, there are no timeperiods (yet)
[1659894347] livestatus: Timeperiod cache not updated, there are no timeperiods (yet)
[1659894407] livestatus: Timeperiod cache not updated, there are no timeperiods (yet)
[1659894467] livestatus: Timeperiod cache not updated, there are no timeperiods (yet)
[1659894527] livestatus: Timeperiod cache not updated, there are no timeperiods (yet)
[1659894587] livestatus: Timeperiod cache not updated, there are no timeperiods (yet)
[1659894647] livestatus: Timeperiod cache not updated, there are no timeperiods (yet)
[1659894707] livestatus: Timeperiod cache not updated, there are no timeperiods (yet)
[1659894767] livestatus: Timeperiod cache not updated, there are no timeperiods (yet)
[1659894827] livestatus: Timeperiod cache not updated, there are no timeperiods (yet)
[1659894888] livestatus: Timeperiod cache not updated, there are no timeperiods (yet)
[1659894948] livestatus: Timeperiod cache not updated, there are no timeperiods (yet)
[1659895008] livestatus: Timeperiod cache not updated, there are no timeperiods (yet)
[1659895068] livestatus: Timeperiod cache not updated, there are no timeperiods (yet)
[1659895128] livestatus: Timeperiod cache not updated, there are no timeperiods (yet)
[1659895188] livestatus: Timeperiod cache not updated, there are no timeperiods (yet)
[1659895248] livestatus: Timeperiod cache not updated, there are no timeperiods (yet)
[1659895308] livestatus: Timeperiod cache not updated, there are no timeperiods (yet)
[1659895368] livestatus: Timeperiod cache not updated, there are no timeperiods (yet)
[1659895428] livestatus: Timeperiod cache not updated, there are no timeperiods (yet)
[1659895488] livestatus: Timeperiod cache not updated, there are no timeperiods (yet)
[1659895549] livestatus: Timeperiod cache not updated, there are no timeperiods (yet)
[1659895609] livestatus: Timeperiod cache not updated, there are no timeperiods (yet)
[1659895669] livestatus: Timeperiod cache not updated, there are no timeperiods (yet)
[1659895729] livestatus: Timeperiod cache not updated, there are no timeperiods (yet)
[1659895789] livestatus: Timeperiod cache not updated, there are no timeperiods (yet)
[1659895849] livestatus: Timeperiod cache not updated, there are no timeperiods (yet)
[1659895909] livestatus: Timeperiod cache not updated, there are no timeperiods (yet)
[1659895969] livestatus: Timeperiod cache not updated, there are no timeperiods (yet)
[1659895985] Auto-save of retention data completed successfully.
[1659896029] livestatus: Timeperiod cache not updated, there are no timeperiods (yet)
[1659896089] livestatus: Timeperiod cache not updated, there are no timeperiods (yet)
[1659896150] livestatus: Timeperiod cache not updated, there are no timeperiods (yet)
[1659896210] livestatus: Timeperiod cache not updated, there are no timeperiods (yet)
[1659896270] livestatus: Timeperiod cache not updated, there are no timeperiods (yet)
[1659896330] livestatus: Timeperiod cache not updated, there are no timeperiods (yet)
[1659896390] livestatus: Timeperiod cache not updated, there are no timeperiods (yet)
[1659896450] livestatus: Timeperiod cache not updated, there are no timeperiods (yet)
[1659896510] livestatus: Timeperiod cache not updated, there are no timeperiods (yet)
[1659896570] livestatus: Timeperiod cache not updated, there are no timeperiods (yet)
[1659896630] livestatus: Timeperiod cache not updated, there are no timeperiods (yet)
[1659896690] livestatus: Timeperiod cache not updated, there are no timeperiods (yet)
[1659896750] livestatus: Timeperiod cache not updated, there are no timeperiods (yet)
[1659896811] livestatus: Timeperiod cache not updated, there are no timeperiods (yet)
[1659896871] livestatus: Timeperiod cache not updated, there are no timeperiods (yet)
[1659896931] livestatus: Timeperiod cache not updated, there are no timeperiods (yet)
[1659896991] livestatus: Timeperiod cache not updated, there are no timeperiods (yet)
[1659897051] livestatus: Timeperiod cache not updated, there are no timeperiods (yet)
[1659897111] livestatus: Timeperiod cache not updated, there are no timeperiods (yet)
[1659897171] livestatus: Timeperiod cache not updated, there are no timeperiods (yet)
[1659897231] livestatus: Timeperiod cache not updated, there are no timeperiods (yet)
[1659897291] livestatus: Timeperiod cache not updated, there are no timeperiods (yet)
[1659897351] livestatus: Timeperiod cache not updated, there are no timeperiods (yet)
[1659897411] livestatus: Timeperiod cache not updated, there are no timeperiods (yet)
[1659897472] livestatus: Timeperiod cache not updated, there are no timeperiods (yet)
[1659897532] livestatus: Timeperiod cache not updated, there are no timeperiods (yet)
[1659897592] livestatus: Timeperiod cache not updated, there are no timeperiods (yet)
[1659897652] livestatus: Timeperiod cache not updated, there are no timeperiods (yet)
[1659897712] livestatus: Timeperiod cache not updated, there are no timeperiods (yet)
[1659897772] livestatus: Timeperiod cache not updated, there are no timeperiods (yet)
[1659897832] livestatus: Timeperiod cache not updated, there are no timeperiods (yet)
[1659897892] livestatus: Timeperiod cache not updated, there are no timeperiods (yet)
[1659897952] livestatus: Timeperiod cache not updated, there are no timeperiods (yet)
[1659898012] livestatus: Timeperiod cache not updated, there are no timeperiods (yet)
[1659898072] livestatus: Timeperiod cache not updated, there are no timeperiods (yet)
[1659898133] livestatus: Timeperiod cache not updated, there are no timeperiods (yet)
[1659898193] livestatus: Timeperiod cache not updated, there are no timeperiods (yet)
[1659898253] livestatus: Timeperiod cache not updated, there are no timeperiods (yet)
[1659898313] livestatus: Timeperiod cache not updated, there are no timeperiods (yet)
[1659898373] livestatus: Timeperiod cache not updated, there are no timeperiods (yet)
[1659898433] livestatus: Timeperiod cache not updated, there are no timeperiods (yet)
[1659898493] livestatus: Timeperiod cache not updated, there are no timeperiods (yet)
[1659898553] livestatus: Timeperiod cache not updated, there are no timeperiods (yet)
[1659898613] livestatus: Timeperiod cache not updated, there are no timeperiods (yet)
[1659898673] livestatus: Timeperiod cache not updated, there are no timeperiods (yet)
[1659898733] livestatus: Timeperiod cache not updated, there are no timeperiods (yet)
[1659898794] livestatus: Timeperiod cache not updated, there are no timeperiods (yet)
[1659898854] livestatus: Timeperiod cache not updated, there are no timeperiods (yet)
[1659898914] livestatus: Timeperiod cache not updated, there are no timeperiods (yet)
[1659898974] livestatus: Timeperiod cache not updated, there are no timeperiods (yet)
[1659899034] livestatus: Timeperiod cache not updated, there are no timeperiods (yet)
[1659899094] livestatus: Timeperiod cache not updated, there are no timeperiods (yet)
[1659899154] livestatus: Timeperiod cache not updated, there are no timeperiods (yet)
[1659899214] livestatus: Timeperiod cache not updated, there are no timeperiods (yet)
[1659899274] livestatus: Timeperiod cache not updated, there are no timeperiods (yet)
[1659899334] livestatus: Timeperiod cache not updated, there are no timeperiods (yet)
[1659899394] livestatus: Timeperiod cache not updated, there are no timeperiods (yet)
[1659899455] livestatus: Timeperiod cache not updated, there are no timeperiods (yet)
[1659899515] livestatus: Timeperiod cache not updated, there are no timeperiods (yet)
[1659899575] livestatus: Timeperiod cache not updated, there are no timeperiods (yet)
[1659899585] Auto-save of retention data completed successfully.
[1659899635] livestatus: Timeperiod cache not updated, there are no timeperiods (yet)
[1659899695] livestatus: Timeperiod cache not updated, there are no timeperiods (yet)
[1659899755] livestatus: Timeperiod cache not updated, there are no timeperiods (yet)
[1659899815] livestatus: Timeperiod cache not updated, there are no timeperiods (yet)
[1659899875] livestatus: Timeperiod cache not updated, there are no timeperiods (yet)
[1659899935] livestatus: Timeperiod cache not updated, there are no timeperiods (yet)
[1659899995] livestatus: Timeperiod cache not updated, there are no timeperiods (yet)
[1659900055] livestatus: Timeperiod cache not updated, there are no timeperiods (yet)
[1659900116] livestatus: Timeperiod cache not updated, there are no timeperiods (yet)
[1659900176] livestatus: Timeperiod cache not updated, there are no timeperiods (yet)
[1659900236] livestatus: Timeperiod cache not updated, there are no timeperiods (yet)
[1659900296] livestatus: Timeperiod cache not updated, there are no timeperiods (yet)
[1659900356] livestatus: Timeperiod cache not updated, there are no timeperiods (yet)
[1659900416] livestatus: Timeperiod cache not updated, there are no timeperiods (yet)
[1659900476] livestatus: Timeperiod cache not updated, there are no timeperiods (yet)
[1659900536] livestatus: Timeperiod cache not updated, there are no timeperiods (yet)
[1659900596] livestatus: Timeperiod cache not updated, there are no timeperiods (yet)
[1659900656] livestatus: Timeperiod cache not updated, there are no timeperiods (yet)
[1659900716] livestatus: Timeperiod cache not updated, there are no timeperiods (yet)
[1659900777] livestatus: Timeperiod cache not updated, there are no timeperiods (yet)
[1659900837] livestatus: Timeperiod cache not updated, there are no timeperiods (yet)
[1659900897] livestatus: Timeperiod cache not updated, there are no timeperiods (yet)
[1659900957] livestatus: Timeperiod cache not updated, there are no timeperiods (yet)
[1659901017] livestatus: Timeperiod cache not updated, there are no timeperiods (yet)
[1659901077] livestatus: Timeperiod cache not updated, there are no timeperiods (yet)
[1659901137] livestatus: Timeperiod cache not updated, there are no timeperiods (yet)
[1659901197] livestatus: Timeperiod cache not updated, there are no timeperiods (yet)
[1659901257] livestatus: Timeperiod cache not updated, there are no timeperiods (yet)
[1659901317] livestatus: Timeperiod cache not updated, there are no timeperiods (yet)
[1659901377] livestatus: Timeperiod cache not updated, there are no timeperiods (yet)
[1659901438] livestatus: Timeperiod cache not updated, there are no timeperiods (yet)
[1659901498] livestatus: Timeperiod cache not updated, there are no timeperiods (yet)
[1659901558] livestatus: Timeperiod cache not updated, there are no timeperiods (yet)
[1659901618] livestatus: Timeperiod cache not updated, there are no timeperiods (yet)
[1659901678] livestatus: Timeperiod cache not updated, there are no timeperiods (yet)
[1659901738] livestatus: Timeperiod cache not updated, there are no timeperiods (yet)
[1659901798] livestatus: Timeperiod cache not updated, there are no timeperiods (yet)
[1659901858] livestatus: Timeperiod cache not updated, there are no timeperiods (yet)
[1659901918] livestatus: Timeperiod cache not updated, there are no timeperiods (yet)
[1659901978] livestatus: Timeperiod cache not updated, there are no timeperiods (yet)
[1659902038] livestatus: Timeperiod cache not updated, there are no timeperiods (yet)
[1659902099] livestatus: Timeperiod cache not updated, there are no timeperiods (yet)
[1659902159] livestatus: Timeperiod cache not updated, there are no timeperiods (yet)
[1659902219] livestatus: Timeperiod cache not updated, there are no timeperiods (yet)
[1659902279] livestatus: Timeperiod cache not updated, there are no timeperiods (yet)
[1659902339] livestatus: Timeperiod cache not updated, there are no timeperiods (yet)
[1659902399] livestatus: Timeperiod cache not updated, there are no timeperiods (yet)
[1659902459] livestatus: Timeperiod cache not updated, there are no timeperiods (yet)
[1659902519] livestatus: Timeperiod cache not updated, there are no timeperiods (yet)
[1659902579] livestatus: Timeperiod cache not updated, there are no timeperiods (yet)
[1659902639] livestatus: Timeperiod cache not updated, there are no timeperiods (yet)
[1659902699] livestatus: Timeperiod cache not updated, there are no timeperiods (yet)
[1659902760] livestatus: Timeperiod cache not updated, there are no timeperiods (yet)
[1659902820] livestatus: Timeperiod cache not updated, there are no timeperiods (yet)
[1659902880] livestatus: Timeperiod cache not updated, there are no timeperiods (yet)
[1659902940] livestatus: Timeperiod cache not updated, there are no timeperiods (yet)
[1659903000] livestatus: Timeperiod cache not updated, there are no timeperiods (yet)
[1659903060] livestatus: Timeperiod cache not updated, there are no timeperiods (yet)
[1659903120] livestatus: Timeperiod cache not updated, there are no timeperiods (yet)
[1659903180] livestatus: Timeperiod cache not updated, there are no timeperiods (yet)
[1659903185] Auto-save of retention data completed successfully.
[1659903240] livestatus: Timeperiod cache not updated, there are no timeperiods (yet)
[1659903300] livestatus: Timeperiod cache not updated, there are no timeperiods (yet)
[1659903360] livestatus: Timeperiod cache not updated, there are no timeperiods (yet)
[1659903421] livestatus: Timeperiod cache not updated, there are no timeperiods (yet)
[1659903481] livestatus: Timeperiod cache not updated, there are no timeperiods (yet)
[1659903541] livestatus: Timeperiod cache not updated, there are no timeperiods (yet)
[1659903601] livestatus: Timeperiod cache not updated, there are no timeperiods (yet)
[1659903661] livestatus: Timeperiod cache not updated, there are no timeperiods (yet)
[1659903721] livestatus: Timeperiod cache not updated, there are no timeperiods (yet)
[1659903781] livestatus: Timeperiod cache not updated, there are no timeperiods (yet)
[1659903841] livestatus: Timeperiod cache not updated, there are no timeperiods (yet)
[1659903901] livestatus: Timeperiod cache not updated, there are no timeperiods (yet)
[1659903961] livestatus: Timeperiod cache not updated, there are no timeperiods (yet)
[1659904021] livestatus: Timeperiod cache not updated, there are no timeperiods (yet)
[1659904082] livestatus: Timeperiod cache not updated, there are no timeperiods (yet)
[1659904142] livestatus: Timeperiod cache not updated, there are no timeperiods (yet)
[1659904202] livestatus: Timeperiod cache not updated, there are no timeperiods (yet)
[1659904262] livestatus: Timeperiod cache not updated, there are no timeperiods (yet)
[1659904322] livestatus: Timeperiod cache not updated, there are no timeperiods (yet)
[1659904382] livestatus: Timeperiod cache not updated, there are no timeperiods (yet)
[1659904442] livestatus: Timeperiod cache not updated, there are no timeperiods (yet)
[1659904502] livestatus: Timeperiod cache not updated, there are no timeperiods (yet)
[1659904562] livestatus: Timeperiod cache not updated, there are no timeperiods (yet)
[1659904622] livestatus: Timeperiod cache not updated, there are no timeperiods (yet)
[1659904682] livestatus: Timeperiod cache not updated, there are no timeperiods (yet)
[1659904743] livestatus: Timeperiod cache not updated, there are no timeperiods (yet)
[1659904803] livestatus: Timeperiod cache not updated, there are no timeperiods (yet)
[1659904863] livestatus: Timeperiod cache not updated, there are no timeperiods (yet)
[1659904923] livestatus: Timeperiod cache not updated, there are no timeperiods (yet)
[1659904983] livestatus: Timeperiod cache not updated, there are no timeperiods (yet)
[1659905043] livestatus: Timeperiod cache not updated, there are no timeperiods (yet)
[1659905103] livestatus: Timeperiod cache not updated, there are no timeperiods (yet)
[1659905163] livestatus: Timeperiod cache not updated, there are no timeperiods (yet)
[1659905223] livestatus: Timeperiod cache not updated, there are no timeperiods (yet)
[1659905283] livestatus: Timeperiod cache not updated, there are no timeperiods (yet)
[1659905343] livestatus: Timeperiod cache not updated, there are no timeperiods (yet)
[1659905404] livestatus: Timeperiod cache not updated, there are no timeperiods (yet)
[1659905464] livestatus: Timeperiod cache not updated, there are no timeperiods (yet)
[1659905524] livestatus: Timeperiod cache not updated, there are no timeperiods (yet)
[1659905584] livestatus: Timeperiod cache not updated, there are no timeperiods (yet)
[1659905644] livestatus: Timeperiod cache not updated, there are no timeperiods (yet)
[1659905704] livestatus: Timeperiod cache not updated, there are no timeperiods (yet)
[1659905764] livestatus: Timeperiod cache not updated, there are no timeperiods (yet)
[1659905824] livestatus: Timeperiod cache not updated, there are no timeperiods (yet)
[1659905884] livestatus: Timeperiod cache not updated, there are no timeperiods (yet)
[1659905944] livestatus: Timeperiod cache not updated, there are no timeperiods (yet)
[1659906004] livestatus: Timeperiod cache not updated, there are no timeperiods (yet)
[1659906065] livestatus: Timeperiod cache not updated, there are no timeperiods (yet)
[1659906125] livestatus: Timeperiod cache not updated, there are no timeperiods (yet)
[1659906185] livestatus: Timeperiod cache not updated, there are no timeperiods (yet)
[1659906245] livestatus: Timeperiod cache not updated, there are no timeperiods (yet)
[1659906305] livestatus: Timeperiod cache not updated, there are no timeperiods (yet)
[1659906365] livestatus: Timeperiod cache not updated, there are no timeperiods (yet)
[1659906425] livestatus: Timeperiod cache not updated, there are no timeperiods (yet)
[1659906485] livestatus: Timeperiod cache not updated, there are no timeperiods (yet)
[1659906545] livestatus: Timeperiod cache not updated, there are no timeperiods (yet)
[1659906605] livestatus: Timeperiod cache not updated, there are no timeperiods (yet)
[1659906665] livestatus: Timeperiod cache not updated, there are no timeperiods (yet)
[1659906726] livestatus: Timeperiod cache not updated, there are no timeperiods (yet)
[1659906785] Auto-save of retention data completed successfully.
[1659906786] livestatus: Timeperiod cache not updated, there are no timeperiods (yet)
[1659906846] livestatus: Timeperiod cache not updated, there are no timeperiods (yet)
[1659906906] livestatus: Timeperiod cache not updated, there are no timeperiods (yet)
[1659906966] livestatus: Timeperiod cache not updated, there are no timeperiods (yet)
[1659907026] livestatus: Timeperiod cache not updated, there are no timeperiods (yet)
[1659907086] livestatus: Timeperiod cache not updated, there are no timeperiods (yet)
[1659907146] livestatus: Timeperiod cache not updated, there are no timeperiods (yet)
[1659907206] livestatus: Timeperiod cache not updated, there are no timeperiods (yet)
[1659907266] livestatus: Timeperiod cache not updated, there are no timeperiods (yet)
[1659907326] livestatus: Timeperiod cache not updated, there are no timeperiods (yet)
[1659907387] livestatus: Timeperiod cache not updated, there are no timeperiods (yet)
[1659907447] livestatus: Timeperiod cache not updated, there are no timeperiods (yet)
[1659907507] livestatus: Timeperiod cache not updated, there are no timeperiods (yet)
[1659907567] livestatus: Timeperiod cache not updated, there are no timeperiods (yet)
[1659907627] livestatus: Timeperiod cache not updated, there are no timeperiods (yet)
[1659907687] livestatus: Timeperiod cache not updated, there are no timeperiods (yet)
[1659907747] livestatus: Timeperiod cache not updated, there are no timeperiods (yet)
[1659907807] livestatus: Timeperiod cache not updated, there are no timeperiods (yet)
[1659907867] livestatus: Timeperiod cache not updated, there are no timeperiods (yet)
[1659907927] livestatus: Timeperiod cache not updated, there are no timeperiods (yet)
[1659907988] livestatus: Timeperiod cache not updated, there are no timeperiods (yet)
[1659908048] livestatus: Timeperiod cache not updated, there are no timeperiods (yet)
[1659908108] livestatus: Timeperiod cache not updated, there are no timeperiods (yet)
[1659908168] livestatus: Timeperiod cache not updated, there are no timeperiods (yet)
[1659908228] livestatus: Timeperiod cache not updated, there are no timeperiods (yet)
[1659908288] livestatus: Timeperiod cache not updated, there are no timeperiods (yet)
[1659908348] livestatus: Timeperiod cache not updated, there are no timeperiods (yet)
[1659908408] livestatus: Timeperiod cache not updated, there are no timeperiods (yet)
[1659908468] livestatus: Timeperiod cache not updated, there are no timeperiods (yet)
[1659908528] livestatus: Timeperiod cache not updated, there are no timeperiods (yet)
[1659908588] livestatus: Timeperiod cache not updated, there are no timeperiods (yet)
[1659908649] livestatus: Timeperiod cache not updated, there are no timeperiods (yet)
[1659908709] livestatus: Timeperiod cache not updated, there are no timeperiods (yet)
[1659908769] livestatus: Timeperiod cache not updated, there are no timeperiods (yet)
[1659908829] livestatus: Timeperiod cache not updated, there are no timeperiods (yet)
[1659908889] livestatus: Timeperiod cache not updated, there are no timeperiods (yet)
[1659908949] livestatus: Timeperiod cache not updated, there are no timeperiods (yet)
[1659909009] livestatus: Timeperiod cache not updated, there are no timeperiods (yet)
[1659909069] livestatus: Timeperiod cache not updated, there are no timeperiods (yet)
[1659909129] livestatus: Timeperiod cache not updated, there are no timeperiods (yet)
[1659909189] livestatus: Timeperiod cache not updated, there are no timeperiods (yet)
[1659909249] livestatus: Timeperiod cache not updated, there are no timeperiods (yet)
[1659909310] livestatus: Timeperiod cache not updated, there are no timeperiods (yet)
[1659909370] livestatus: Timeperiod cache not updated, there are no timeperiods (yet)
[1659909430] livestatus: Timeperiod cache not updated, there are no timeperiods (yet)
[1659909490] livestatus: Timeperiod cache not updated, there are no timeperiods (yet)
[1659909550] livestatus: Timeperiod cache not updated, there are no timeperiods (yet)
[1659909610] livestatus: Timeperiod cache not updated, there are no timeperiods (yet)
[1659909670] livestatus: Timeperiod cache not updated, there are no timeperiods (yet)
[1659909730] livestatus: Timeperiod cache not updated, there are no timeperiods (yet)
[1659909790] livestatus: Timeperiod cache not updated, there are no timeperiods (yet)
[1659909850] livestatus: Timeperiod cache not updated, there are no timeperiods (yet)
[1659909910] livestatus: Timeperiod cache not updated, there are no timeperiods (yet)
[1659909971] livestatus: Timeperiod cache not updated, there are no timeperiods (yet)
[1659910031] livestatus: Timeperiod cache not updated, there are no timeperiods (yet)
[1659910091] livestatus: Timeperiod cache not updated, there are no timeperiods (yet)
[1659910151] livestatus: Timeperiod cache not updated, there are no timeperiods (yet)
[1659910211] livestatus: Timeperiod cache not updated, there are no timeperiods (yet)
[1659910271] livestatus: Timeperiod cache not updated, there are no timeperiods (yet)
[1659910331] livestatus: Timeperiod cache not updated, there are no timeperiods (yet)
[1659910385] Auto-save of retention data completed successfully.
[1659910391] livestatus: Timeperiod cache not updated, there are no timeperiods (yet)
[1659910451] livestatus: Timeperiod cache not updated, there are no timeperiods (yet)
[1659910511] livestatus: Timeperiod cache not updated, there are no timeperiods (yet)
[1659910571] livestatus: Timeperiod cache not updated, there are no timeperiods (yet)
[1659910632] livestatus: Timeperiod cache not updated, there are no timeperiods (yet)
[1659910692] livestatus: Timeperiod cache not updated, there are no timeperiods (yet)
[1659910752] livestatus: Timeperiod cache not updated, there are no timeperiods (yet)
[1659910812] livestatus: Timeperiod cache not updated, there are no timeperiods (yet)
[1659910872] livestatus: Timeperiod cache not updated, there are no timeperiods (yet)
[1659910932] livestatus: Timeperiod cache not updated, there are no timeperiods (yet)
[1659910992] livestatus: Timeperiod cache not updated, there are no timeperiods (yet)
[1659911052] livestatus: Timeperiod cache not updated, there are no timeperiods (yet)
[1659911112] livestatus: Timeperiod cache not updated, there are no timeperiods (yet)
[1659911172] livestatus: Timeperiod cache not updated, there are no timeperiods (yet)
[1659911232] livestatus: Timeperiod cache not updated, there are no timeperiods (yet)
[1659911293] livestatus: Timeperiod cache not updated, there are no timeperiods (yet)
[1659911353] livestatus: Timeperiod cache not updated, there are no timeperiods (yet)
[1659911413] livestatus: Timeperiod cache not updated, there are no timeperiods (yet)
[1659911473] livestatus: Timeperiod cache not updated, there are no timeperiods (yet)
[1659911533] livestatus: Timeperiod cache not updated, there are no timeperiods (yet)
[1659911593] livestatus: Timeperiod cache not updated, there are no timeperiods (yet)
[1659911653] livestatus: Timeperiod cache not updated, there are no timeperiods (yet)
[1659911713] livestatus: Timeperiod cache not updated, there are no timeperiods (yet)
[1659911773] livestatus: Timeperiod cache not updated, there are no timeperiods (yet)
[1659911833] livestatus: Timeperiod cache not updated, there are no timeperiods (yet)
[1659911893] livestatus: Timeperiod cache not updated, there are no timeperiods (yet)
[1659911954] livestatus: Timeperiod cache not updated, there are no timeperiods (yet)
[1659912014] livestatus: Timeperiod cache not updated, there are no timeperiods (yet)
[1659912074] livestatus: Timeperiod cache not updated, there are no timeperiods (yet)
[1659912134] livestatus: Timeperiod cache not updated, there are no timeperiods (yet)
[1659912194] livestatus: Timeperiod cache not updated, there are no timeperiods (yet)
[1659912254] livestatus: Timeperiod cache not updated, there are no timeperiods (yet)
[1659912314] livestatus: Timeperiod cache not updated, there are no timeperiods (yet)
[1659912374] livestatus: Timeperiod cache not updated, there are no timeperiods (yet)
[1659912434] livestatus: Timeperiod cache not updated, there are no timeperiods (yet)
[1659912494] livestatus: Timeperiod cache not updated, there are no timeperiods (yet)
[1659912554] livestatus: Timeperiod cache not updated, there are no timeperiods (yet)
[1659912615] livestatus: Timeperiod cache not updated, there are no timeperiods (yet)
[1659912675] livestatus: Timeperiod cache not updated, there are no timeperiods (yet)
[1659912735] livestatus: Timeperiod cache not updated, there are no timeperiods (yet)
[1659912795] livestatus: Timeperiod cache not updated, there are no timeperiods (yet)
[1659912855] livestatus: Timeperiod cache not updated, there are no timeperiods (yet)
[1659912915] livestatus: Timeperiod cache not updated, there are no timeperiods (yet)
[1659912975] livestatus: Timeperiod cache not updated, there are no timeperiods (yet)
[1659913035] livestatus: Timeperiod cache not updated, there are no timeperiods (yet)
[1659913095] livestatus: Timeperiod cache not updated, there are no timeperiods (yet)
[1659913155] livestatus: Timeperiod cache not updated, there are no timeperiods (yet)
[1659913216] livestatus: Timeperiod cache not updated, there are no timeperiods (yet)
[1659913276] livestatus: Timeperiod cache not updated, there are no timeperiods (yet)
[1659913336] livestatus: Timeperiod cache not updated, there are no timeperiods (yet)
[1659913396] livestatus: Timeperiod cache not updated, there are no timeperiods (yet)
[1659913456] livestatus: Timeperiod cache not updated, there are no timeperiods (yet)
[1659913516] livestatus: Timeperiod cache not updated, there are no timeperiods (yet)
[1659913576] livestatus: Timeperiod cache not updated, there are no timeperiods (yet)
[1659913636] livestatus: Timeperiod cache not updated, there are no timeperiods (yet)
[1659913696] livestatus: Timeperiod cache not updated, there are no timeperiods (yet)
[1659913756] livestatus: Timeperiod cache not updated, there are no timeperiods (yet)
[1659913816] livestatus: Timeperiod cache not updated, there are no timeperiods (yet)
[1659913877] livestatus: Timeperiod cache not updated, there are no timeperiods (yet)
[1659913937] livestatus: Timeperiod cache not updated, there are no timeperiods (yet)
[1659913985] Auto-save of retention data completed successfully.
[1659913997] livestatus: Timeperiod cache not updated, there are no timeperiods (yet)
[1659914057] livestatus: Timeperiod cache not updated, there are no timeperiods (yet)
[1659914117] livestatus: Timeperiod cache not updated, there are no timeperiods (yet)
[1659914177] livestatus: Timeperiod cache not updated, there are no timeperiods (yet)
[1659914237] livestatus: Timeperiod cache not updated, there are no timeperiods (yet)
[1659914297] livestatus: Timeperiod cache not updated, there are no timeperiods (yet)
[1659914357] livestatus: Timeperiod cache not updated, there are no timeperiods (yet)
[1659914417] livestatus: Timeperiod cache not updated, there are no timeperiods (yet)
[1659914477] livestatus: Timeperiod cache not updated, there are no timeperiods (yet)
[1659914538] livestatus: Timeperiod cache not updated, there are no timeperiods (yet)
[1659914598] livestatus: Timeperiod cache not updated, there are no timeperiods (yet)
[1659914658] livestatus: Timeperiod cache not updated, there are no timeperiods (yet)
[1659914718] livestatus: Timeperiod cache not updated, there are no timeperiods (yet)
[1659914778] livestatus: Timeperiod cache not updated, there are no timeperiods (yet)
[1659914838] livestatus: Timeperiod cache not updated, there are no timeperiods (yet)
[1659914898] livestatus: Timeperiod cache not updated, there are no timeperiods (yet)
[1659914958] livestatus: Timeperiod cache not updated, there are no timeperiods (yet)
[1659915018] livestatus: Timeperiod cache not updated, there are no timeperiods (yet)
[1659915078] livestatus: Timeperiod cache not updated, there are no timeperiods (yet)
[1659915138] livestatus: Timeperiod cache not updated, there are no timeperiods (yet)
[1659915199] livestatus: Timeperiod cache not updated, there are no timeperiods (yet)
[1659915259] livestatus: Timeperiod cache not updated, there are no timeperiods (yet)
[1659915319] livestatus: Timeperiod cache not updated, there are no timeperiods (yet)
[1659915379] livestatus: Timeperiod cache not updated, there are no timeperiods (yet)
[1659915439] livestatus: Timeperiod cache not updated, there are no timeperiods (yet)
[1659915499] livestatus: Timeperiod cache not updated, there are no timeperiods (yet)
[1659915559] livestatus: Timeperiod cache not updated, there are no timeperiods (yet)
[1659915619] livestatus: Timeperiod cache not updated, there are no timeperiods (yet)
[1659915679] livestatus: Timeperiod cache not updated, there are no timeperiods (yet)
[1659915739] livestatus: Timeperiod cache not updated, there are no timeperiods (yet)
[1659915799] livestatus: Timeperiod cache not updated, there are no timeperiods (yet)
[1659915860] livestatus: Timeperiod cache not updated, there are no timeperiods (yet)
[1659915920] livestatus: Timeperiod cache not updated, there are no timeperiods (yet)
[1659915980] livestatus: Timeperiod cache not updated, there are no timeperiods (yet)
[1659916040] livestatus: Timeperiod cache not updated, there are no timeperiods (yet)
[1659916100] livestatus: Timeperiod cache not updated, there are no timeperiods (yet)
[1659916160] livestatus: Timeperiod cache not updated, there are no timeperiods (yet)
[1659916220] livestatus: Timeperiod cache not updated, there are no timeperiods (yet)
[1659916280] livestatus: Timeperiod cache not updated, there are no timeperiods (yet)
[1659916340] livestatus: Timeperiod cache not updated, there are no timeperiods (yet)
[1659916400] livestatus: Timeperiod cache not updated, there are no timeperiods (yet)
[1659916460] livestatus: Timeperiod cache not updated, there are no timeperiods (yet)
[1659916521] livestatus: Timeperiod cache not updated, there are no timeperiods (yet)
[1659916581] livestatus: Timeperiod cache not updated, there are no timeperiods (yet)
[1659916641] livestatus: Timeperiod cache not updated, there are no timeperiods (yet)
[1659916701] livestatus: Timeperiod cache not updated, there are no timeperiods (yet)
[1659916761] livestatus: Timeperiod cache not updated, there are no timeperiods (yet)
[1659916821] livestatus: Timeperiod cache not updated, there are no timeperiods (yet)
[1659916881] livestatus: Timeperiod cache not updated, there are no timeperiods (yet)
[1659916941] livestatus: Timeperiod cache not updated, there are no timeperiods (yet)
[1659917001] livestatus: Timeperiod cache not updated, there are no timeperiods (yet)
[1659917061] livestatus: Timeperiod cache not updated, there are no timeperiods (yet)
[1659917121] livestatus: Timeperiod cache not updated, there are no timeperiods (yet)
[1659917182] livestatus: Timeperiod cache not updated, there are no timeperiods (yet)
[1659917242] livestatus: Timeperiod cache not updated, there are no timeperiods (yet)
[1659917302] livestatus: Timeperiod cache not updated, there are no timeperiods (yet)
[1659917362] livestatus: Timeperiod cache not updated, there are no timeperiods (yet)
[1659917422] livestatus: Timeperiod cache not updated, there are no timeperiods (yet)
[1659917482] livestatus: Timeperiod cache not updated, there are no timeperiods (yet)
[1659917542] livestatus: Timeperiod cache not updated, there are no timeperiods (yet)
[1659917585] Auto-save of retention data completed successfully.
[1659917602] livestatus: Timeperiod cache not updated, there are no timeperiods (yet)
[1659917662] livestatus: Timeperiod cache not updated, there are no timeperiods (yet)
[1659917722] livestatus: Timeperiod cache not updated, there are no timeperiods (yet)
[1659917782] livestatus: Timeperiod cache not updated, there are no timeperiods (yet)
[1659917843] livestatus: Timeperiod cache not updated, there are no timeperiods (yet)
[1659917903] livestatus: Timeperiod cache not updated, there are no timeperiods (yet)
[1659917963] livestatus: Timeperiod cache not updated, there are no timeperiods (yet)
[1659918023] livestatus: Timeperiod cache not updated, there are no timeperiods (yet)
[1659918083] livestatus: Timeperiod cache not updated, there are no timeperiods (yet)
[1659918143] livestatus: Timeperiod cache not updated, there are no timeperiods (yet)
[1659918203] livestatus: Timeperiod cache not updated, there are no timeperiods (yet)
[1659918263] livestatus: Timeperiod cache not updated, there are no timeperiods (yet)
[1659918323] livestatus: Timeperiod cache not updated, there are no timeperiods (yet)
[1659918383] livestatus: Timeperiod cache not updated, there are no timeperiods (yet)
[1659918443] livestatus: Timeperiod cache not updated, there are no timeperiods (yet)
[1659918504] livestatus: Timeperiod cache not updated, there are no timeperiods (yet)
[1659918564] livestatus: Timeperiod cache not updated, there are no timeperiods (yet)
[1659918624] livestatus: Timeperiod cache not updated, there are no timeperiods (yet)
[1659918684] livestatus: Timeperiod cache not updated, there are no timeperiods (yet)
[1659918744] livestatus: Timeperiod cache not updated, there are no timeperiods (yet)
[1659918804] livestatus: Timeperiod cache not updated, there are no timeperiods (yet)
[1659918864] livestatus: Timeperiod cache not updated, there are no timeperiods (yet)
[1659918924] livestatus: Timeperiod cache not updated, there are no timeperiods (yet)
[1659918984] livestatus: Timeperiod cache not updated, there are no timeperiods (yet)
[1659919044] livestatus: Timeperiod cache not updated, there are no timeperiods (yet)
[1659919104] livestatus: Timeperiod cache not updated, there are no timeperiods (yet)
[1659919165] livestatus: Timeperiod cache not updated, there are no timeperiods (yet)
[1659919225] livestatus: Timeperiod cache not updated, there are no timeperiods (yet)
[1659919285] livestatus: Timeperiod cache not updated, there are no timeperiods (yet)
[1659919345] livestatus: Timeperiod cache not updated, there are no timeperiods (yet)
[1659919405] livestatus: Timeperiod cache not updated, there are no timeperiods (yet)
[1659919465] livestatus: Timeperiod cache not updated, there are no timeperiods (yet)
[1659919525] livestatus: Timeperiod cache not updated, there are no timeperiods (yet)
[1659919585] livestatus: Timeperiod cache not updated, there are no timeperiods (yet)
[1659919645] livestatus: Timeperiod cache not updated, there are no timeperiods (yet)
[1659919705] livestatus: Timeperiod cache not updated, there are no timeperiods (yet)
[1659919766] livestatus: Timeperiod cache not updated, there are no timeperiods (yet)
[1659919826] livestatus: Timeperiod cache not updated, there are no timeperiods (yet)
[1659919886] livestatus: Timeperiod cache not updated, there are no timeperiods (yet)
[1659919946] livestatus: Timeperiod cache not updated, there are no timeperiods (yet)
[1659920006] livestatus: Timeperiod cache not updated, there are no timeperiods (yet)
[1659920066] livestatus: Timeperiod cache not updated, there are no timeperiods (yet)
[1659920126] livestatus: Timeperiod cache not updated, there are no timeperiods (yet)
[1659920186] livestatus: Timeperiod cache not updated, there are no timeperiods (yet)
[1659920246] livestatus: Timeperiod cache not updated, there are no timeperiods (yet)
[1659920306] livestatus: Timeperiod cache not updated, there are no timeperiods (yet)
[1659920366] livestatus: Timeperiod cache not updated, there are no timeperiods (yet)
[1659920427] livestatus: Timeperiod cache not updated, there are no timeperiods (yet)
[1659920487] livestatus: Timeperiod cache not updated, there are no timeperiods (yet)
[1659920547] livestatus: Timeperiod cache not updated, there are no timeperiods (yet)
[1659920607] livestatus: Timeperiod cache not updated, there are no timeperiods (yet)
[1659920667] livestatus: Timeperiod cache not updated, there are no timeperiods (yet)
[1659920727] livestatus: Timeperiod cache not updated, there are no timeperiods (yet)
[1659920787] livestatus: Timeperiod cache not updated, there are no timeperiods (yet)
[1659920847] livestatus: Timeperiod cache not updated, there are no timeperiods (yet)
[1659920907] livestatus: Timeperiod cache not updated, there are no timeperiods (yet)
[1659920967] livestatus: Timeperiod cache not updated, there are no timeperiods (yet)
[1659921027] livestatus: Timeperiod cache not updated, there are no timeperiods (yet)
[1659921088] livestatus: Timeperiod cache not updated, there are no timeperiods (yet)
[1659921148] livestatus: Timeperiod cache not updated, there are no timeperiods (yet)
[1659921185] Auto-save of retention data completed successfully.
[1659921208] livestatus: Timeperiod cache not updated, there are no timeperiods (yet)
[1659921268] livestatus: Timeperiod cache not updated, there are no timeperiods (yet)
[1659921328] livestatus: Timeperiod cache not updated, there are no timeperiods (yet)
[1659921388] livestatus: Timeperiod cache not updated, there are no timeperiods (yet)
[1659921448] livestatus: Timeperiod cache not updated, there are no timeperiods (yet)
[1659921508] livestatus: Timeperiod cache not updated, there are no timeperiods (yet)
[1659921568] livestatus: Timeperiod cache not updated, there are no timeperiods (yet)
[1659921628] livestatus: Timeperiod cache not updated, there are no timeperiods (yet)
[1659921688] livestatus: Timeperiod cache not updated, there are no timeperiods (yet)
[1659921749] livestatus: Timeperiod cache not updated, there are no timeperiods (yet)
[1659921809] livestatus: Timeperiod cache not updated, there are no timeperiods (yet)
[1659921869] livestatus: Timeperiod cache not updated, there are no timeperiods (yet)
[1659921929] livestatus: Timeperiod cache not updated, there are no timeperiods (yet)
[1659921989] livestatus: Timeperiod cache not updated, there are no timeperiods (yet)
[1659922049] livestatus: Timeperiod cache not updated, there are no timeperiods (yet)
[1659922109] livestatus: Timeperiod cache not updated, there are no timeperiods (yet)
[1659922169] livestatus: Timeperiod cache not updated, there are no timeperiods (yet)
[1659922229] livestatus: Timeperiod cache not updated, there are no timeperiods (yet)
[1659922289] livestatus: Timeperiod cache not updated, there are no timeperiods (yet)
[1659922349] livestatus: Timeperiod cache not updated, there are no timeperiods (yet)
[1659922410] livestatus: Timeperiod cache not updated, there are no timeperiods (yet)
[1659922470] livestatus: Timeperiod cache not updated, there are no timeperiods (yet)
[1659922530] livestatus: Timeperiod cache not updated, there are no timeperiods (yet)
[1659922590] livestatus: Timeperiod cache not updated, there are no timeperiods (yet)
[1659922650] livestatus: Timeperiod cache not updated, there are no timeperiods (yet)
[1659922710] livestatus: Timeperiod cache not updated, there are no timeperiods (yet)
[1659922770] livestatus: Timeperiod cache not updated, there are no timeperiods (yet)
[1659922830] livestatus: Timeperiod cache not updated, there are no timeperiods (yet)
[1659922890] livestatus: Timeperiod cache not updated, there are no timeperiods (yet)
[1659922950] livestatus: Timeperiod cache not updated, there are no timeperiods (yet)
[1659923011] livestatus: Timeperiod cache not updated, there are no timeperiods (yet)
[1659923071] livestatus: Timeperiod cache not updated, there are no timeperiods (yet)
[1659923131] livestatus: Timeperiod cache not updated, there are no timeperiods (yet)
[1659923191] livestatus: Timeperiod cache not updated, there are no timeperiods (yet)
[1659923251] livestatus: Timeperiod cache not updated, there are no timeperiods (yet)
[1659923311] livestatus: Timeperiod cache not updated, there are no timeperiods (yet)
[1659923371] livestatus: Timeperiod cache not updated, there are no timeperiods (yet)
[1659923431] livestatus: Timeperiod cache not updated, there are no timeperiods (yet)
[1659923491] livestatus: Timeperiod cache not updated, there are no timeperiods (yet)
[1659923551] livestatus: Timeperiod cache not updated, there are no timeperiods (yet)
[1659923611] livestatus: Timeperiod cache not updated, there are no timeperiods (yet)
[1659923672] livestatus: Timeperiod cache not updated, there are no timeperiods (yet)
[1659923732] livestatus: Timeperiod cache not updated, there are no timeperiods (yet)
[1659923792] livestatus: Timeperiod cache not updated, there are no timeperiods (yet)
[1659923852] livestatus: Timeperiod cache not updated, there are no timeperiods (yet)
[1659923912] livestatus: Timeperiod cache not updated, there are no timeperiods (yet)
[1659923972] livestatus: Timeperiod cache not updated, there are no timeperiods (yet)
[1659924032] livestatus: Timeperiod cache not updated, there are no timeperiods (yet)
[1659924092] livestatus: Timeperiod cache not updated, there are no timeperiods (yet)
[1659924152] livestatus: Timeperiod cache not updated, there are no timeperiods (yet)
[1659924212] livestatus: Timeperiod cache not updated, there are no timeperiods (yet)
[1659924272] livestatus: Timeperiod cache not updated, there are no timeperiods (yet)
[1659924333] livestatus: Timeperiod cache not updated, there are no timeperiods (yet)
[1659924393] livestatus: Timeperiod cache not updated, there are no timeperiods (yet)
[1659924453] livestatus: Timeperiod cache not updated, there are no timeperiods (yet)
[1659924513] livestatus: Timeperiod cache not updated, there are no timeperiods (yet)
[1659924573] livestatus: Timeperiod cache not updated, there are no timeperiods (yet)
[1659924633] livestatus: Timeperiod cache not updated, there are no timeperiods (yet)
[1659924693] livestatus: Timeperiod cache not updated, there are no timeperiods (yet)
[1659924753] livestatus: Timeperiod cache not updated, there are no timeperiods (yet)
[1659924785] Auto-save of retention data completed successfully.
[1659924813] livestatus: Timeperiod cache not updated, there are no timeperiods (yet)
[1659924873] livestatus: Timeperiod cache not updated, there are no timeperiods (yet)
[1659924933] livestatus: Timeperiod cache not updated, there are no timeperiods (yet)
[1659924994] livestatus: Timeperiod cache not updated, there are no timeperiods (yet)
[1659925054] livestatus: Timeperiod cache not updated, there are no timeperiods (yet)
[1659925114] livestatus: Timeperiod cache not updated, there are no timeperiods (yet)
[1659925174] livestatus: Timeperiod cache not updated, there are no timeperiods (yet)
[1659925234] livestatus: Timeperiod cache not updated, there are no timeperiods (yet)
[1659925294] livestatus: Timeperiod cache not updated, there are no timeperiods (yet)
[1659925354] livestatus: Timeperiod cache not updated, there are no timeperiods (yet)
[1659925414] livestatus: Timeperiod cache not updated, there are no timeperiods (yet)
[1659925474] livestatus: Timeperiod cache not updated, there are no timeperiods (yet)
[1659925534] livestatus: Timeperiod cache not updated, there are no timeperiods (yet)
[1659925594] livestatus: Timeperiod cache not updated, there are no timeperiods (yet)
[1659925655] livestatus: Timeperiod cache not updated, there are no timeperiods (yet)
[1659925715] livestatus: Timeperiod cache not updated, there are no timeperiods (yet)
[1659925775] livestatus: Timeperiod cache not updated, there are no timeperiods (yet)
[1659925835] livestatus: Timeperiod cache not updated, there are no timeperiods (yet)
[1659925895] livestatus: Timeperiod cache not updated, there are no timeperiods (yet)
[1659925955] livestatus: Timeperiod cache not updated, there are no timeperiods (yet)
[1659926015] livestatus: Timeperiod cache not updated, there are no timeperiods (yet)
[1659926075] livestatus: Timeperiod cache not updated, there are no timeperiods (yet)
[1659926135] livestatus: Timeperiod cache not updated, there are no timeperiods (yet)
[1659926195] livestatus: Timeperiod cache not updated, there are no timeperiods (yet)
[1659926255] livestatus: Timeperiod cache not updated, there are no timeperiods (yet)
[1659926316] livestatus: Timeperiod cache not updated, there are no timeperiods (yet)
[1659926376] livestatus: Timeperiod cache not updated, there are no timeperiods (yet)
[1659926436] livestatus: Timeperiod cache not updated, there are no timeperiods (yet)
[1659926496] livestatus: Timeperiod cache not updated, there are no timeperiods (yet)
[1659926556] livestatus: Timeperiod cache not updated, there are no timeperiods (yet)
[1659926616] livestatus: Timeperiod cache not updated, there are no timeperiods (yet)
[1659926676] livestatus: Timeperiod cache not updated, there are no timeperiods (yet)
[1659926736] livestatus: Timeperiod cache not updated, there are no timeperiods (yet)
[1659926796] livestatus: Timeperiod cache not updated, there are no timeperiods (yet)
[1659926856] livestatus: Timeperiod cache not updated, there are no timeperiods (yet)
[1659926916] livestatus: Timeperiod cache not updated, there are no timeperiods (yet)
[1659926977] livestatus: Timeperiod cache not updated, there are no timeperiods (yet)
[1659927037] livestatus: Timeperiod cache not updated, there are no timeperiods (yet)
[1659927097] livestatus: Timeperiod cache not updated, there are no timeperiods (yet)
[1659927157] livestatus: Timeperiod cache not updated, there are no timeperiods (yet)
[1659927217] livestatus: Timeperiod cache not updated, there are no timeperiods (yet)
[1659927277] livestatus: Timeperiod cache not updated, there are no timeperiods (yet)
[1659927337] livestatus: Timeperiod cache not updated, there are no timeperiods (yet)
[1659927397] livestatus: Timeperiod cache not updated, there are no timeperiods (yet)
[1659927457] livestatus: Timeperiod cache not updated, there are no timeperiods (yet)
[1659927517] livestatus: Timeperiod cache not updated, there are no timeperiods (yet)
[1659927577] livestatus: Timeperiod cache not updated, there are no timeperiods (yet)
[1659927638] livestatus: Timeperiod cache not updated, there are no timeperiods (yet)
[1659927698] livestatus: Timeperiod cache not updated, there are no timeperiods (yet)
[1659927758] livestatus: Timeperiod cache not updated, there are no timeperiods (yet)
[1659927818] livestatus: Timeperiod cache not updated, there are no timeperiods (yet)
[1659927878] livestatus: Timeperiod cache not updated, there are no timeperiods (yet)
[1659927938] livestatus: Timeperiod cache not updated, there are no timeperiods (yet)
[1659927998] livestatus: Timeperiod cache not updated, there are no timeperiods (yet)
[1659928058] livestatus: Timeperiod cache not updated, there are no timeperiods (yet)
[1659928118] livestatus: Timeperiod cache not updated, there are no timeperiods (yet)
[1659928178] livestatus: Timeperiod cache not updated, there are no timeperiods (yet)
[1659928238] livestatus: Timeperiod cache not updated, there are no timeperiods (yet)
[1659928299] livestatus: Timeperiod cache not updated, there are no timeperiods (yet)
[1659928359] livestatus: Timeperiod cache not updated, there are no timeperiods (yet)
[1659928385] Auto-save of retention data completed successfully.
[1659928419] livestatus: Timeperiod cache not updated, there are no timeperiods (yet)
[1659928479] livestatus: Timeperiod cache not updated, there are no timeperiods (yet)
[1659928539] livestatus: Timeperiod cache not updated, there are no timeperiods (yet)
[1659928599] livestatus: Timeperiod cache not updated, there are no timeperiods (yet)
[1659928659] livestatus: Timeperiod cache not updated, there are no timeperiods (yet)
[1659928719] livestatus: Timeperiod cache not updated, there are no timeperiods (yet)
[1659928779] livestatus: Timeperiod cache not updated, there are no timeperiods (yet)
[1659928839] livestatus: Timeperiod cache not updated, there are no timeperiods (yet)
[1659928899] livestatus: Timeperiod cache not updated, there are no timeperiods (yet)
[1659928960] livestatus: Timeperiod cache not updated, there are no timeperiods (yet)
[1659929020] livestatus: Timeperiod cache not updated, there are no timeperiods (yet)
[1659929080] livestatus: Timeperiod cache not updated, there are no timeperiods (yet)
[1659929140] livestatus: Timeperiod cache not updated, there are no timeperiods (yet)
[1659929200] livestatus: Timeperiod cache not updated, there are no timeperiods (yet)
[1659929260] livestatus: Timeperiod cache not updated, there are no timeperiods (yet)
[1659929320] livestatus: Timeperiod cache not updated, there are no timeperiods (yet)
[1659929380] livestatus: Timeperiod cache not updated, there are no timeperiods (yet)
[1659929440] livestatus: Timeperiod cache not updated, there are no timeperiods (yet)
[1659929500] livestatus: Timeperiod cache not updated, there are no timeperiods (yet)
[1659929560] livestatus: Timeperiod cache not updated, there are no timeperiods (yet)
[1659929621] livestatus: Timeperiod cache not updated, there are no timeperiods (yet)
[1659929681] livestatus: Timeperiod cache not updated, there are no timeperiods (yet)
[1659929741] livestatus: Timeperiod cache not updated, there are no timeperiods (yet)
[1659929801] livestatus: Timeperiod cache not updated, there are no timeperiods (yet)
[1659929861] livestatus: Timeperiod cache not updated, there are no timeperiods (yet)
[1659929921] livestatus: Timeperiod cache not updated, there are no timeperiods (yet)
[1659929981] livestatus: Timeperiod cache not updated, there are no timeperiods (yet)
[1659930041] livestatus: Timeperiod cache not updated, there are no timeperiods (yet)
[1659930101] livestatus: Timeperiod cache not updated, there are no timeperiods (yet)
[1659930161] livestatus: Timeperiod cache not updated, there are no timeperiods (yet)
[1659930221] livestatus: Timeperiod cache not updated, there are no timeperiods (yet)
[1659930282] livestatus: Timeperiod cache not updated, there are no timeperiods (yet)
[1659930342] livestatus: Timeperiod cache not updated, there are no timeperiods (yet)
[1659930402] livestatus: Timeperiod cache not updated, there are no timeperiods (yet)
[1659930462] livestatus: Timeperiod cache not updated, there are no timeperiods (yet)
[1659930522] livestatus: Timeperiod cache not updated, there are no timeperiods (yet)
[1659930582] livestatus: Timeperiod cache not updated, there are no timeperiods (yet)
[1659930642] livestatus: Timeperiod cache not updated, there are no timeperiods (yet)
[1659930702] livestatus: Timeperiod cache not updated, there are no timeperiods (yet)
[1659930762] livestatus: Timeperiod cache not updated, there are no timeperiods (yet)
[1659930822] livestatus: Timeperiod cache not updated, there are no timeperiods (yet)
[1659930882] livestatus: Timeperiod cache not updated, there are no timeperiods (yet)
[1659930943] livestatus: Timeperiod cache not updated, there are no timeperiods (yet)
[1659931003] livestatus: Timeperiod cache not updated, there are no timeperiods (yet)
[1659931063] livestatus: Timeperiod cache not updated, there are no timeperiods (yet)
[1659931123] livestatus: Timeperiod cache not updated, there are no timeperiods (yet)
[1659931183] livestatus: Timeperiod cache not updated, there are no timeperiods (yet)
[1659931200] livestatus: TIMEPERIOD TRANSITION: 24X7;1;1
