2022-08-07 06:13:05,686 [20] [cmk.mkeventd] -----------------------------------------------------------------
2022-08-07 06:13:05,686 [20] [cmk.mkeventd] mkeventd version 2.0.0p27 starting
2022-08-07 06:13:05,688 [20] [cmk.mkeventd.EventServer] Created FIFO '/omd/sites/cmk/tmp/run/mkeventd/events' for receiving events
2022-08-07 06:13:05,689 [20] [cmk.mkeventd.EventServer] Opened UNIX socket '/omd/sites/cmk/tmp/run/mkeventd/eventsocket' for receiving events
2022-08-07 06:13:05,690 [20] [cmk.mkeventd.EventServer] Compiled 0 active rules (ignoring 0 disabled rules)
2022-08-07 06:13:05,690 [20] [cmk.mkeventd.EventServer] Rule hash: 0 rules - 0 hashed, 0 unspecific
2022-08-07 06:13:05,696 [20] [cmk.mkeventd] Daemonized with PID 466.
2022-08-07 06:13:05,701 [20] [cmk.mkeventd.StatusServer] Starting up
2022-08-07 06:13:05,702 [20] [cmk.mkeventd.EventServer] Starting up
2022-08-13 11:04:29,011 [20] [cmk.mkeventd] -----------------------------------------------------------------
2022-08-13 11:04:29,011 [20] [cmk.mkeventd] mkeventd version 2.0.0p27 starting
2022-08-13 11:04:29,018 [20] [cmk.mkeventd.EventServer] Created FIFO '/omd/sites/cmk/tmp/run/mkeventd/events' for receiving events
2022-08-13 11:04:29,018 [20] [cmk.mkeventd.EventServer] Opened UNIX socket '/omd/sites/cmk/tmp/run/mkeventd/eventsocket' for receiving events
2022-08-13 11:04:29,020 [20] [cmk.mkeventd.EventStatus] Loaded event state from /omd/sites/cmk/var/mkeventd/status.
2022-08-13 11:04:29,020 [20] [cmk.mkeventd.EventServer] Compiled 0 active rules (ignoring 0 disabled rules)
2022-08-13 11:04:29,020 [20] [cmk.mkeventd.EventServer] Rule hash: 0 rules - 0 hashed, 0 unspecific
2022-08-13 11:04:29,031 [20] [cmk.mkeventd] Daemonized with PID 28.
2022-08-13 11:04:29,046 [20] [cmk.mkeventd.StatusServer] Starting up
2022-08-13 11:04:29,058 [20] [cmk.mkeventd.EventServer] Starting up
2022-08-13 14:15:18,629 [20] [cmk.mkeventd] Signalled to death by signal 15
2022-08-13 14:15:18,674 [20] [cmk.mkeventd.StatusServer] Terminated
2022-08-13 14:15:19,285 [20] [cmk.mkeventd.EventServer] Terminated
2022-08-13 14:15:19,399 [20] [cmk.mkeventd.EventServer] Top 20 of facility/priority:
2022-08-13 14:15:19,399 [20] [cmk.mkeventd] Successfully shut down.
2022-08-13 14:15:23,791 [20] [cmk.mkeventd] -----------------------------------------------------------------
2022-08-13 14:15:23,791 [20] [cmk.mkeventd] mkeventd version 2.0.0p27 starting
2022-08-13 14:15:23,794 [20] [cmk.mkeventd.EventServer] Created FIFO '/omd/sites/cmk/tmp/run/mkeventd/events' for receiving events
2022-08-13 14:15:23,795 [20] [cmk.mkeventd.EventServer] Opened UNIX socket '/omd/sites/cmk/tmp/run/mkeventd/eventsocket' for receiving events
2022-08-13 14:15:23,796 [20] [cmk.mkeventd.EventStatus] Loaded event state from /omd/sites/cmk/var/mkeventd/status.
2022-08-13 14:15:23,797 [20] [cmk.mkeventd.EventServer] Compiled 0 active rules (ignoring 0 disabled rules)
2022-08-13 14:15:23,797 [20] [cmk.mkeventd.EventServer] Rule hash: 0 rules - 0 hashed, 0 unspecific
2022-08-13 14:15:23,809 [20] [cmk.mkeventd] Daemonized with PID 28.
2022-08-13 14:15:23,826 [20] [cmk.mkeventd.StatusServer] Starting up
2022-08-13 14:15:23,827 [20] [cmk.mkeventd.EventServer] Starting up
2022-08-13 14:17:59,020 [20] [cmk.mkeventd] Signalled to death by signal 15
2022-08-13 14:17:59,038 [20] [cmk.mkeventd.EventServer] Terminated
2022-08-13 14:17:59,094 [20] [cmk.mkeventd.StatusServer] Terminated
2022-08-13 14:17:59,207 [20] [cmk.mkeventd.EventServer] Top 20 of facility/priority:
2022-08-13 14:17:59,208 [20] [cmk.mkeventd] Successfully shut down.
2022-08-13 14:18:02,432 [20] [cmk.mkeventd] -----------------------------------------------------------------
2022-08-13 14:18:02,432 [20] [cmk.mkeventd] mkeventd version 2.0.0p27 starting
2022-08-13 14:18:02,435 [20] [cmk.mkeventd.EventServer] Created FIFO '/omd/sites/cmk/tmp/run/mkeventd/events' for receiving events
2022-08-13 14:18:02,435 [20] [cmk.mkeventd.EventServer] Opened UNIX socket '/omd/sites/cmk/tmp/run/mkeventd/eventsocket' for receiving events
2022-08-13 14:18:02,436 [20] [cmk.mkeventd.EventStatus] Loaded event state from /omd/sites/cmk/var/mkeventd/status.
2022-08-13 14:18:02,436 [20] [cmk.mkeventd.EventServer] Compiled 0 active rules (ignoring 0 disabled rules)
2022-08-13 14:18:02,437 [20] [cmk.mkeventd.EventServer] Rule hash: 0 rules - 0 hashed, 0 unspecific
2022-08-13 14:18:02,443 [20] [cmk.mkeventd] Daemonized with PID 28.
2022-08-13 14:18:02,448 [20] [cmk.mkeventd.StatusServer] Starting up
2022-08-13 14:18:02,449 [20] [cmk.mkeventd.EventServer] Starting up
2022-08-21 07:21:26,581 [20] [cmk.mkeventd] -----------------------------------------------------------------
2022-08-21 07:21:26,582 [20] [cmk.mkeventd] mkeventd version 2.0.0p27 starting
2022-08-21 07:21:26,587 [20] [cmk.mkeventd.EventServer] Created FIFO '/omd/sites/cmk/tmp/run/mkeventd/events' for receiving events
2022-08-21 07:21:26,587 [20] [cmk.mkeventd.EventServer] Opened UNIX socket '/omd/sites/cmk/tmp/run/mkeventd/eventsocket' for receiving events
2022-08-21 07:21:26,589 [20] [cmk.mkeventd.EventStatus] Loaded event state from /omd/sites/cmk/var/mkeventd/status.
2022-08-21 07:21:26,590 [20] [cmk.mkeventd.EventServer] Compiled 0 active rules (ignoring 0 disabled rules)
2022-08-21 07:21:26,590 [20] [cmk.mkeventd.EventServer] Rule hash: 0 rules - 0 hashed, 0 unspecific
2022-08-21 07:21:26,615 [20] [cmk.mkeventd] Daemonized with PID 28.
2022-08-21 07:21:26,621 [20] [cmk.mkeventd.StatusServer] Starting up
2022-08-21 07:21:26,637 [20] [cmk.mkeventd.EventServer] Starting up
2022-09-25 23:55:16,509 [20] [cmk.mkeventd] -----------------------------------------------------------------
2022-09-25 23:55:16,509 [20] [cmk.mkeventd] mkeventd version 2.0.0p27 starting
2022-09-25 23:55:16,514 [20] [cmk.mkeventd.EventServer] Created FIFO '/omd/sites/cmk/tmp/run/mkeventd/events' for receiving events
2022-09-25 23:55:16,515 [20] [cmk.mkeventd.EventServer] Opened UNIX socket '/omd/sites/cmk/tmp/run/mkeventd/eventsocket' for receiving events
2022-09-25 23:55:16,516 [20] [cmk.mkeventd.EventStatus] Loaded event state from /omd/sites/cmk/var/mkeventd/status.
2022-09-25 23:55:16,517 [20] [cmk.mkeventd.EventServer] Compiled 0 active rules (ignoring 0 disabled rules)
2022-09-25 23:55:16,517 [20] [cmk.mkeventd.EventServer] Rule hash: 0 rules - 0 hashed, 0 unspecific
2022-09-25 23:55:16,533 [20] [cmk.mkeventd] Daemonized with PID 27.
2022-09-25 23:55:16,544 [20] [cmk.mkeventd.StatusServer] Starting up
2022-09-25 23:55:16,545 [20] [cmk.mkeventd.EventServer] Starting up
2022-09-25 23:58:01,314 [20] [cmk.mkeventd] Signalled to death by signal 15
2022-09-25 23:58:01,348 [20] [cmk.mkeventd.StatusServer] Terminated
2022-09-25 23:58:01,810 [20] [cmk.mkeventd.EventServer] Terminated
2022-09-25 23:58:01,923 [20] [cmk.mkeventd.EventServer] Top 20 of facility/priority:
2022-09-25 23:58:01,923 [20] [cmk.mkeventd] Successfully shut down.
2022-09-25 23:59:17,584 [20] [cmk.mkeventd] -----------------------------------------------------------------
2022-09-25 23:59:17,584 [20] [cmk.mkeventd] mkeventd version 2.0.0p27 starting
2022-09-25 23:59:17,589 [20] [cmk.mkeventd.EventServer] Created FIFO '/omd/sites/cmk/tmp/run/mkeventd/events' for receiving events
2022-09-25 23:59:17,590 [20] [cmk.mkeventd.EventServer] Opened UNIX socket '/omd/sites/cmk/tmp/run/mkeventd/eventsocket' for receiving events
2022-09-25 23:59:17,591 [20] [cmk.mkeventd.EventStatus] Loaded event state from /omd/sites/cmk/var/mkeventd/status.
2022-09-25 23:59:17,592 [20] [cmk.mkeventd.EventServer] Compiled 0 active rules (ignoring 0 disabled rules)
2022-09-25 23:59:17,592 [20] [cmk.mkeventd.EventServer] Rule hash: 0 rules - 0 hashed, 0 unspecific
2022-09-25 23:59:17,611 [20] [cmk.mkeventd] Daemonized with PID 28.
2022-09-25 23:59:17,622 [20] [cmk.mkeventd.StatusServer] Starting up
2022-09-25 23:59:17,622 [20] [cmk.mkeventd.EventServer] Starting up
2022-09-26 00:14:11,176 [20] [cmk.mkeventd] Signalled to death by signal 15
2022-09-26 00:14:11,298 [20] [cmk.mkeventd.StatusServer] Terminated
2022-09-26 00:14:11,644 [20] [cmk.mkeventd.EventServer] Terminated
2022-09-26 00:14:11,762 [20] [cmk.mkeventd.EventServer] Top 20 of facility/priority:
2022-09-26 00:14:11,763 [20] [cmk.mkeventd] Successfully shut down.
2022-09-26 00:14:15,319 [20] [cmk.mkeventd] -----------------------------------------------------------------
2022-09-26 00:14:15,320 [20] [cmk.mkeventd] mkeventd version 2.0.0p27 starting
2022-09-26 00:14:15,323 [20] [cmk.mkeventd.EventServer] Created FIFO '/omd/sites/cmk/tmp/run/mkeventd/events' for receiving events
2022-09-26 00:14:15,324 [20] [cmk.mkeventd.EventServer] Opened UNIX socket '/omd/sites/cmk/tmp/run/mkeventd/eventsocket' for receiving events
2022-09-26 00:14:15,325 [20] [cmk.mkeventd.EventStatus] Loaded event state from /omd/sites/cmk/var/mkeventd/status.
2022-09-26 00:14:15,325 [20] [cmk.mkeventd.EventServer] Compiled 0 active rules (ignoring 0 disabled rules)
2022-09-26 00:14:15,325 [20] [cmk.mkeventd.EventServer] Rule hash: 0 rules - 0 hashed, 0 unspecific
2022-09-26 00:14:15,333 [20] [cmk.mkeventd] Daemonized with PID 29.
2022-09-26 00:14:15,337 [20] [cmk.mkeventd.StatusServer] Starting up
2022-09-26 00:14:15,338 [20] [cmk.mkeventd.EventServer] Starting up
2022-09-26 00:25:43,235 [20] [cmk.mkeventd] Signalled to death by signal 15
2022-09-26 00:25:43,250 [20] [cmk.mkeventd.StatusServer] Terminated
2022-09-26 00:25:43,303 [20] [cmk.mkeventd.EventServer] Terminated
2022-09-26 00:25:43,410 [20] [cmk.mkeventd.EventServer] Top 20 of facility/priority:
2022-09-26 00:25:43,411 [20] [cmk.mkeventd] Successfully shut down.
2022-09-26 00:25:46,493 [20] [cmk.mkeventd] -----------------------------------------------------------------
2022-09-26 00:25:46,493 [20] [cmk.mkeventd] mkeventd version 2.0.0p27 starting
2022-09-26 00:25:46,496 [20] [cmk.mkeventd.EventServer] Created FIFO '/omd/sites/cmk/tmp/run/mkeventd/events' for receiving events
2022-09-26 00:25:46,497 [20] [cmk.mkeventd.EventServer] Opened UNIX socket '/omd/sites/cmk/tmp/run/mkeventd/eventsocket' for receiving events
2022-09-26 00:25:46,498 [20] [cmk.mkeventd.EventStatus] Loaded event state from /omd/sites/cmk/var/mkeventd/status.
2022-09-26 00:25:46,498 [20] [cmk.mkeventd.EventServer] Compiled 0 active rules (ignoring 0 disabled rules)
2022-09-26 00:25:46,498 [20] [cmk.mkeventd.EventServer] Rule hash: 0 rules - 0 hashed, 0 unspecific
2022-09-26 00:25:46,505 [20] [cmk.mkeventd] Daemonized with PID 28.
2022-09-26 00:25:46,510 [20] [cmk.mkeventd.StatusServer] Starting up
2022-09-26 00:25:46,511 [20] [cmk.mkeventd.EventServer] Starting up
2022-10-13 21:03:08,485 [20] [cmk.mkeventd] Signalled to death by signal 15
2022-10-13 21:03:08,524 [20] [cmk.mkeventd.StatusServer] Terminated
2022-10-13 21:03:08,950 [20] [cmk.mkeventd.EventServer] Terminated
2022-10-13 21:03:09,066 [20] [cmk.mkeventd.EventServer] Top 20 of facility/priority:
2022-10-13 21:03:09,067 [20] [cmk.mkeventd] Successfully shut down.
2022-10-13 21:03:17,249 [20] [cmk.mkeventd] -----------------------------------------------------------------
2022-10-13 21:03:17,249 [20] [cmk.mkeventd] mkeventd version 2.0.0p27 starting
2022-10-13 21:03:17,253 [20] [cmk.mkeventd.EventServer] Created FIFO '/omd/sites/cmk/tmp/run/mkeventd/events' for receiving events
2022-10-13 21:03:17,253 [20] [cmk.mkeventd.EventServer] Opened UNIX socket '/omd/sites/cmk/tmp/run/mkeventd/eventsocket' for receiving events
2022-10-13 21:03:17,255 [20] [cmk.mkeventd.EventStatus] Loaded event state from /omd/sites/cmk/var/mkeventd/status.
2022-10-13 21:03:17,255 [20] [cmk.mkeventd.EventServer] Compiled 0 active rules (ignoring 0 disabled rules)
2022-10-13 21:03:17,255 [20] [cmk.mkeventd.EventServer] Rule hash: 0 rules - 0 hashed, 0 unspecific
2022-10-13 21:03:17,267 [20] [cmk.mkeventd] Daemonized with PID 28.
2022-10-13 21:03:17,276 [20] [cmk.mkeventd.StatusServer] Starting up
2022-10-13 21:03:17,280 [20] [cmk.mkeventd.EventServer] Starting up
2022-10-13 21:03:40,463 [20] [cmk.mkeventd] Signalled to death by signal 15
2022-10-13 21:03:40,467 [20] [cmk.mkeventd.StatusServer] Terminated
2022-10-13 21:03:41,326 [20] [cmk.mkeventd.EventServer] Terminated
2022-10-13 21:03:41,440 [20] [cmk.mkeventd.EventServer] Top 20 of facility/priority:
2022-10-13 21:03:41,440 [20] [cmk.mkeventd] Successfully shut down.
2022-10-13 21:03:45,720 [20] [cmk.mkeventd] -----------------------------------------------------------------
2022-10-13 21:03:45,720 [20] [cmk.mkeventd] mkeventd version 2.0.0p27 starting
2022-10-13 21:03:45,723 [20] [cmk.mkeventd.EventServer] Created FIFO '/omd/sites/cmk/tmp/run/mkeventd/events' for receiving events
2022-10-13 21:03:45,724 [20] [cmk.mkeventd.EventServer] Opened UNIX socket '/omd/sites/cmk/tmp/run/mkeventd/eventsocket' for receiving events
2022-10-13 21:03:45,725 [20] [cmk.mkeventd.EventStatus] Loaded event state from /omd/sites/cmk/var/mkeventd/status.
2022-10-13 21:03:45,726 [20] [cmk.mkeventd.EventServer] Compiled 0 active rules (ignoring 0 disabled rules)
2022-10-13 21:03:45,726 [20] [cmk.mkeventd.EventServer] Rule hash: 0 rules - 0 hashed, 0 unspecific
2022-10-13 21:03:45,733 [20] [cmk.mkeventd] Daemonized with PID 28.
2022-10-13 21:03:45,744 [20] [cmk.mkeventd.StatusServer] Starting up
2022-10-13 21:03:45,756 [20] [cmk.mkeventd.EventServer] Starting up
2022-10-13 21:05:21,933 [20] [cmk.mkeventd] Signalled to death by signal 15
2022-10-13 21:05:21,975 [20] [cmk.mkeventd.StatusServer] Terminated
2022-10-13 21:05:22,882 [20] [cmk.mkeventd.EventServer] Terminated
2022-10-13 21:05:22,996 [20] [cmk.mkeventd.EventServer] Top 20 of facility/priority:
2022-10-13 21:05:22,996 [20] [cmk.mkeventd] Successfully shut down.
2022-10-14 19:14:36,711 [20] [cmk.mkeventd] -----------------------------------------------------------------
2022-10-14 19:14:36,712 [20] [cmk.mkeventd] mkeventd version 2.0.0p27 starting
2022-10-14 19:14:36,722 [20] [cmk.mkeventd.EventServer] Created FIFO '/omd/sites/cmk/tmp/run/mkeventd/events' for receiving events
2022-10-14 19:14:36,723 [20] [cmk.mkeventd.EventServer] Opened UNIX socket '/omd/sites/cmk/tmp/run/mkeventd/eventsocket' for receiving events
2022-10-14 19:14:36,724 [20] [cmk.mkeventd.EventStatus] Loaded event state from /omd/sites/cmk/var/mkeventd/status.
2022-10-14 19:14:36,725 [20] [cmk.mkeventd.EventServer] Compiled 0 active rules (ignoring 0 disabled rules)
2022-10-14 19:14:36,725 [20] [cmk.mkeventd.EventServer] Rule hash: 0 rules - 0 hashed, 0 unspecific
2022-10-14 19:14:36,745 [20] [cmk.mkeventd] Daemonized with PID 28.
2022-10-14 19:14:36,779 [20] [cmk.mkeventd.StatusServer] Starting up
2022-10-14 19:14:36,781 [20] [cmk.mkeventd.EventServer] Starting up
2022-10-14 19:57:04,991 [20] [cmk.mkeventd] Signalled to death by signal 15
2022-10-14 19:57:05,165 [20] [cmk.mkeventd.StatusServer] Terminated
2022-10-14 19:57:05,503 [20] [cmk.mkeventd.EventServer] Terminated
2022-10-14 19:57:05,621 [20] [cmk.mkeventd.EventServer] Top 20 of facility/priority:
2022-10-14 19:57:05,622 [20] [cmk.mkeventd] Successfully shut down.
2022-10-14 19:57:09,803 [20] [cmk.mkeventd] -----------------------------------------------------------------
2022-10-14 19:57:09,803 [20] [cmk.mkeventd] mkeventd version 2.0.0p27 starting
2022-10-14 19:57:09,805 [20] [cmk.mkeventd.EventServer] Created FIFO '/omd/sites/cmk/tmp/run/mkeventd/events' for receiving events
2022-10-14 19:57:09,806 [20] [cmk.mkeventd.EventServer] Opened UNIX socket '/omd/sites/cmk/tmp/run/mkeventd/eventsocket' for receiving events
2022-10-14 19:57:09,807 [20] [cmk.mkeventd.EventStatus] Loaded event state from /omd/sites/cmk/var/mkeventd/status.
2022-10-14 19:57:09,807 [20] [cmk.mkeventd.EventServer] Compiled 0 active rules (ignoring 0 disabled rules)
2022-10-14 19:57:09,807 [20] [cmk.mkeventd.EventServer] Rule hash: 0 rules - 0 hashed, 0 unspecific
2022-10-14 19:57:09,822 [20] [cmk.mkeventd] Daemonized with PID 28.
2022-10-14 19:57:09,826 [20] [cmk.mkeventd.StatusServer] Starting up
2022-10-14 19:57:09,827 [20] [cmk.mkeventd.EventServer] Starting up
2022-10-15 01:27:31,461 [20] [cmk.mkeventd] Signalled to death by signal 15
2022-10-15 01:27:31,548 [20] [cmk.mkeventd.StatusServer] Terminated
2022-10-15 01:27:31,613 [20] [cmk.mkeventd.EventServer] Terminated
2022-10-15 01:27:31,726 [20] [cmk.mkeventd.EventServer] Top 20 of facility/priority:
2022-10-15 01:27:31,727 [20] [cmk.mkeventd] Successfully shut down.
2022-10-15 01:27:37,274 [20] [cmk.mkeventd] -----------------------------------------------------------------
2022-10-15 01:27:37,274 [20] [cmk.mkeventd] mkeventd version 2.0.0p27 starting
2022-10-15 01:27:37,277 [20] [cmk.mkeventd.EventServer] Created FIFO '/omd/sites/cmk/tmp/run/mkeventd/events' for receiving events
2022-10-15 01:27:37,278 [20] [cmk.mkeventd.EventServer] Opened UNIX socket '/omd/sites/cmk/tmp/run/mkeventd/eventsocket' for receiving events
2022-10-15 01:27:37,279 [20] [cmk.mkeventd.EventStatus] Loaded event state from /omd/sites/cmk/var/mkeventd/status.
2022-10-15 01:27:37,280 [20] [cmk.mkeventd.EventServer] Compiled 0 active rules (ignoring 0 disabled rules)
2022-10-15 01:27:37,280 [20] [cmk.mkeventd.EventServer] Rule hash: 0 rules - 0 hashed, 0 unspecific
2022-10-15 01:27:37,288 [20] [cmk.mkeventd] Daemonized with PID 28.
2022-10-15 01:27:37,295 [20] [cmk.mkeventd.StatusServer] Starting up
2022-10-15 01:27:37,335 [20] [cmk.mkeventd.EventServer] Starting up
2022-10-17 15:34:22,477 [20] [cmk.mkeventd] -----------------------------------------------------------------
2022-10-17 15:34:22,481 [20] [cmk.mkeventd] mkeventd version 2.0.0p27 starting
2022-10-17 15:34:22,490 [20] [cmk.mkeventd.EventServer] Created FIFO '/omd/sites/cmk/tmp/run/mkeventd/events' for receiving events
2022-10-17 15:34:22,490 [20] [cmk.mkeventd.EventServer] Opened UNIX socket '/omd/sites/cmk/tmp/run/mkeventd/eventsocket' for receiving events
2022-10-17 15:34:22,495 [20] [cmk.mkeventd.EventStatus] Loaded event state from /omd/sites/cmk/var/mkeventd/status.
2022-10-17 15:34:22,495 [20] [cmk.mkeventd.EventServer] Compiled 0 active rules (ignoring 0 disabled rules)
2022-10-17 15:34:22,495 [20] [cmk.mkeventd.EventServer] Rule hash: 0 rules - 0 hashed, 0 unspecific
2022-10-17 15:34:22,502 [20] [cmk.mkeventd] Daemonized with PID 28.
2022-10-17 15:34:22,532 [20] [cmk.mkeventd.StatusServer] Starting up
2022-10-17 15:34:22,541 [20] [cmk.mkeventd.EventServer] Starting up
2022-10-18 07:11:36,974 [20] [cmk.mkeventd] Signalled to death by signal 15
2022-10-18 07:11:36,995 [20] [cmk.mkeventd.EventServer] Terminated
2022-10-18 07:11:37,043 [20] [cmk.mkeventd.StatusServer] Terminated
2022-10-18 07:11:37,155 [20] [cmk.mkeventd.EventServer] Top 20 of facility/priority:
2022-10-18 07:11:37,155 [20] [cmk.mkeventd] Successfully shut down.
2022-10-18 07:11:40,660 [20] [cmk.mkeventd] -----------------------------------------------------------------
2022-10-18 07:11:40,660 [20] [cmk.mkeventd] mkeventd version 2.0.0p27 starting
2022-10-18 07:11:40,663 [20] [cmk.mkeventd.EventServer] Created FIFO '/omd/sites/cmk/tmp/run/mkeventd/events' for receiving events
2022-10-18 07:11:40,663 [20] [cmk.mkeventd.EventServer] Opened UNIX socket '/omd/sites/cmk/tmp/run/mkeventd/eventsocket' for receiving events
2022-10-18 07:11:40,664 [20] [cmk.mkeventd.EventStatus] Loaded event state from /omd/sites/cmk/var/mkeventd/status.
2022-10-18 07:11:40,665 [20] [cmk.mkeventd.EventServer] Compiled 0 active rules (ignoring 0 disabled rules)
2022-10-18 07:11:40,665 [20] [cmk.mkeventd.EventServer] Rule hash: 0 rules - 0 hashed, 0 unspecific
2022-10-18 07:11:40,671 [20] [cmk.mkeventd] Daemonized with PID 28.
2022-10-18 07:11:40,675 [20] [cmk.mkeventd.StatusServer] Starting up
2022-10-18 07:11:40,677 [20] [cmk.mkeventd.EventServer] Starting up
2022-10-18 19:40:08,021 [20] [cmk.mkeventd] -----------------------------------------------------------------
2022-10-18 19:40:08,022 [20] [cmk.mkeventd] mkeventd version 2.0.0p27 starting
2022-10-18 19:40:08,027 [20] [cmk.mkeventd.EventServer] Created FIFO '/omd/sites/cmk/tmp/run/mkeventd/events' for receiving events
2022-10-18 19:40:08,027 [20] [cmk.mkeventd.EventServer] Opened UNIX socket '/omd/sites/cmk/tmp/run/mkeventd/eventsocket' for receiving events
2022-10-18 19:40:08,029 [20] [cmk.mkeventd.EventStatus] Loaded event state from /omd/sites/cmk/var/mkeventd/status.
2022-10-18 19:40:08,030 [20] [cmk.mkeventd.EventServer] Compiled 0 active rules (ignoring 0 disabled rules)
2022-10-18 19:40:08,030 [20] [cmk.mkeventd.EventServer] Rule hash: 0 rules - 0 hashed, 0 unspecific
2022-10-18 19:40:08,047 [20] [cmk.mkeventd] Daemonized with PID 28.
2022-10-18 19:40:08,062 [20] [cmk.mkeventd.StatusServer] Starting up
2022-10-18 19:40:08,070 [20] [cmk.mkeventd.EventServer] Starting up
2022-10-25 22:09:05,756 [20] [cmk.mkeventd] Signalled to death by signal 15
2022-10-25 22:09:05,907 [20] [cmk.mkeventd.StatusServer] Terminated
2022-10-25 22:09:06,035 [20] [cmk.mkeventd.EventServer] Terminated
2022-10-25 22:09:06,156 [20] [cmk.mkeventd.EventServer] Top 20 of facility/priority:
2022-10-25 22:09:06,157 [20] [cmk.mkeventd] Successfully shut down.
2022-10-25 22:09:10,315 [20] [cmk.mkeventd] -----------------------------------------------------------------
2022-10-25 22:09:10,316 [20] [cmk.mkeventd] mkeventd version 2.0.0p27 starting
2022-10-25 22:09:10,321 [20] [cmk.mkeventd.EventServer] Created FIFO '/omd/sites/cmk/tmp/run/mkeventd/events' for receiving events
2022-10-25 22:09:10,322 [20] [cmk.mkeventd.EventServer] Opened UNIX socket '/omd/sites/cmk/tmp/run/mkeventd/eventsocket' for receiving events
2022-10-25 22:09:10,323 [20] [cmk.mkeventd.EventStatus] Loaded event state from /omd/sites/cmk/var/mkeventd/status.
2022-10-25 22:09:10,324 [20] [cmk.mkeventd.EventServer] Compiled 0 active rules (ignoring 0 disabled rules)
2022-10-25 22:09:10,324 [20] [cmk.mkeventd.EventServer] Rule hash: 0 rules - 0 hashed, 0 unspecific
2022-10-25 22:09:10,330 [20] [cmk.mkeventd] Daemonized with PID 28.
2022-10-25 22:09:10,335 [20] [cmk.mkeventd.StatusServer] Starting up
2022-10-25 22:09:10,354 [20] [cmk.mkeventd.EventServer] Starting up
2022-11-25 18:52:30,859 [20] [cmk.mkeventd] -----------------------------------------------------------------
2022-11-25 18:52:30,860 [20] [cmk.mkeventd] mkeventd version 2.0.0p27 starting
2022-11-25 18:52:30,864 [20] [cmk.mkeventd.EventServer] Created FIFO '/omd/sites/cmk/tmp/run/mkeventd/events' for receiving events
2022-11-25 18:52:30,865 [20] [cmk.mkeventd.EventServer] Opened UNIX socket '/omd/sites/cmk/tmp/run/mkeventd/eventsocket' for receiving events
2022-11-25 18:52:30,867 [20] [cmk.mkeventd.EventStatus] Loaded event state from /omd/sites/cmk/var/mkeventd/status.
2022-11-25 18:52:30,867 [20] [cmk.mkeventd.EventServer] Compiled 0 active rules (ignoring 0 disabled rules)
2022-11-25 18:52:30,867 [20] [cmk.mkeventd.EventServer] Rule hash: 0 rules - 0 hashed, 0 unspecific
2022-11-25 18:52:30,879 [20] [cmk.mkeventd] Daemonized with PID 28.
2022-11-25 18:52:30,901 [20] [cmk.mkeventd.StatusServer] Starting up
2022-11-25 18:52:30,910 [20] [cmk.mkeventd.EventServer] Starting up
2022-11-25 20:44:54,546 [20] [cmk.mkeventd] -----------------------------------------------------------------
2022-11-25 20:44:54,546 [20] [cmk.mkeventd] mkeventd version 2.0.0p27 starting
2022-11-25 20:44:54,552 [20] [cmk.mkeventd.EventServer] Created FIFO '/omd/sites/cmk/tmp/run/mkeventd/events' for receiving events
2022-11-25 20:44:54,552 [20] [cmk.mkeventd.EventServer] Opened UNIX socket '/omd/sites/cmk/tmp/run/mkeventd/eventsocket' for receiving events
2022-11-25 20:44:54,554 [20] [cmk.mkeventd.EventStatus] Loaded event state from /omd/sites/cmk/var/mkeventd/status.
2022-11-25 20:44:54,555 [20] [cmk.mkeventd.EventServer] Compiled 0 active rules (ignoring 0 disabled rules)
2022-11-25 20:44:54,555 [20] [cmk.mkeventd.EventServer] Rule hash: 0 rules - 0 hashed, 0 unspecific
2022-11-25 20:44:54,569 [20] [cmk.mkeventd] Daemonized with PID 28.
2022-11-25 20:44:54,578 [20] [cmk.mkeventd.StatusServer] Starting up
2022-11-25 20:44:54,582 [20] [cmk.mkeventd.EventServer] Starting up
2022-11-25 21:15:55,421 [20] [cmk.mkeventd] Signalled to death by signal 15
2022-11-25 21:15:55,479 [20] [cmk.mkeventd.StatusServer] Terminated
2022-11-25 21:15:56,198 [20] [cmk.mkeventd.EventServer] Terminated
2022-11-25 21:15:56,312 [20] [cmk.mkeventd.EventServer] Top 20 of facility/priority:
2022-11-25 21:15:56,312 [20] [cmk.mkeventd] Successfully shut down.
2022-11-25 21:16:16,216 [20] [cmk.mkeventd] -----------------------------------------------------------------
2022-11-25 21:16:16,216 [20] [cmk.mkeventd] mkeventd version 2.0.0p27 starting
2022-11-25 21:16:16,219 [20] [cmk.mkeventd.EventServer] Created FIFO '/omd/sites/cmk/tmp/run/mkeventd/events' for receiving events
2022-11-25 21:16:16,220 [20] [cmk.mkeventd.EventServer] Opened UNIX socket '/omd/sites/cmk/tmp/run/mkeventd/eventsocket' for receiving events
2022-11-25 21:16:16,221 [20] [cmk.mkeventd.EventStatus] Loaded event state from /omd/sites/cmk/var/mkeventd/status.
2022-11-25 21:16:16,221 [20] [cmk.mkeventd.EventServer] Compiled 0 active rules (ignoring 0 disabled rules)
2022-11-25 21:16:16,221 [20] [cmk.mkeventd.EventServer] Rule hash: 0 rules - 0 hashed, 0 unspecific
2022-11-25 21:16:16,228 [20] [cmk.mkeventd] Daemonized with PID 28.
2022-11-25 21:16:16,232 [20] [cmk.mkeventd.StatusServer] Starting up
2022-11-25 21:16:16,234 [20] [cmk.mkeventd.EventServer] Starting up
