566:C 07 Aug 2022 06:13:06.153 # oO0OoO0OoO0Oo Redis is starting oO0OoO0OoO0Oo
566:C 07 Aug 2022 06:13:06.153 # Redis version=6.1.240, bits=64, commit=a46fc3f7, modified=1, pid=566, just started
566:C 07 Aug 2022 06:13:06.153 # Configuration loaded
566:M 07 Aug 2022 06:13:06.154 * monotonic clock: POSIX clock_gettime
566:M 07 Aug 2022 06:13:06.155 * Running mode=standalone, port=0.
566:M 07 Aug 2022 06:13:06.155 # Server initialized
566:M 07 Aug 2022 06:13:06.155 # WARNING overcommit_memory is set to 0! Background save may fail under low memory condition. To fix this issue add 'vm.overcommit_memory = 1' to /etc/sysctl.conf and then reboot or run the command 'sysctl vm.overcommit_memory=1' for this to take effect.
566:M 07 Aug 2022 06:13:06.156 * The server is now ready to accept connections at /omd/sites/cmk/tmp/run/redis
132:C 13 Aug 2022 11:04:30.709 # oO0OoO0OoO0Oo Redis is starting oO0OoO0OoO0Oo
132:C 13 Aug 2022 11:04:30.709 # Redis version=6.1.240, bits=64, commit=a46fc3f7, modified=1, pid=132, just started
132:C 13 Aug 2022 11:04:30.710 # Configuration loaded
132:M 13 Aug 2022 11:04:30.723 * monotonic clock: POSIX clock_gettime
132:M 13 Aug 2022 11:04:30.726 * Running mode=standalone, port=0.
132:M 13 Aug 2022 11:04:30.726 # Server initialized
132:M 13 Aug 2022 11:04:30.726 # WARNING overcommit_memory is set to 0! Background save may fail under low memory condition. To fix this issue add 'vm.overcommit_memory = 1' to /etc/sysctl.conf and then reboot or run the command 'sysctl vm.overcommit_memory=1' for this to take effect.
132:M 13 Aug 2022 11:04:30.729 * The server is now ready to accept connections at /omd/sites/cmk/tmp/run/redis
132:signal-handler (1660414514) Received SIGTERM scheduling shutdown...
132:M 13 Aug 2022 14:15:14.934 # User requested shutdown...
132:M 13 Aug 2022 14:15:14.934 * Removing the pid file.
132:M 13 Aug 2022 14:15:14.934 * Removing the unix socket file.
132:M 13 Aug 2022 14:15:14.934 # Redis is now ready to exit, bye bye...
128:C 13 Aug 2022 14:15:24.362 # oO0OoO0OoO0Oo Redis is starting oO0OoO0OoO0Oo
128:C 13 Aug 2022 14:15:24.362 # Redis version=6.1.240, bits=64, commit=a46fc3f7, modified=1, pid=128, just started
128:C 13 Aug 2022 14:15:24.362 # Configuration loaded
128:M 13 Aug 2022 14:15:24.363 * monotonic clock: POSIX clock_gettime
128:M 13 Aug 2022 14:15:24.364 * Running mode=standalone, port=0.
128:M 13 Aug 2022 14:15:24.364 # Server initialized
128:M 13 Aug 2022 14:15:24.364 # WARNING overcommit_memory is set to 0! Background save may fail under low memory condition. To fix this issue add 'vm.overcommit_memory = 1' to /etc/sysctl.conf and then reboot or run the command 'sysctl vm.overcommit_memory=1' for this to take effect.
128:M 13 Aug 2022 14:15:24.365 * The server is now ready to accept connections at /omd/sites/cmk/tmp/run/redis
128:signal-handler (1660414676) Received SIGTERM scheduling shutdown...
128:M 13 Aug 2022 14:17:56.238 # User requested shutdown...
128:M 13 Aug 2022 14:17:56.238 * Removing the pid file.
128:M 13 Aug 2022 14:17:56.238 * Removing the unix socket file.
128:M 13 Aug 2022 14:17:56.238 # Redis is now ready to exit, bye bye...
128:C 13 Aug 2022 14:18:02.881 # oO0OoO0OoO0Oo Redis is starting oO0OoO0OoO0Oo
128:C 13 Aug 2022 14:18:02.881 # Redis version=6.1.240, bits=64, commit=a46fc3f7, modified=1, pid=128, just started
128:C 13 Aug 2022 14:18:02.881 # Configuration loaded
128:M 13 Aug 2022 14:18:02.883 * monotonic clock: POSIX clock_gettime
128:M 13 Aug 2022 14:18:02.883 * Running mode=standalone, port=0.
128:M 13 Aug 2022 14:18:02.883 # Server initialized
128:M 13 Aug 2022 14:18:02.883 # WARNING overcommit_memory is set to 0! Background save may fail under low memory condition. To fix this issue add 'vm.overcommit_memory = 1' to /etc/sysctl.conf and then reboot or run the command 'sysctl vm.overcommit_memory=1' for this to take effect.
128:M 13 Aug 2022 14:18:02.884 * The server is now ready to accept connections at /omd/sites/cmk/tmp/run/redis
129:C 21 Aug 2022 07:21:27.628 # oO0OoO0OoO0Oo Redis is starting oO0OoO0OoO0Oo
129:C 21 Aug 2022 07:21:27.628 # Redis version=6.1.240, bits=64, commit=a46fc3f7, modified=1, pid=129, just started
129:C 21 Aug 2022 07:21:27.628 # Configuration loaded
129:M 21 Aug 2022 07:21:27.630 * monotonic clock: POSIX clock_gettime
129:M 21 Aug 2022 07:21:27.633 * Running mode=standalone, port=0.
129:M 21 Aug 2022 07:21:27.634 # Server initialized
129:M 21 Aug 2022 07:21:27.634 # WARNING overcommit_memory is set to 0! Background save may fail under low memory condition. To fix this issue add 'vm.overcommit_memory = 1' to /etc/sysctl.conf and then reboot or run the command 'sysctl vm.overcommit_memory=1' for this to take effect.
129:M 21 Aug 2022 07:21:27.637 * The server is now ready to accept connections at /omd/sites/cmk/tmp/run/redis
131:C 25 Sep 2022 23:55:17.848 # oO0OoO0OoO0Oo Redis is starting oO0OoO0OoO0Oo
131:C 25 Sep 2022 23:55:17.848 # Redis version=6.1.240, bits=64, commit=a46fc3f7, modified=1, pid=131, just started
131:C 25 Sep 2022 23:55:17.848 # Configuration loaded
131:M 25 Sep 2022 23:55:17.850 * monotonic clock: POSIX clock_gettime
131:M 25 Sep 2022 23:55:17.855 * Running mode=standalone, port=0.
131:M 25 Sep 2022 23:55:17.855 # Server initialized
131:M 25 Sep 2022 23:55:17.855 # WARNING overcommit_memory is set to 0! Background save may fail under low memory condition. To fix this issue add 'vm.overcommit_memory = 1' to /etc/sysctl.conf and then reboot or run the command 'sysctl vm.overcommit_memory=1' for this to take effect.
131:M 25 Sep 2022 23:55:17.857 * The server is now ready to accept connections at /omd/sites/cmk/tmp/run/redis
131:signal-handler (1664164677) Received SIGTERM scheduling shutdown...
131:M 25 Sep 2022 23:57:57.962 # User requested shutdown...
131:M 25 Sep 2022 23:57:57.962 * Removing the pid file.
131:M 25 Sep 2022 23:57:57.962 * Removing the unix socket file.
131:M 25 Sep 2022 23:57:57.962 # Redis is now ready to exit, bye bye...
129:C 25 Sep 2022 23:59:18.594 # oO0OoO0OoO0Oo Redis is starting oO0OoO0OoO0Oo
129:C 25 Sep 2022 23:59:18.594 # Redis version=6.1.240, bits=64, commit=a46fc3f7, modified=1, pid=129, just started
129:C 25 Sep 2022 23:59:18.594 # Configuration loaded
129:M 25 Sep 2022 23:59:18.596 * monotonic clock: POSIX clock_gettime
129:M 25 Sep 2022 23:59:18.610 * Running mode=standalone, port=0.
129:M 25 Sep 2022 23:59:18.610 # Server initialized
129:M 25 Sep 2022 23:59:18.610 # WARNING overcommit_memory is set to 0! Background save may fail under low memory condition. To fix this issue add 'vm.overcommit_memory = 1' to /etc/sysctl.conf and then reboot or run the command 'sysctl vm.overcommit_memory=1' for this to take effect.
129:M 25 Sep 2022 23:59:18.617 * The server is now ready to accept connections at /omd/sites/cmk/tmp/run/redis
129:signal-handler (1664165647) Received SIGTERM scheduling shutdown...
129:M 26 Sep 2022 00:14:07.466 # User requested shutdown...
129:M 26 Sep 2022 00:14:07.466 * Removing the pid file.
129:M 26 Sep 2022 00:14:07.466 * Removing the unix socket file.
129:M 26 Sep 2022 00:14:07.466 # Redis is now ready to exit, bye bye...
132:C 26 Sep 2022 00:14:15.881 # oO0OoO0OoO0Oo Redis is starting oO0OoO0OoO0Oo
132:C 26 Sep 2022 00:14:15.881 # Redis version=6.1.240, bits=64, commit=a46fc3f7, modified=1, pid=132, just started
132:C 26 Sep 2022 00:14:15.881 # Configuration loaded
132:M 26 Sep 2022 00:14:15.882 * monotonic clock: POSIX clock_gettime
132:M 26 Sep 2022 00:14:15.883 * Running mode=standalone, port=0.
132:M 26 Sep 2022 00:14:15.883 # Server initialized
132:M 26 Sep 2022 00:14:15.883 # WARNING overcommit_memory is set to 0! Background save may fail under low memory condition. To fix this issue add 'vm.overcommit_memory = 1' to /etc/sysctl.conf and then reboot or run the command 'sysctl vm.overcommit_memory=1' for this to take effect.
132:M 26 Sep 2022 00:14:15.884 * The server is now ready to accept connections at /omd/sites/cmk/tmp/run/redis
132:signal-handler (1664166339) Received SIGTERM scheduling shutdown...
132:M 26 Sep 2022 00:25:39.956 # User requested shutdown...
132:M 26 Sep 2022 00:25:39.956 * Removing the pid file.
132:M 26 Sep 2022 00:25:39.956 * Removing the unix socket file.
132:M 26 Sep 2022 00:25:39.956 # Redis is now ready to exit, bye bye...
128:C 26 Sep 2022 00:25:46.943 # oO0OoO0OoO0Oo Redis is starting oO0OoO0OoO0Oo
128:C 26 Sep 2022 00:25:46.943 # Redis version=6.1.240, bits=64, commit=a46fc3f7, modified=1, pid=128, just started
128:C 26 Sep 2022 00:25:46.943 # Configuration loaded
128:M 26 Sep 2022 00:25:46.945 * monotonic clock: POSIX clock_gettime
128:M 26 Sep 2022 00:25:46.945 * Running mode=standalone, port=0.
128:M 26 Sep 2022 00:25:46.945 # Server initialized
128:M 26 Sep 2022 00:25:46.946 # WARNING overcommit_memory is set to 0! Background save may fail under low memory condition. To fix this issue add 'vm.overcommit_memory = 1' to /etc/sysctl.conf and then reboot or run the command 'sysctl vm.overcommit_memory=1' for this to take effect.
128:M 26 Sep 2022 00:25:46.946 * The server is now ready to accept connections at /omd/sites/cmk/tmp/run/redis
128:signal-handler (1665709384) Received SIGTERM scheduling shutdown...
128:M 13 Oct 2022 21:03:04.887 # User requested shutdown...
128:M 13 Oct 2022 21:03:04.912 * Removing the pid file.
128:M 13 Oct 2022 21:03:04.912 * Removing the unix socket file.
128:M 13 Oct 2022 21:03:04.912 # Redis is now ready to exit, bye bye...
131:C 13 Oct 2022 21:03:17.965 # oO0OoO0OoO0Oo Redis is starting oO0OoO0OoO0Oo
131:C 13 Oct 2022 21:03:17.965 # Redis version=6.1.240, bits=64, commit=a46fc3f7, modified=1, pid=131, just started
131:C 13 Oct 2022 21:03:17.965 # Configuration loaded
131:M 13 Oct 2022 21:03:17.969 * monotonic clock: POSIX clock_gettime
131:M 13 Oct 2022 21:03:17.977 * Running mode=standalone, port=0.
131:M 13 Oct 2022 21:03:17.977 # Server initialized
131:M 13 Oct 2022 21:03:17.977 # WARNING overcommit_memory is set to 0! Background save may fail under low memory condition. To fix this issue add 'vm.overcommit_memory = 1' to /etc/sysctl.conf and then reboot or run the command 'sysctl vm.overcommit_memory=1' for this to take effect.
131:M 13 Oct 2022 21:03:17.979 * The server is now ready to accept connections at /omd/sites/cmk/tmp/run/redis
131:signal-handler (1665709417) Received SIGTERM scheduling shutdown...
131:M 13 Oct 2022 21:03:37.480 # User requested shutdown...
131:M 13 Oct 2022 21:03:37.480 * Removing the pid file.
131:M 13 Oct 2022 21:03:37.480 * Removing the unix socket file.
131:M 13 Oct 2022 21:03:37.480 # Redis is now ready to exit, bye bye...
128:C 13 Oct 2022 21:03:46.345 # oO0OoO0OoO0Oo Redis is starting oO0OoO0OoO0Oo
128:C 13 Oct 2022 21:03:46.345 # Redis version=6.1.240, bits=64, commit=a46fc3f7, modified=1, pid=128, just started
128:C 13 Oct 2022 21:03:46.345 # Configuration loaded
128:M 13 Oct 2022 21:03:46.347 * monotonic clock: POSIX clock_gettime
128:M 13 Oct 2022 21:03:46.348 * Running mode=standalone, port=0.
128:M 13 Oct 2022 21:03:46.348 # Server initialized
128:M 13 Oct 2022 21:03:46.348 # WARNING overcommit_memory is set to 0! Background save may fail under low memory condition. To fix this issue add 'vm.overcommit_memory = 1' to /etc/sysctl.conf and then reboot or run the command 'sysctl vm.overcommit_memory=1' for this to take effect.
128:M 13 Oct 2022 21:03:46.350 * The server is now ready to accept connections at /omd/sites/cmk/tmp/run/redis
128:signal-handler (1665709518) Received SIGTERM scheduling shutdown...
128:M 13 Oct 2022 21:05:18.736 # User requested shutdown...
128:M 13 Oct 2022 21:05:18.737 * Removing the pid file.
128:M 13 Oct 2022 21:05:18.737 * Removing the unix socket file.
128:M 13 Oct 2022 21:05:18.737 # Redis is now ready to exit, bye bye...
129:C 14 Oct 2022 19:14:38.393 # oO0OoO0OoO0Oo Redis is starting oO0OoO0OoO0Oo
129:C 14 Oct 2022 19:14:38.401 # Redis version=6.1.240, bits=64, commit=a46fc3f7, modified=1, pid=129, just started
129:C 14 Oct 2022 19:14:38.401 # Configuration loaded
129:M 14 Oct 2022 19:14:38.402 * monotonic clock: POSIX clock_gettime
129:M 14 Oct 2022 19:14:38.405 * Running mode=standalone, port=0.
129:M 14 Oct 2022 19:14:38.406 # Server initialized
129:M 14 Oct 2022 19:14:38.406 # WARNING overcommit_memory is set to 0! Background save may fail under low memory condition. To fix this issue add 'vm.overcommit_memory = 1' to /etc/sysctl.conf and then reboot or run the command 'sysctl vm.overcommit_memory=1' for this to take effect.
129:M 14 Oct 2022 19:14:38.409 * The server is now ready to accept connections at /omd/sites/cmk/tmp/run/redis
129:signal-handler (1665791819) Received SIGTERM scheduling shutdown...
129:M 14 Oct 2022 19:56:59.574 # User requested shutdown...
129:M 14 Oct 2022 19:56:59.574 * Removing the pid file.
129:M 14 Oct 2022 19:56:59.574 * Removing the unix socket file.
129:M 14 Oct 2022 19:56:59.574 # Redis is now ready to exit, bye bye...
128:C 14 Oct 2022 19:57:10.347 # oO0OoO0OoO0Oo Redis is starting oO0OoO0OoO0Oo
128:C 14 Oct 2022 19:57:10.347 # Redis version=6.1.240, bits=64, commit=a46fc3f7, modified=1, pid=128, just started
128:C 14 Oct 2022 19:57:10.347 # Configuration loaded
128:M 14 Oct 2022 19:57:10.349 * monotonic clock: POSIX clock_gettime
128:M 14 Oct 2022 19:57:10.350 * Running mode=standalone, port=0.
128:M 14 Oct 2022 19:57:10.350 # Server initialized
128:M 14 Oct 2022 19:57:10.350 # WARNING overcommit_memory is set to 0! Background save may fail under low memory condition. To fix this issue add 'vm.overcommit_memory = 1' to /etc/sysctl.conf and then reboot or run the command 'sysctl vm.overcommit_memory=1' for this to take effect.
128:M 14 Oct 2022 19:57:10.351 * The server is now ready to accept connections at /omd/sites/cmk/tmp/run/redis
128:signal-handler (1665811646) Received SIGTERM scheduling shutdown...
128:M 15 Oct 2022 01:27:26.895 # User requested shutdown...
128:M 15 Oct 2022 01:27:26.895 * Removing the pid file.
128:M 15 Oct 2022 01:27:26.895 * Removing the unix socket file.
128:M 15 Oct 2022 01:27:26.895 # Redis is now ready to exit, bye bye...
128:C 15 Oct 2022 01:27:37.987 # oO0OoO0OoO0Oo Redis is starting oO0OoO0OoO0Oo
128:C 15 Oct 2022 01:27:37.987 # Redis version=6.1.240, bits=64, commit=a46fc3f7, modified=1, pid=128, just started
128:C 15 Oct 2022 01:27:37.987 # Configuration loaded
128:M 15 Oct 2022 01:27:37.989 * monotonic clock: POSIX clock_gettime
128:M 15 Oct 2022 01:27:37.990 * Running mode=standalone, port=0.
128:M 15 Oct 2022 01:27:37.990 # Server initialized
128:M 15 Oct 2022 01:27:37.990 # WARNING overcommit_memory is set to 0! Background save may fail under low memory condition. To fix this issue add 'vm.overcommit_memory = 1' to /etc/sysctl.conf and then reboot or run the command 'sysctl vm.overcommit_memory=1' for this to take effect.
128:M 15 Oct 2022 01:27:37.990 * The server is now ready to accept connections at /omd/sites/cmk/tmp/run/redis
132:C 17 Oct 2022 15:34:24.277 # oO0OoO0OoO0Oo Redis is starting oO0OoO0OoO0Oo
132:C 17 Oct 2022 15:34:24.281 # Redis version=6.1.240, bits=64, commit=a46fc3f7, modified=1, pid=132, just started
132:C 17 Oct 2022 15:34:24.281 # Configuration loaded
132:M 17 Oct 2022 15:34:24.282 * monotonic clock: POSIX clock_gettime
132:M 17 Oct 2022 15:34:24.288 * Running mode=standalone, port=0.
132:M 17 Oct 2022 15:34:24.288 # Server initialized
132:M 17 Oct 2022 15:34:24.288 # WARNING overcommit_memory is set to 0! Background save may fail under low memory condition. To fix this issue add 'vm.overcommit_memory = 1' to /etc/sysctl.conf and then reboot or run the command 'sysctl vm.overcommit_memory=1' for this to take effect.
132:M 17 Oct 2022 15:34:24.293 * The server is now ready to accept connections at /omd/sites/cmk/tmp/run/redis
132:signal-handler (1666091493) Received SIGTERM scheduling shutdown...
132:M 18 Oct 2022 07:11:33.463 # User requested shutdown...
132:M 18 Oct 2022 07:11:33.463 * Removing the pid file.
132:M 18 Oct 2022 07:11:33.463 * Removing the unix socket file.
132:M 18 Oct 2022 07:11:33.463 # Redis is now ready to exit, bye bye...
128:C 18 Oct 2022 07:11:41.101 # oO0OoO0OoO0Oo Redis is starting oO0OoO0OoO0Oo
128:C 18 Oct 2022 07:11:41.101 # Redis version=6.1.240, bits=64, commit=a46fc3f7, modified=1, pid=128, just started
128:C 18 Oct 2022 07:11:41.101 # Configuration loaded
128:M 18 Oct 2022 07:11:41.102 * monotonic clock: POSIX clock_gettime
128:M 18 Oct 2022 07:11:41.103 * Running mode=standalone, port=0.
128:M 18 Oct 2022 07:11:41.103 # Server initialized
128:M 18 Oct 2022 07:11:41.103 # WARNING overcommit_memory is set to 0! Background save may fail under low memory condition. To fix this issue add 'vm.overcommit_memory = 1' to /etc/sysctl.conf and then reboot or run the command 'sysctl vm.overcommit_memory=1' for this to take effect.
128:M 18 Oct 2022 07:11:41.103 * The server is now ready to accept connections at /omd/sites/cmk/tmp/run/redis
159:C 18 Oct 2022 19:40:09.078 # oO0OoO0OoO0Oo Redis is starting oO0OoO0OoO0Oo
159:C 18 Oct 2022 19:40:09.078 # Redis version=6.1.240, bits=64, commit=a46fc3f7, modified=1, pid=159, just started
159:C 18 Oct 2022 19:40:09.078 # Configuration loaded
159:M 18 Oct 2022 19:40:09.081 * monotonic clock: POSIX clock_gettime
159:M 18 Oct 2022 19:40:09.086 * Running mode=standalone, port=0.
159:M 18 Oct 2022 19:40:09.086 # Server initialized
159:M 18 Oct 2022 19:40:09.086 # WARNING overcommit_memory is set to 0! Background save may fail under low memory condition. To fix this issue add 'vm.overcommit_memory = 1' to /etc/sysctl.conf and then reboot or run the command 'sysctl vm.overcommit_memory=1' for this to take effect.
159:M 18 Oct 2022 19:40:09.094 * The server is now ready to accept connections at /omd/sites/cmk/tmp/run/redis
159:signal-handler (1666750140) Received SIGTERM scheduling shutdown...
159:M 25 Oct 2022 22:09:00.675 # User requested shutdown...
159:M 25 Oct 2022 22:09:00.676 * Removing the pid file.
159:M 25 Oct 2022 22:09:00.676 * Removing the unix socket file.
159:M 25 Oct 2022 22:09:00.676 # Redis is now ready to exit, bye bye...
128:C 25 Oct 2022 22:09:10.955 # oO0OoO0OoO0Oo Redis is starting oO0OoO0OoO0Oo
128:C 25 Oct 2022 22:09:10.955 # Redis version=6.1.240, bits=64, commit=a46fc3f7, modified=1, pid=128, just started
128:C 25 Oct 2022 22:09:10.955 # Configuration loaded
128:M 25 Oct 2022 22:09:10.957 * monotonic clock: POSIX clock_gettime
128:M 25 Oct 2022 22:09:10.964 * Running mode=standalone, port=0.
128:M 25 Oct 2022 22:09:10.964 # Server initialized
128:M 25 Oct 2022 22:09:10.964 # WARNING overcommit_memory is set to 0! Background save may fail under low memory condition. To fix this issue add 'vm.overcommit_memory = 1' to /etc/sysctl.conf and then reboot or run the command 'sysctl vm.overcommit_memory=1' for this to take effect.
128:M 25 Oct 2022 22:09:10.965 * The server is now ready to accept connections at /omd/sites/cmk/tmp/run/redis
129:C 25 Nov 2022 18:52:31.775 # oO0OoO0OoO0Oo Redis is starting oO0OoO0OoO0Oo
129:C 25 Nov 2022 18:52:31.777 # Redis version=6.1.240, bits=64, commit=a46fc3f7, modified=1, pid=129, just started
129:C 25 Nov 2022 18:52:31.777 # Configuration loaded
129:M 25 Nov 2022 18:52:31.778 * monotonic clock: POSIX clock_gettime
129:M 25 Nov 2022 18:52:31.780 * Running mode=standalone, port=0.
129:M 25 Nov 2022 18:52:31.780 # Server initialized
129:M 25 Nov 2022 18:52:31.780 # WARNING overcommit_memory is set to 0! Background save may fail under low memory condition. To fix this issue add 'vm.overcommit_memory = 1' to /etc/sysctl.conf and then reboot or run the command 'sysctl vm.overcommit_memory=1' for this to take effect.
129:M 25 Nov 2022 18:52:31.782 * The server is now ready to accept connections at /omd/sites/cmk/tmp/run/redis
132:C 25 Nov 2022 20:44:55.680 # oO0OoO0OoO0Oo Redis is starting oO0OoO0OoO0Oo
132:C 25 Nov 2022 20:44:55.681 # Redis version=6.1.240, bits=64, commit=a46fc3f7, modified=1, pid=132, just started
132:C 25 Nov 2022 20:44:55.681 # Configuration loaded
132:M 25 Nov 2022 20:44:55.682 * monotonic clock: POSIX clock_gettime
132:M 25 Nov 2022 20:44:55.683 * Running mode=standalone, port=0.
132:M 25 Nov 2022 20:44:55.684 # Server initialized
132:M 25 Nov 2022 20:44:55.684 # WARNING overcommit_memory is set to 0! Background save may fail under low memory condition. To fix this issue add 'vm.overcommit_memory = 1' to /etc/sysctl.conf and then reboot or run the command 'sysctl vm.overcommit_memory=1' for this to take effect.
132:M 25 Nov 2022 20:44:55.685 * The server is now ready to accept connections at /omd/sites/cmk/tmp/run/redis
132:signal-handler (1669428951) Received SIGTERM scheduling shutdown...
132:M 25 Nov 2022 21:15:51.231 # User requested shutdown...
132:M 25 Nov 2022 21:15:51.231 * Removing the pid file.
132:M 25 Nov 2022 21:15:51.231 * Removing the unix socket file.
132:M 25 Nov 2022 21:15:51.231 # Redis is now ready to exit, bye bye...
128:C 25 Nov 2022 21:16:16.658 # oO0OoO0OoO0Oo Redis is starting oO0OoO0OoO0Oo
128:C 25 Nov 2022 21:16:16.658 # Redis version=6.1.240, bits=64, commit=a46fc3f7, modified=1, pid=128, just started
128:C 25 Nov 2022 21:16:16.658 # Configuration loaded
128:M 25 Nov 2022 21:16:16.660 * monotonic clock: POSIX clock_gettime
128:M 25 Nov 2022 21:16:16.661 * Running mode=standalone, port=0.
128:M 25 Nov 2022 21:16:16.661 # Server initialized
128:M 25 Nov 2022 21:16:16.661 # WARNING overcommit_memory is set to 0! Background save may fail under low memory condition. To fix this issue add 'vm.overcommit_memory = 1' to /etc/sysctl.conf and then reboot or run the command 'sysctl vm.overcommit_memory=1' for this to take effect.
128:M 25 Nov 2022 21:16:16.662 * The server is now ready to accept connections at /omd/sites/cmk/tmp/run/redis
